{"numTotalTestSuites":717,"numPassedTestSuites":717,"numFailedTestSuites":0,"numPendingTestSuites":0,"numTotalTests":1322,"numPassedTests":1322,"numFailedTests":0,"numPendingTests":0,"numTodoTests":0,"snapshot":{"added":0,"failure":false,"filesAdded":0,"filesRemoved":0,"filesRemovedList":[],"filesUnmatched":0,"filesUpdated":0,"matched":0,"total":0,"unchecked":0,"uncheckedKeysByFile":[],"unmatched":0,"updated":0,"didUpdate":false},"startTime":1787716317497,"success":true,"testResults":[{"assertionResults":[{"ancestorTitles":["vercel.json"],"fullName":"vercel.json deve ter installCommand instalando devDependencies (--prod=false)","status":"passed","title":"deve ter installCommand instalando devDependencies (--prod=false)","duration":2.4798000000000116,"failureMessages":[],"meta":{},"tags":[]},{"ancestorTitles":["vercel.json"],"fullName":"vercel.json deve ter buildCommand usando turbo vercel-build","status":"passed","title":"deve ter buildCommand usando turbo vercel-build","duration":0.33850000000001046,"failureMessages":[],"meta":{},"tags":[]},{"ancestorTitles":["vercel.json"],"fullName":"vercel.json deve apontar outputDirectory para apps/web/.next","status":"passed","title":"deve apontar outputDirectory para apps/web/.next","duration":0.6128999999999678,"failureMessages":[],"meta":{},"tags":[]},{"ancestorTitles":["turbo.json"],"fullName":"turbo.json deve expor NODE_ENV no globalEnv para evitar warning em produção","status":"passed","title":"deve expor NODE_ENV no globalEnv para evitar warning em produção","duration":1.2638000000000034,"failureMessages":[],"meta":{},"tags":[]},{"ancestorTitles":["turbo.json"],"fullName":"turbo.json deve manter variáveis de auth no globalEnv","status":"passed","title":"deve manter variáveis de auth no globalEnv","duration":0.6480000000000246,"failureMessages":[],"meta":{},"tags":[]},{"ancestorTitles":["turbo.json"],"fullName":"turbo.json deve ter tarefa build configurada com dependsOn [\"^build\"]","status":"passed","title":"deve ter tarefa build configurada com dependsOn [\"^build\"]","duration":0.9835999999999672,"failureMessages":[],"meta":{},"tags":[]},{"ancestorTitles":["turbo.json"],"fullName":"turbo.json deve ter tarefa dev sem cache e persistente","status":"passed","title":"deve ter tarefa dev sem cache e persistente","duration":0.25720000000001164,"failureMessages":[],"meta":{},"tags":[]}],"startTime":1787716535214,"endTime":1787716535221.257,"status":"passed","message":"","name":"C:/apps/mundoas/apps/web/__tests__/deploy-config.test.ts"},{"assertionResults":[{"ancestorTitles":["Middleware de Autenticação e Papéis"],"fullName":"Middleware de Autenticação e Papéis deve permitir acesso a rotas públicas","status":"passed","title":"deve permitir acesso a rotas públicas","duration":9.78690000000006,"failureMessages":[],"meta":{},"tags":[]},{"ancestorTitles":["Middleware de Autenticação e Papéis"],"fullName":"Middleware de Autenticação e Papéis deve redirecionar para /login se tentar acessar rota protegida sem token","status":"passed","title":"deve redirecionar para /login se tentar acessar rota protegida sem token","duration":3.1400000000001,"failureMessages":[],"meta":{},"tags":[]},{"ancestorTitles":["Middleware de Autenticação e Papéis"],"fullName":"Middleware de Autenticação e Papéis deve redirecionar se o usuário não tiver o tipo permitido para a rota","status":"passed","title":"deve redirecionar se o usuário não tiver o tipo permitido para a rota","duration":2.3906999999999243,"failureMessages":[],"meta":{},"tags":[]},{"ancestorTitles":["Middleware de Autenticação e Papéis"],"fullName":"Middleware de Autenticação e Papéis deve permitir acesso se o usuário tiver o tipo e papel corretos","status":"passed","title":"deve permitir acesso se o usuário tiver o tipo e papel corretos","duration":1.5242000000000644,"failureMessages":[],"meta":{},"tags":[]},{"ancestorTitles":["Middleware de Autenticação e Papéis"],"fullName":"Middleware de Autenticação e Papéis deve redirecionar GESTOR_PJ para dashboard de gestor","status":"passed","title":"deve redirecionar GESTOR_PJ para dashboard de gestor","duration":1.7052999999999656,"failureMessages":[],"meta":{},"tags":[]},{"ancestorTitles":["Middleware de Autenticação e Papéis"],"fullName":"Middleware de Autenticação e Papéis deve forçar HTTPS em produção","status":"passed","title":"deve forçar HTTPS em produção","duration":2.3278999999999996,"failureMessages":[],"meta":{},"tags":[]},{"ancestorTitles":["Middleware - NextAuth v5 (cookie + salt + secret)"],"fullName":"Middleware - NextAuth v5 (cookie + salt + secret) em produção: deve passar secureCookie=true e salt correto para getToken","status":"passed","title":"em produção: deve passar secureCookie=true e salt correto para getToken","duration":2.6130000000000564,"failureMessages":[],"meta":{},"tags":[]},{"ancestorTitles":["Middleware - NextAuth v5 (cookie + salt + secret)"],"fullName":"Middleware - NextAuth v5 (cookie + salt + secret) em desenvolvimento: deve passar secureCookie=false e salt sem prefixo","status":"passed","title":"em desenvolvimento: deve passar secureCookie=false e salt sem prefixo","duration":1.4769999999999754,"failureMessages":[],"meta":{},"tags":[]},{"ancestorTitles":["Middleware - NextAuth v5 (cookie + salt + secret)"],"fullName":"Middleware - NextAuth v5 (cookie + salt + secret) deve priorizar AUTH_SECRET sobre NEXTAUTH_SECRET (padrão v5)","status":"passed","title":"deve priorizar AUTH_SECRET sobre NEXTAUTH_SECRET (padrão v5)","duration":1.3580999999999221,"failureMessages":[],"meta":{},"tags":[]},{"ancestorTitles":["Middleware - NextAuth v5 (cookie + salt + secret)"],"fullName":"Middleware - NextAuth v5 (cookie + salt + secret) deve usar NEXTAUTH_SECRET como fallback se AUTH_SECRET não estiver definido","status":"passed","title":"deve usar NEXTAUTH_SECRET como fallback se AUTH_SECRET não estiver definido","duration":2.0895000000000437,"failureMessages":[],"meta":{},"tags":[]},{"ancestorTitles":["Middleware - NextAuth v5 (cookie + salt + secret)"],"fullName":"Middleware - NextAuth v5 (cookie + salt + secret) deve permitir acesso se getToken retornar token válido em produção (HTTPS)","status":"passed","title":"deve permitir acesso se getToken retornar token válido em produção (HTTPS)","duration":1.6843999999999824,"failureMessages":[],"meta":{},"tags":[]},{"ancestorTitles":["Middleware - NextAuth v5 (cookie + salt + secret)"],"fullName":"Middleware - NextAuth v5 (cookie + salt + secret) deve redirecionar para /login se getToken retornar null em produção","status":"passed","title":"deve redirecionar para /login se getToken retornar null em produção","duration":1.9092000000000553,"failureMessages":[],"meta":{},"tags":[]}],"startTime":1787716515353,"endTime":1787716515385.9092,"status":"passed","message":"","name":"C:/apps/mundoas/apps/web/__tests__/middleware.test.ts"},{"assertionResults":[{"ancestorTitles":["Next.js + Prisma config - regressão P2021"],"fullName":"Next.js + Prisma config - regressão P2021 next.config.js deve marcar @prisma/client como serverComponentsExternalPackages","status":"passed","title":"next.config.js deve marcar @prisma/client como serverComponentsExternalPackages","duration":3.649500000000046,"failureMessages":[],"meta":{},"tags":[]},{"ancestorTitles":["Next.js + Prisma config - regressão P2021"],"fullName":"Next.js + Prisma config - regressão P2021 next.config.js deve transpilar @asa/database","status":"passed","title":"next.config.js deve transpilar @asa/database","duration":0.37220000000002074,"failureMessages":[],"meta":{},"tags":[]},{"ancestorTitles":["Next.js + Prisma config - regressão P2021"],"fullName":"Next.js + Prisma config - regressão P2021 @asa/database deve ter postinstall rodando prisma generate","status":"passed","title":"@asa/database deve ter postinstall rodando prisma generate","duration":0.363399999999956,"failureMessages":[],"meta":{},"tags":[]},{"ancestorTitles":["Next.js + Prisma config - regressão P2021"],"fullName":"Next.js + Prisma config - regressão P2021 @asa/database depende de @prisma/client com versão patchada","status":"passed","title":"@asa/database depende de @prisma/client com versão patchada","duration":0.31279999999998154,"failureMessages":[],"meta":{},"tags":[]}],"startTime":1787716548551,"endTime":1787716548556.3127,"status":"passed","message":"","name":"C:/apps/mundoas/apps/web/__tests__/prisma-next-config-regression.test.ts"},{"assertionResults":[{"ancestorTitles":["API admin/backoffices/:id/assinatura — contrato funcional"],"fullName":"API admin/backoffices/:id/assinatura — contrato funcional retorna 401 sem autenticação","status":"passed","title":"retorna 401 sem autenticação","duration":10.794600000000003,"failureMessages":[],"meta":{},"tags":[]},{"ancestorTitles":["API admin/backoffices/:id/assinatura — contrato funcional"],"fullName":"API admin/backoffices/:id/assinatura — contrato funcional rejeita ação desconhecida","status":"passed","title":"rejeita ação desconhecida","duration":3.155399999999986,"failureMessages":[],"meta":{},"tags":[]},{"ancestorTitles":["API admin/backoffices/:id/assinatura — contrato funcional"],"fullName":"API admin/backoffices/:id/assinatura — contrato funcional exige motivo para bloqueio","status":"passed","title":"exige motivo para bloqueio","duration":1.261000000000081,"failureMessages":[],"meta":{},"tags":[]},{"ancestorTitles":["API admin/backoffices/:id/assinatura — contrato funcional"],"fullName":"API admin/backoffices/:id/assinatura — contrato funcional bloqueia a assinatura e registra a atualização","status":"passed","title":"bloqueia a assinatura e registra a atualização","duration":4.374000000000024,"failureMessages":[],"meta":{},"tags":[]},{"ancestorTitles":["API admin/backoffices/:id/assinatura — contrato funcional"],"fullName":"API admin/backoffices/:id/assinatura — contrato funcional retorna 404 quando a assinatura não existe","status":"passed","title":"retorna 404 quando a assinatura não existe","duration":1.033800000000042,"failureMessages":[],"meta":{},"tags":[]}],"startTime":1787716521914,"endTime":1787716521934.0337,"status":"passed","message":"","name":"C:/apps/mundoas/apps/web/app/__tests__/admin-assinatura-functional.test.ts"},{"assertionResults":[{"ancestorTitles":["API admin/backoffices — contrato funcional"],"fullName":"API admin/backoffices — contrato funcional retorna 401 quando a sessão não existe","status":"passed","title":"retorna 401 quando a sessão não existe","duration":10.196799999999996,"failureMessages":[],"meta":{},"tags":[]},{"ancestorTitles":["API admin/backoffices — contrato funcional"],"fullName":"API admin/backoffices — contrato funcional retorna 400 quando o payload obrigatório está incompleto","status":"passed","title":"retorna 400 quando o payload obrigatório está incompleto","duration":4.396400000000028,"failureMessages":[],"meta":{},"tags":[]},{"ancestorTitles":["API admin/backoffices — contrato funcional"],"fullName":"API admin/backoffices — contrato funcional retorna 400 para CPF inválido antes de consultar o banco","status":"passed","title":"retorna 400 para CPF inválido antes de consultar o banco","duration":1.6656999999999584,"failureMessages":[],"meta":{},"tags":[]},{"ancestorTitles":["API admin/backoffices — contrato funcional"],"fullName":"API admin/backoffices — contrato funcional retorna 400 quando o email já está cadastrado","status":"passed","title":"retorna 400 quando o email já está cadastrado","duration":1.297399999999982,"failureMessages":[],"meta":{},"tags":[]},{"ancestorTitles":["API admin/backoffices — contrato funcional"],"fullName":"API admin/backoffices — contrato funcional cria usuário, backoffice e assinatura na mesma transação","status":"passed","title":"cria usuário, backoffice e assinatura na mesma transação","duration":1.8918000000000461,"failureMessages":[],"meta":{},"tags":[]},{"ancestorTitles":["API admin/backoffices — contrato funcional"],"fullName":"API admin/backoffices — contrato funcional lista backoffices para um administrador","status":"passed","title":"lista backoffices para um administrador","duration":0.9850000000000136,"failureMessages":[],"meta":{},"tags":[]}],"startTime":1787716520198,"endTime":1787716520218.985,"status":"passed","message":"","name":"C:/apps/mundoas/apps/web/app/__tests__/admin-backoffices-route-functional.test.ts"},{"assertionResults":[{"ancestorTitles":["APIs admin/backoffices/:id/faturas — contrato funcional"],"fullName":"APIs admin/backoffices/:id/faturas — contrato funcional retorna 401 na criação sem autenticação","status":"passed","title":"retorna 401 na criação sem autenticação","duration":11.025899999999979,"failureMessages":[],"meta":{},"tags":[]},{"ancestorTitles":["APIs admin/backoffices/:id/faturas — contrato funcional"],"fullName":"APIs admin/backoffices/:id/faturas — contrato funcional valida valor e vencimento antes do banco","status":"passed","title":"valida valor e vencimento antes do banco","duration":3.380899999999997,"failureMessages":[],"meta":{},"tags":[]},{"ancestorTitles":["APIs admin/backoffices/:id/faturas — contrato funcional"],"fullName":"APIs admin/backoffices/:id/faturas — contrato funcional retorna 404 quando não existe assinatura","status":"passed","title":"retorna 404 quando não existe assinatura","duration":1.2666000000000395,"failureMessages":[],"meta":{},"tags":[]},{"ancestorTitles":["APIs admin/backoffices/:id/faturas — contrato funcional"],"fullName":"APIs admin/backoffices/:id/faturas — contrato funcional cria fatura pendente para a assinatura da unidade","status":"passed","title":"cria fatura pendente para a assinatura da unidade","duration":4.893799999999942,"failureMessages":[],"meta":{},"tags":[]},{"ancestorTitles":["APIs admin/backoffices/:id/faturas — contrato funcional"],"fullName":"APIs admin/backoffices/:id/faturas — contrato funcional lista faturas da assinatura da unidade","status":"passed","title":"lista faturas da assinatura da unidade","duration":2.54180000000008,"failureMessages":[],"meta":{},"tags":[]},{"ancestorTitles":["APIs admin/backoffices/:id/faturas — contrato funcional"],"fullName":"APIs admin/backoffices/:id/faturas — contrato funcional rejeita atualização com payload pago não booleano","status":"passed","title":"rejeita atualização com payload pago não booleano","duration":1.499300000000062,"failureMessages":[],"meta":{},"tags":[]},{"ancestorTitles":["APIs admin/backoffices/:id/faturas — contrato funcional"],"fullName":"APIs admin/backoffices/:id/faturas — contrato funcional retorna 404 quando a fatura não pertence à unidade","status":"passed","title":"retorna 404 quando a fatura não pertence à unidade","duration":0.8570999999999458,"failureMessages":[],"meta":{},"tags":[]},{"ancestorTitles":["APIs admin/backoffices/:id/faturas — contrato funcional"],"fullName":"APIs admin/backoffices/:id/faturas — contrato funcional marca fatura como paga dentro de transação","status":"passed","title":"marca fatura como paga dentro de transação","duration":2.5460999999999103,"failureMessages":[],"meta":{},"tags":[]}],"startTime":1787716517747,"endTime":1787716517775.5461,"status":"passed","message":"","name":"C:/apps/mundoas/apps/web/app/__tests__/admin-faturas-functional.test.ts"},{"assertionResults":[{"ancestorTitles":["API admin/financeiro — contrato funcional"],"fullName":"API admin/financeiro — contrato funcional retorna 401 sem autenticação","status":"passed","title":"retorna 401 sem autenticação","duration":29.098299999999995,"failureMessages":[],"meta":{},"tags":[]},{"ancestorTitles":["API admin/financeiro — contrato funcional"],"fullName":"API admin/financeiro — contrato funcional calcula resumo por status, vencidos, pagos e MRR","status":"passed","title":"calcula resumo por status, vencidos, pagos e MRR","duration":7.138499999999908,"failureMessages":[],"meta":{},"tags":[]}],"startTime":1787716509723,"endTime":1787716509759.1384,"status":"passed","message":"","name":"C:/apps/mundoas/apps/web/app/__tests__/admin-financeiro-functional.test.ts"},{"assertionResults":[{"ancestorTitles":["admin usuarios reset-password route"],"fullName":"admin usuarios reset-password route deve existir o arquivo","status":"passed","title":"deve existir o arquivo","duration":2.2334999999999923,"failureMessages":[],"meta":{},"tags":[]}],"startTime":1787716546910,"endTime":1787716546912.2334,"status":"passed","message":"","name":"C:/apps/mundoas/apps/web/app/__tests__/admin-usuarios-reset-password-route.test.ts"},{"assertionResults":[{"ancestorTitles":["API admin/usuarios — contrato funcional"],"fullName":"API admin/usuarios — contrato funcional retorna 401 para sessão ausente","status":"passed","title":"retorna 401 para sessão ausente","duration":7.345000000000027,"failureMessages":[],"meta":{},"tags":[]},{"ancestorTitles":["API admin/usuarios — contrato funcional"],"fullName":"API admin/usuarios — contrato funcional combina usuários (gestores, consultores, backoffices), remove o gestor atual e ordena por nome","status":"passed","title":"combina usuários (gestores, consultores, backoffices), remove o gestor atual e ordena por nome","duration":24.971900000000005,"failureMessages":[],"meta":{},"tags":[]}],"startTime":1787716511938,"endTime":1787716511970.972,"status":"passed","message":"","name":"C:/apps/mundoas/apps/web/app/__tests__/admin-usuarios-route-functional.test.ts"},{"assertionResults":[{"ancestorTitles":["API admin — contrato funcional (rotas pendentes)"],"fullName":"API admin — contrato funcional (rotas pendentes) backoffices/route retorna 401 sem admin","status":"passed","title":"backoffices/route retorna 401 sem admin","duration":32.32190000000003,"failureMessages":[],"meta":{},"tags":[]},{"ancestorTitles":["API admin — contrato funcional (rotas pendentes)"],"fullName":"API admin — contrato funcional (rotas pendentes) backoffices/[id]/assinatura — estrutura básica","status":"passed","title":"backoffices/[id]/assinatura — estrutura básica","duration":1.1344000000000278,"failureMessages":[],"meta":{},"tags":[]},{"ancestorTitles":["API admin — contrato funcional (rotas pendentes)"],"fullName":"API admin — contrato funcional (rotas pendentes) backoffices/[id]/faturas — estrutura básica","status":"passed","title":"backoffices/[id]/faturas — estrutura básica","duration":0.44439999999997326,"failureMessages":[],"meta":{},"tags":[]},{"ancestorTitles":["API admin — contrato funcional (rotas pendentes)"],"fullName":"API admin — contrato funcional (rotas pendentes) backoffices/[id]/faturas/[faturaId] — módulo existe","status":"passed","title":"backoffices/[id]/faturas/[faturaId] — módulo existe","duration":0.41849999999999454,"failureMessages":[],"meta":{},"tags":[]},{"ancestorTitles":["API admin — contrato funcional (rotas pendentes)"],"fullName":"API admin — contrato funcional (rotas pendentes) admin/usuarios/[id] — módulo existe","status":"passed","title":"admin/usuarios/[id] — módulo existe","duration":0.3949999999999818,"failureMessages":[],"meta":{},"tags":[]},{"ancestorTitles":["API admin — contrato funcional (rotas pendentes)"],"fullName":"API admin — contrato funcional (rotas pendentes) admin/usuarios/[id]/delete-info — módulo existe","status":"passed","title":"admin/usuarios/[id]/delete-info — módulo existe","duration":0.2959000000000742,"failureMessages":[],"meta":{},"tags":[]},{"ancestorTitles":["API admin — contrato funcional (rotas pendentes)"],"fullName":"API admin — contrato funcional (rotas pendentes) backoffices/route retorna 200 com admin autenticado","status":"passed","title":"backoffices/route retorna 200 com admin autenticado","duration":105.68369999999993,"failureMessages":[],"meta":{},"tags":[]}],"startTime":1787716496743,"endTime":1787716496883.6836,"status":"passed","message":"","name":"C:/apps/mundoas/apps/web/app/__tests__/api-admin-functional.test.ts"},{"assertionResults":[{"ancestorTitles":["API backoffice — contrato funcional (rotas pendentes)"],"fullName":"API backoffice — contrato funcional (rotas pendentes) assinatura/route — módulo importado","status":"passed","title":"assinatura/route — módulo importado","duration":2.8677000000000135,"failureMessages":[],"meta":{},"tags":[]},{"ancestorTitles":["API backoffice — contrato funcional (rotas pendentes)"],"fullName":"API backoffice — contrato funcional (rotas pendentes) comerciais/route — módulo importado","status":"passed","title":"comerciais/route — módulo importado","duration":0.3915999999999258,"failureMessages":[],"meta":{},"tags":[]},{"ancestorTitles":["API backoffice — contrato funcional (rotas pendentes)"],"fullName":"API backoffice — contrato funcional (rotas pendentes) pontos/ciclos/route — módulo importado","status":"passed","title":"pontos/ciclos/route — módulo importado","duration":0.3048000000000002,"failureMessages":[],"meta":{},"tags":[]}],"startTime":1787716549913,"endTime":1787716549916.3916,"status":"passed","message":"","name":"C:/apps/mundoas/apps/web/app/__tests__/api-backoffice-functional.test.ts"},{"assertionResults":[{"ancestorTitles":["API comercial — contrato funcional (rotas pendentes)"],"fullName":"API comercial — contrato funcional (rotas pendentes) minha-comissao/route — módulo importado","status":"passed","title":"minha-comissao/route — módulo importado","duration":4.697999999999979,"failureMessages":[],"meta":{},"tags":[]},{"ancestorTitles":["API comercial — contrato funcional (rotas pendentes)"],"fullName":"API comercial — contrato funcional (rotas pendentes) parceiros/route — módulo importado","status":"passed","title":"parceiros/route — módulo importado","duration":0.718900000000076,"failureMessages":[],"meta":{},"tags":[]}],"startTime":1787716538192,"endTime":1787716538197.719,"status":"passed","message":"","name":"C:/apps/mundoas/apps/web/app/__tests__/api-comercial-functional.test.ts"},{"assertionResults":[{"ancestorTitles":["requireGestorWithScope - Authorization Middleware","Authentication & Authorization"],"fullName":"requireGestorWithScope - Authorization Middleware Authentication & Authorization deve retornar 401 sem sessão","status":"passed","title":"deve retornar 401 sem sessão","duration":2.9657000000000266,"failureMessages":[],"meta":{},"tags":[]},{"ancestorTitles":["requireGestorWithScope - Authorization Middleware","Authentication & Authorization"],"fullName":"requireGestorWithScope - Authorization Middleware Authentication & Authorization deve retornar 403 para tipo não-GESTOR","status":"passed","title":"deve retornar 403 para tipo não-GESTOR","duration":0.3926000000000158,"failureMessages":[],"meta":{},"tags":[]},{"ancestorTitles":["requireGestorWithScope - Authorization Middleware","Scope Resolution"],"fullName":"requireGestorWithScope - Authorization Middleware Scope Resolution deve retornar array vazio para gestor sem consultores atribuídos","status":"passed","title":"deve retornar array vazio para gestor sem consultores atribuídos","duration":0.5929999999999609,"failureMessages":[],"meta":{},"tags":[]},{"ancestorTitles":["requireGestorWithScope - Authorization Middleware","Scope Resolution"],"fullName":"requireGestorWithScope - Authorization Middleware Scope Resolution deve retornar consultorIds atribuídos ao gestor","status":"passed","title":"deve retornar consultorIds atribuídos ao gestor","duration":0.35779999999999745,"failureMessages":[],"meta":{},"tags":[]}],"startTime":1787716547815,"endTime":1787716547820.358,"status":"passed","message":"","name":"C:/apps/mundoas/apps/web/app/__tests__/api-helpers.test.ts"},{"assertionResults":[{"ancestorTitles":["API lideranca — contrato funcional (rotas pendentes)"],"fullName":"API lideranca — contrato funcional (rotas pendentes) consultores-pf/route — módulo importado","status":"passed","title":"consultores-pf/route — módulo importado","duration":3.306100000000015,"failureMessages":[],"meta":{},"tags":[]},{"ancestorTitles":["API lideranca — contrato funcional (rotas pendentes)"],"fullName":"API lideranca — contrato funcional (rotas pendentes) metas/route — módulo importado","status":"passed","title":"metas/route — módulo importado","duration":0.377900000000011,"failureMessages":[],"meta":{},"tags":[]}],"startTime":1787716537008,"endTime":1787716537012.378,"status":"passed","message":"","name":"C:/apps/mundoas/apps/web/app/__tests__/api-lideranca-functional.test.ts"},{"assertionResults":[{"ancestorTitles":["API parceiro — contrato funcional (rotas pendentes)"],"fullName":"API parceiro — contrato funcional (rotas pendentes) dados-pessoais/route — módulo importado","status":"passed","title":"dados-pessoais/route — módulo importado","duration":2.690599999999961,"failureMessages":[],"meta":{},"tags":[]},{"ancestorTitles":["API parceiro — contrato funcional (rotas pendentes)"],"fullName":"API parceiro — contrato funcional (rotas pendentes) pontos/resgates/route — módulo importado","status":"passed","title":"pontos/resgates/route — módulo importado","duration":0.36829999999997654,"failureMessages":[],"meta":{},"tags":[]}],"startTime":1787716553675,"endTime":1787716553678.3684,"status":"passed","message":"","name":"C:/apps/mundoas/apps/web/app/__tests__/api-parceiro-functional.test.ts"},{"assertionResults":[{"ancestorTitles":["contratos críticos da auditoria"],"fullName":"contratos críticos da auditoria usa o schema financeiro compartilhado no processador PF","status":"passed","title":"usa o schema financeiro compartilhado no processador PF","duration":2.5341999999999985,"failureMessages":[],"meta":{},"tags":[]},{"ancestorTitles":["contratos críticos da auditoria"],"fullName":"contratos críticos da auditoria não mantém fallback de setores hardcoded no upload de consultores PF","status":"passed","title":"não mantém fallback de setores hardcoded no upload de consultores PF","duration":0.4992000000000303,"failureMessages":[],"meta":{},"tags":[]},{"ancestorTitles":["contratos críticos da auditoria"],"fullName":"contratos críticos da auditoria usa placeholders neutros no modelo de planilha","status":"passed","title":"usa placeholders neutros no modelo de planilha","duration":0.4673999999999978,"failureMessages":[],"meta":{},"tags":[]}],"startTime":1787716550372,"endTime":1787716550375.4673,"status":"passed","message":"","name":"C:/apps/mundoas/apps/web/app/__tests__/audit-financial-contracts.test.ts"},{"assertionResults":[{"ancestorTitles":["API backoffice/assinatura — contrato funcional"],"fullName":"API backoffice/assinatura — contrato funcional retorna 401 sem autenticação","status":"passed","title":"retorna 401 sem autenticação","duration":30.796699999999987,"failureMessages":[],"meta":{},"tags":[]},{"ancestorTitles":["API backoffice/assinatura — contrato funcional"],"fullName":"API backoffice/assinatura — contrato funcional retorna 404 quando a sessão não possui backoffice","status":"passed","title":"retorna 404 quando a sessão não possui backoffice","duration":0.7860999999999763,"failureMessages":[],"meta":{},"tags":[]},{"ancestorTitles":["API backoffice/assinatura — contrato funcional"],"fullName":"API backoffice/assinatura — contrato funcional retorna semAssinatura quando a unidade não possui assinatura","status":"passed","title":"retorna semAssinatura quando a unidade não possui assinatura","duration":4.955699999999979,"failureMessages":[],"meta":{},"tags":[]},{"ancestorTitles":["API backoffice/assinatura — contrato funcional"],"fullName":"API backoffice/assinatura — contrato funcional retorna somente campos públicos da assinatura e das faturas","status":"passed","title":"retorna somente campos públicos da assinatura e das faturas","duration":3.9640999999999735,"failureMessages":[],"meta":{},"tags":[]}],"startTime":1787716508272,"endTime":1787716508312.964,"status":"passed","message":"","name":"C:/apps/mundoas/apps/web/app/__tests__/backoffice-assinatura-functional.test.ts"},{"assertionResults":[{"ancestorTitles":["API backoffice/comerciais — proxy funcional"],"fullName":"API backoffice/comerciais — proxy funcional retorna 401 sem escopo de backoffice","status":"passed","title":"retorna 401 sem escopo de backoffice","duration":6.132000000000062,"failureMessages":[],"meta":{},"tags":[]},{"ancestorTitles":["API backoffice/comerciais — proxy funcional"],"fullName":"API backoffice/comerciais — proxy funcional lista comerciais próprios e subordinados com shape legado","status":"passed","title":"lista comerciais próprios e subordinados com shape legado","duration":5.591800000000035,"failureMessages":[],"meta":{},"tags":[]},{"ancestorTitles":["API backoffice/comerciais — proxy funcional"],"fullName":"API backoffice/comerciais — proxy funcional adapta POST legado para equipe com tipo comercial","status":"passed","title":"adapta POST legado para equipe com tipo comercial","duration":7.599299999999971,"failureMessages":[],"meta":{},"tags":[]}],"startTime":1787716523492,"endTime":1787716523511.5994,"status":"passed","message":"","name":"C:/apps/mundoas/apps/web/app/__tests__/backoffice-comerciais-proxy-functional.test.ts"},{"assertionResults":[{"ancestorTitles":["APIs backoffice/comerciais — contrato funcional"],"fullName":"APIs backoffice/comerciais — contrato funcional rejeita cálculo sem escopo","status":"passed","title":"rejeita cálculo sem escopo","duration":12.512300000000039,"failureMessages":[],"meta":{},"tags":[]},{"ancestorTitles":["APIs backoffice/comerciais — contrato funcional"],"fullName":"APIs backoffice/comerciais — contrato funcional valida campos obrigatórios do cálculo","status":"passed","title":"valida campos obrigatórios do cálculo","duration":3.1601,"failureMessages":[],"meta":{},"tags":[]},{"ancestorTitles":["APIs backoffice/comerciais — contrato funcional"],"fullName":"APIs backoffice/comerciais — contrato funcional retorna o cálculo com os dados normalizados","status":"passed","title":"retorna o cálculo com os dados normalizados","duration":8.062299999999993,"failureMessages":[],"meta":{},"tags":[]},{"ancestorTitles":["APIs backoffice/comerciais — contrato funcional"],"fullName":"APIs backoffice/comerciais — contrato funcional converte erro do cálculo em 400","status":"passed","title":"converte erro do cálculo em 400","duration":2.2472999999999956,"failureMessages":[],"meta":{},"tags":[]},{"ancestorTitles":["APIs backoffice/comerciais — contrato funcional"],"fullName":"APIs backoffice/comerciais — contrato funcional retorna 401 no GET do comercial sem escopo","status":"passed","title":"retorna 401 no GET do comercial sem escopo","duration":1.311399999999992,"failureMessages":[],"meta":{},"tags":[]},{"ancestorTitles":["APIs backoffice/comerciais — contrato funcional"],"fullName":"APIs backoffice/comerciais — contrato funcional nega GET de comercial pertencente a outro backoffice","status":"passed","title":"nega GET de comercial pertencente a outro backoffice","duration":1,"failureMessages":[],"meta":{},"tags":[]},{"ancestorTitles":["APIs backoffice/comerciais — contrato funcional"],"fullName":"APIs backoffice/comerciais — contrato funcional adapta PATCH legado para a rota unificada","status":"passed","title":"adapta PATCH legado para a rota unificada","duration":1.6257999999999697,"failureMessages":[],"meta":{},"tags":[]}],"startTime":1787716515982,"endTime":1787716516012.6257,"status":"passed","message":"","name":"C:/apps/mundoas/apps/web/app/__tests__/backoffice-comercial-functional.test.ts"},{"assertionResults":[{"ancestorTitles":["API backoffice/consultores-pf/comissoes — contrato funcional"],"fullName":"API backoffice/consultores-pf/comissoes — contrato funcional retorna 401 sem escopo no GET","status":"passed","title":"retorna 401 sem escopo no GET","duration":14.170299999999997,"failureMessages":[],"meta":{},"tags":[]},{"ancestorTitles":["API backoffice/consultores-pf/comissoes — contrato funcional"],"fullName":"API backoffice/consultores-pf/comissoes — contrato funcional lista comissões e consultores com paginação","status":"passed","title":"lista comissões e consultores com paginação","duration":11.043099999999981,"failureMessages":[],"meta":{},"tags":[]},{"ancestorTitles":["API backoffice/consultores-pf/comissoes — contrato funcional"],"fullName":"API backoffice/consultores-pf/comissoes — contrato funcional rejeita cálculo sem campos obrigatórios","status":"passed","title":"rejeita cálculo sem campos obrigatórios","duration":3.383899999999983,"failureMessages":[],"meta":{},"tags":[]},{"ancestorTitles":["API backoffice/consultores-pf/comissoes — contrato funcional"],"fullName":"API backoffice/consultores-pf/comissoes — contrato funcional calcula comissão com valor string normalizado","status":"passed","title":"calcula comissão com valor string normalizado","duration":2.784500000000037,"failureMessages":[],"meta":{},"tags":[]},{"ancestorTitles":["API backoffice/consultores-pf/comissoes — contrato funcional"],"fullName":"API backoffice/consultores-pf/comissoes — contrato funcional converte falha de cálculo em 400","status":"passed","title":"converte falha de cálculo em 400","duration":1.926400000000001,"failureMessages":[],"meta":{},"tags":[]}],"startTime":1787716516523,"endTime":1787716516556.9265,"status":"passed","message":"","name":"C:/apps/mundoas/apps/web/app/__tests__/backoffice-consultor-pf-comissoes-functional.test.ts"},{"assertionResults":[{"ancestorTitles":["API backoffice/consultores-pf/:id — contrato funcional"],"fullName":"API backoffice/consultores-pf/:id — contrato funcional retorna 401 sem escopo","status":"passed","title":"retorna 401 sem escopo","duration":12.097800000000063,"failureMessages":[],"meta":{},"tags":[]},{"ancestorTitles":["API backoffice/consultores-pf/:id — contrato funcional"],"fullName":"API backoffice/consultores-pf/:id — contrato funcional retorna 404 para consultor de outro backoffice","status":"passed","title":"retorna 404 para consultor de outro backoffice","duration":1.4202999999999975,"failureMessages":[],"meta":{},"tags":[]},{"ancestorTitles":["API backoffice/consultores-pf/:id — contrato funcional"],"fullName":"API backoffice/consultores-pf/:id — contrato funcional retorna dados públicos do consultor da unidade","status":"passed","title":"retorna dados públicos do consultor da unidade","duration":5.151700000000005,"failureMessages":[],"meta":{},"tags":[]},{"ancestorTitles":["API backoffice/consultores-pf/:id — contrato funcional"],"fullName":"API backoffice/consultores-pf/:id — contrato funcional rejeita atualização com setor inválido","status":"passed","title":"rejeita atualização com setor inválido","duration":6.9640000000000555,"failureMessages":[],"meta":{},"tags":[]},{"ancestorTitles":["API backoffice/consultores-pf/:id — contrato funcional"],"fullName":"API backoffice/consultores-pf/:id — contrato funcional atualiza o consultor e desativa em transação no DELETE","status":"passed","title":"atualiza o consultor e desativa em transação no DELETE","duration":6.539899999999989,"failureMessages":[],"meta":{},"tags":[]}],"startTime":1787716517097,"endTime":1787716517129.5398,"status":"passed","message":"","name":"C:/apps/mundoas/apps/web/app/__tests__/backoffice-consultor-pf-id-functional.test.ts"},{"assertionResults":[{"ancestorTitles":["API backoffice/equipe — contrato funcional"],"fullName":"API backoffice/equipe — contrato funcional retorna 401 sem escopo","status":"passed","title":"retorna 401 sem escopo","duration":9.141599999999983,"failureMessages":[],"meta":{},"tags":[]},{"ancestorTitles":["API backoffice/equipe — contrato funcional"],"fullName":"API backoffice/equipe — contrato funcional separa lideranças e comerciais na listagem","status":"passed","title":"separa lideranças e comerciais na listagem","duration":7.283999999999992,"failureMessages":[],"meta":{},"tags":[]},{"ancestorTitles":["API backoffice/equipe — contrato funcional"],"fullName":"API backoffice/equipe — contrato funcional rejeita liderança sem tipo de liderança","status":"passed","title":"rejeita liderança sem tipo de liderança","duration":6.364000000000033,"failureMessages":[],"meta":{},"tags":[]},{"ancestorTitles":["API backoffice/equipe — contrato funcional"],"fullName":"API backoffice/equipe — contrato funcional rejeita email duplicado","status":"passed","title":"rejeita email duplicado","duration":2.8450000000000273,"failureMessages":[],"meta":{},"tags":[]},{"ancestorTitles":["API backoffice/equipe — contrato funcional"],"fullName":"API backoffice/equipe — contrato funcional cria membro e usuário em transação","status":"passed","title":"cria membro e usuário em transação","duration":4.552599999999984,"failureMessages":[],"meta":{},"tags":[]}],"startTime":1787716514160,"endTime":1787716514191.5525,"status":"passed","message":"","name":"C:/apps/mundoas/apps/web/app/__tests__/backoffice-equipe-functional.test.ts"},{"assertionResults":[{"ancestorTitles":["API backoffice/lembrete-financeiro — contrato funcional"],"fullName":"API backoffice/lembrete-financeiro — contrato funcional retorna 401 sem autenticação","status":"passed","title":"retorna 401 sem autenticação","duration":43.898799999999994,"failureMessages":[],"meta":{},"tags":[]},{"ancestorTitles":["API backoffice/lembrete-financeiro — contrato funcional"],"fullName":"API backoffice/lembrete-financeiro — contrato funcional retorna mostrar=false quando a sessão não possui backoffice","status":"passed","title":"retorna mostrar=false quando a sessão não possui backoffice","duration":6.44399999999996,"failureMessages":[],"meta":{},"tags":[]},{"ancestorTitles":["API backoffice/lembrete-financeiro — contrato funcional"],"fullName":"API backoffice/lembrete-financeiro — contrato funcional retorna mostrar=false quando a unidade não possui assinatura","status":"passed","title":"retorna mostrar=false quando a unidade não possui assinatura","duration":6.020600000000002,"failureMessages":[],"meta":{},"tags":[]},{"ancestorTitles":["API backoffice/lembrete-financeiro — contrato funcional"],"fullName":"API backoffice/lembrete-financeiro — contrato funcional retorna mostrar=true enquanto existir fatura pendente (status Pendente no financeiro)","status":"passed","title":"retorna mostrar=true enquanto existir fatura pendente (status Pendente no financeiro)","duration":3.013900000000035,"failureMessages":[],"meta":{},"tags":[]},{"ancestorTitles":["API backoffice/lembrete-financeiro — contrato funcional"],"fullName":"API backoffice/lembrete-financeiro — contrato funcional retorna mostrar=false quando não há nenhuma fatura pendente","status":"passed","title":"retorna mostrar=false quando não há nenhuma fatura pendente","duration":1.064799999999991,"failureMessages":[],"meta":{},"tags":[]}],"startTime":1787716507362,"endTime":1787716507423.0647,"status":"passed","message":"","name":"C:/apps/mundoas/apps/web/app/__tests__/backoffice-lembrete-financeiro-functional.test.ts"},{"assertionResults":[{"ancestorTitles":["API backoffice/liderancas — proxy funcional"],"fullName":"API backoffice/liderancas — proxy funcional retorna 401 sem escopo","status":"passed","title":"retorna 401 sem escopo","duration":14.82529999999997,"failureMessages":[],"meta":{},"tags":[]},{"ancestorTitles":["API backoffice/liderancas — proxy funcional"],"fullName":"API backoffice/liderancas — proxy funcional aplica filtros e retorna contadores no shape legado","status":"passed","title":"aplica filtros e retorna contadores no shape legado","duration":12.099199999999996,"failureMessages":[],"meta":{},"tags":[]},{"ancestorTitles":["API backoffice/liderancas — proxy funcional"],"fullName":"API backoffice/liderancas — proxy funcional adapta POST legado de liderança comercial para equipe","status":"passed","title":"adapta POST legado de liderança comercial para equipe","duration":14.003200000000106,"failureMessages":[],"meta":{},"tags":[]}],"startTime":1787716521310,"endTime":1787716521351.0032,"status":"passed","message":"","name":"C:/apps/mundoas/apps/web/app/__tests__/backoffice-liderancas-proxy-functional.test.ts"},{"assertionResults":[{"ancestorTitles":["API - Backoffice Pontos Distribuir","POST /distribuir"],"fullName":"API - Backoffice Pontos Distribuir POST /distribuir deve retornar 401 quando não autenticado","status":"passed","title":"deve retornar 401 quando não autenticado","duration":881.5174,"failureMessages":[],"meta":{},"tags":[]},{"ancestorTitles":["API - Backoffice Pontos Distribuir","POST /distribuir"],"fullName":"API - Backoffice Pontos Distribuir POST /distribuir deve retornar 400 quando producaoId é obrigatório","status":"passed","title":"deve retornar 400 quando producaoId é obrigatório","duration":605.8897,"failureMessages":[],"meta":{},"tags":[]},{"ancestorTitles":["API - Backoffice Pontos Distribuir","POST /distribuir"],"fullName":"API - Backoffice Pontos Distribuir POST /distribuir deve retornar 400 quando produção não existe","status":"passed","title":"deve retornar 400 quando produção não existe","duration":560.3224,"failureMessages":[],"meta":{},"tags":[]},{"ancestorTitles":["API - Backoffice Pontos Distribuir","POST /distribuir"],"fullName":"API - Backoffice Pontos Distribuir POST /distribuir deve distribuir pontos e criar movimentação de crédito","status":"passed","title":"deve distribuir pontos e criar movimentação de crédito","duration":3791.2911,"failureMessages":[],"meta":{},"tags":[]},{"ancestorTitles":["API - Backoffice Pontos Distribuir","POST /distribuir"],"fullName":"API - Backoffice Pontos Distribuir POST /distribuir deve retornar 400 quando pontos já foram distribuídos","status":"passed","title":"deve retornar 400 quando pontos já foram distribuídos","duration":1687.657799999999,"failureMessages":[],"meta":{},"tags":[]},{"ancestorTitles":["API - Backoffice Pontos Distribuir","GET /distribuir"],"fullName":"API - Backoffice Pontos Distribuir GET /distribuir deve retornar 401 quando não autenticado","status":"passed","title":"deve retornar 401 quando não autenticado","duration":1726.3158999999996,"failureMessages":[],"meta":{},"tags":[]},{"ancestorTitles":["API - Backoffice Pontos Distribuir","GET /distribuir"],"fullName":"API - Backoffice Pontos Distribuir GET /distribuir deve retornar 400 quando não há ciclo vigente","status":"passed","title":"deve retornar 400 quando não há ciclo vigente","duration":1343.8212000000003,"failureMessages":[],"meta":{},"tags":[]},{"ancestorTitles":["API - Backoffice Pontos Distribuir","GET /distribuir"],"fullName":"API - Backoffice Pontos Distribuir GET /distribuir deve listar produções com pontos potenciais","status":"passed","title":"deve listar produções com pontos potenciais","duration":719.1032999999989,"failureMessages":[],"meta":{},"tags":[]}],"startTime":1787716320097,"endTime":1787716331414.1033,"status":"passed","message":"","name":"C:/apps/mundoas/apps/web/app/__tests__/backoffice-pontos-distribuir-route.test.ts"},{"assertionResults":[{"ancestorTitles":["API - Backoffice Pontos Distribuir Todos"],"fullName":"API - Backoffice Pontos Distribuir Todos deve retornar 401 quando não autenticado","status":"passed","title":"deve retornar 401 quando não autenticado","duration":1833.0077,"failureMessages":[],"meta":{},"tags":[]},{"ancestorTitles":["API - Backoffice Pontos Distribuir Todos"],"fullName":"API - Backoffice Pontos Distribuir Todos deve retornar 400 quando não há ciclo vigente","status":"passed","title":"deve retornar 400 quando não há ciclo vigente","duration":557.0279999999998,"failureMessages":[],"meta":{},"tags":[]},{"ancestorTitles":["API - Backoffice Pontos Distribuir Todos"],"fullName":"API - Backoffice Pontos Distribuir Todos deve distribuir pontos de todas as produções pendentes de uma vez","status":"passed","title":"deve distribuir pontos de todas as produções pendentes de uma vez","duration":583.6801999999998,"failureMessages":[],"meta":{},"tags":[]},{"ancestorTitles":["API - Backoffice Pontos Distribuir Todos"],"fullName":"API - Backoffice Pontos Distribuir Todos deve pular produções já distribuídas e creditar apenas as pendentes","status":"passed","title":"deve pular produções já distribuídas e creditar apenas as pendentes","duration":572.4914000000003,"failureMessages":[],"meta":{},"tags":[]},{"ancestorTitles":["API - Backoffice Pontos Distribuir Todos"],"fullName":"API - Backoffice Pontos Distribuir Todos segunda execução não deve duplicar pontos (idempotente)","status":"passed","title":"segunda execução não deve duplicar pontos (idempotente)","duration":588.692,"failureMessages":[],"meta":{},"tags":[]},{"ancestorTitles":["API - Backoffice Pontos Distribuir Todos"],"fullName":"API - Backoffice Pontos Distribuir Todos não deve distribuir produções fora do período de acumulo do ciclo","status":"passed","title":"não deve distribuir produções fora do período de acumulo do ciclo","duration":630.2587000000003,"failureMessages":[],"meta":{},"tags":[]},{"ancestorTitles":["API - Backoffice Pontos Distribuir Todos"],"fullName":"API - Backoffice Pontos Distribuir Todos deve registrar erro para produção com valor total zero e seguir com as demais","status":"passed","title":"deve registrar erro para produção com valor total zero e seguir com as demais","duration":590.3609999999999,"failureMessages":[],"meta":{},"tags":[]}],"startTime":1787716332170,"endTime":1787716337525.361,"status":"passed","message":"","name":"C:/apps/mundoas/apps/web/app/__tests__/backoffice-pontos-distribuir-todos-route.test.ts"},{"assertionResults":[{"ancestorTitles":["ParceirosPontos - clientes indicados (expansão do parceiro)"],"fullName":"ParceirosPontos - clientes indicados (expansão do parceiro) não exibe a coluna Telefone na tabela de clientes indicados","status":"passed","title":"não exibe a coluna Telefone na tabela de clientes indicados","duration":1315.4794999999995,"failureMessages":[],"meta":{},"tags":[]},{"ancestorTitles":["ParceirosPontos - clientes indicados (expansão do parceiro)"],"fullName":"ParceirosPontos - clientes indicados (expansão do parceiro) exibe os dados do indicado sem telefone","status":"passed","title":"exibe os dados do indicado sem telefone","duration":322.2440999999999,"failureMessages":[],"meta":{},"tags":[]}],"startTime":1787716468000,"endTime":1787716469637.2441,"status":"passed","message":"","name":"C:/apps/mundoas/apps/web/app/__tests__/backoffice-pontos-parceiros-indicados.test.tsx"},{"assertionResults":[{"ancestorTitles":["API - Backoffice Pontos Ranking","GET /api/v1/backoffice/pontos/ranking"],"fullName":"API - Backoffice Pontos Ranking GET /api/v1/backoffice/pontos/ranking deve retornar 401 quando usuário não está autenticado","status":"passed","title":"deve retornar 401 quando usuário não está autenticado","duration":798.8851,"failureMessages":[],"meta":{},"tags":[]},{"ancestorTitles":["API - Backoffice Pontos Ranking","GET /api/v1/backoffice/pontos/ranking"],"fullName":"API - Backoffice Pontos Ranking GET /api/v1/backoffice/pontos/ranking deve retornar 403 quando usuário não é BACKOFFICE","status":"passed","title":"deve retornar 403 quando usuário não é BACKOFFICE","duration":629.7915999999998,"failureMessages":[],"meta":{},"tags":[]},{"ancestorTitles":["API - Backoffice Pontos Ranking","GET /api/v1/backoffice/pontos/ranking"],"fullName":"API - Backoffice Pontos Ranking GET /api/v1/backoffice/pontos/ranking deve retornar 400 quando não há ciclo vigente","status":"passed","title":"deve retornar 400 quando não há ciclo vigente","duration":676.5543000000002,"failureMessages":[],"meta":{},"tags":[]},{"ancestorTitles":["API - Backoffice Pontos Ranking","GET /api/v1/backoffice/pontos/ranking"],"fullName":"API - Backoffice Pontos Ranking GET /api/v1/backoffice/pontos/ranking deve retornar ranking do ciclo vigente quando cicloPontosId não é informado","status":"passed","title":"deve retornar ranking do ciclo vigente quando cicloPontosId não é informado","duration":839.1234,"failureMessages":[],"meta":{},"tags":[]},{"ancestorTitles":["API - Backoffice Pontos Ranking","GET /api/v1/backoffice/pontos/ranking"],"fullName":"API - Backoffice Pontos Ranking GET /api/v1/backoffice/pontos/ranking deve retornar ranking de ciclo específico quando cicloPontosId é informado","status":"passed","title":"deve retornar ranking de ciclo específico quando cicloPontosId é informado","duration":751.2364000000002,"failureMessages":[],"meta":{},"tags":[]},{"ancestorTitles":["API - Backoffice Pontos Ranking","GET /api/v1/backoffice/pontos/ranking"],"fullName":"API - Backoffice Pontos Ranking GET /api/v1/backoffice/pontos/ranking deve incluir parceiros no ranking","status":"passed","title":"deve incluir parceiros no ranking","duration":600.8496999999998,"failureMessages":[],"meta":{},"tags":[]}],"startTime":1787716447846,"endTime":1787716452142.8496,"status":"passed","message":"","name":"C:/apps/mundoas/apps/web/app/__tests__/backoffice-pontos-ranking.test.ts"},{"assertionResults":[{"ancestorTitles":["BackofficePontosPage - abas principais"],"fullName":"BackofficePontosPage - abas principais contém exatamente 3 abas principais","status":"passed","title":"contém exatamente 3 abas principais","duration":5.387999999999977,"failureMessages":[],"meta":{},"tags":[]},{"ancestorTitles":["BackofficePontosPage - abas principais"],"fullName":"BackofficePontosPage - abas principais mantém a aba Parceiros como aba principal","status":"passed","title":"mantém a aba Parceiros como aba principal","duration":0.7492000000000303,"failureMessages":[],"meta":{},"tags":[]},{"ancestorTitles":["BackofficePontosPage - abas principais"],"fullName":"BackofficePontosPage - abas principais cria a aba CONFIGURAÇÃO com label em maiúsculas","status":"passed","title":"cria a aba CONFIGURAÇÃO com label em maiúsculas","duration":0.6032999999999902,"failureMessages":[],"meta":{},"tags":[]},{"ancestorTitles":["BackofficePontosPage - abas principais"],"fullName":"BackofficePontosPage - abas principais cria a aba INDICAÇÃO com label em maiúsculas","status":"passed","title":"cria a aba INDICAÇÃO com label em maiúsculas","duration":0.4561999999999671,"failureMessages":[],"meta":{},"tags":[]},{"ancestorTitles":["BackofficePontosPage - abas principais"],"fullName":"BackofficePontosPage - abas principais todos os ids de abas principais são válidos","status":"passed","title":"todos os ids de abas principais são válidos","duration":0.6408999999999878,"failureMessages":[],"meta":{},"tags":[]},{"ancestorTitles":["BackofficePontosPage - subabas de CONFIGURAÇÃO"],"fullName":"BackofficePontosPage - subabas de CONFIGURAÇÃO contém exatamente 2 subabas em CONFIGURAÇÃO","status":"passed","title":"contém exatamente 2 subabas em CONFIGURAÇÃO","duration":0.592899999999986,"failureMessages":[],"meta":{},"tags":[]},{"ancestorTitles":["BackofficePontosPage - subabas de CONFIGURAÇÃO"],"fullName":"BackofficePontosPage - subabas de CONFIGURAÇÃO move a aba Ciclos para as subabas de CONFIGURAÇÃO","status":"passed","title":"move a aba Ciclos para as subabas de CONFIGURAÇÃO","duration":0.40510000000000446,"failureMessages":[],"meta":{},"tags":[]},{"ancestorTitles":["BackofficePontosPage - subabas de CONFIGURAÇÃO"],"fullName":"BackofficePontosPage - subabas de CONFIGURAÇÃO move a aba Configuração para as subabas de CONFIGURAÇÃO","status":"passed","title":"move a aba Configuração para as subabas de CONFIGURAÇÃO","duration":0.41219999999998436,"failureMessages":[],"meta":{},"tags":[]},{"ancestorTitles":["BackofficePontosPage - subabas de CONFIGURAÇÃO"],"fullName":"BackofficePontosPage - subabas de CONFIGURAÇÃO não inclui Distribuir Pontos nas subabas de CONFIGURAÇÃO","status":"passed","title":"não inclui Distribuir Pontos nas subabas de CONFIGURAÇÃO","duration":0.4741999999999962,"failureMessages":[],"meta":{},"tags":[]},{"ancestorTitles":["BackofficePontosPage - subabas de CONFIGURAÇÃO"],"fullName":"BackofficePontosPage - subabas de CONFIGURAÇÃO não inclui Resgates nas subabas de CONFIGURAÇÃO","status":"passed","title":"não inclui Resgates nas subabas de CONFIGURAÇÃO","duration":0.4714999999999918,"failureMessages":[],"meta":{},"tags":[]},{"ancestorTitles":["BackofficePontosPage - subabas de INDICAÇÃO"],"fullName":"BackofficePontosPage - subabas de INDICAÇÃO contém exatamente 4 subabas em INDICAÇÃO","status":"passed","title":"contém exatamente 4 subabas em INDICAÇÃO","duration":0.6093000000000188,"failureMessages":[],"meta":{},"tags":[]},{"ancestorTitles":["BackofficePontosPage - subabas de INDICAÇÃO"],"fullName":"BackofficePontosPage - subabas de INDICAÇÃO move Distribuir Pontos para as subabas de INDICAÇÃO","status":"passed","title":"move Distribuir Pontos para as subabas de INDICAÇÃO","duration":0.245900000000006,"failureMessages":[],"meta":{},"tags":[]},{"ancestorTitles":["BackofficePontosPage - subabas de INDICAÇÃO"],"fullName":"BackofficePontosPage - subabas de INDICAÇÃO move Prêmios para as subabas de INDICAÇÃO","status":"passed","title":"move Prêmios para as subabas de INDICAÇÃO","duration":0.18909999999999627,"failureMessages":[],"meta":{},"tags":[]},{"ancestorTitles":["BackofficePontosPage - subabas de INDICAÇÃO"],"fullName":"BackofficePontosPage - subabas de INDICAÇÃO move Ranking para as subabas de INDICAÇÃO","status":"passed","title":"move Ranking para as subabas de INDICAÇÃO","duration":0.241800000000012,"failureMessages":[],"meta":{},"tags":[]},{"ancestorTitles":["BackofficePontosPage - subabas de INDICAÇÃO"],"fullName":"BackofficePontosPage - subabas de INDICAÇÃO move Resgates para as subabas de INDICAÇÃO","status":"passed","title":"move Resgates para as subabas de INDICAÇÃO","duration":0.17559999999997444,"failureMessages":[],"meta":{},"tags":[]},{"ancestorTitles":["BackofficePontosPage - subabas de INDICAÇÃO"],"fullName":"BackofficePontosPage - subabas de INDICAÇÃO não inclui Ciclos nas subabas de INDICAÇÃO","status":"passed","title":"não inclui Ciclos nas subabas de INDICAÇÃO","duration":0.17690000000004602,"failureMessages":[],"meta":{},"tags":[]},{"ancestorTitles":["BackofficePontosPage - resolução da aba ativa"],"fullName":"BackofficePontosPage - resolução da aba ativa retorna 'parceiros' quando a aba principal é parceiros","status":"passed","title":"retorna 'parceiros' quando a aba principal é parceiros","duration":0.22429999999997108,"failureMessages":[],"meta":{},"tags":[]},{"ancestorTitles":["BackofficePontosPage - resolução da aba ativa"],"fullName":"BackofficePontosPage - resolução da aba ativa retorna a subaba de configuração quando a aba principal é configuração","status":"passed","title":"retorna a subaba de configuração quando a aba principal é configuração","duration":0.2878000000000043,"failureMessages":[],"meta":{},"tags":[]},{"ancestorTitles":["BackofficePontosPage - resolução da aba ativa"],"fullName":"BackofficePontosPage - resolução da aba ativa retorna a subaba de indicação quando a aba principal é indicação","status":"passed","title":"retorna a subaba de indicação quando a aba principal é indicação","duration":0.31270000000000664,"failureMessages":[],"meta":{},"tags":[]},{"ancestorTitles":["BackofficePontosPage - estrutura do código-fonte"],"fullName":"BackofficePontosPage - estrutura do código-fonte define o tipo MainTabType com parceiros, configuracao e indicacao","status":"passed","title":"define o tipo MainTabType com parceiros, configuracao e indicacao","duration":0.2884999999999991,"failureMessages":[],"meta":{},"tags":[]},{"ancestorTitles":["BackofficePontosPage - estrutura do código-fonte"],"fullName":"BackofficePontosPage - estrutura do código-fonte define o tipo ConfigSubTabType com ciclos e configuracao","status":"passed","title":"define o tipo ConfigSubTabType com ciclos e configuracao","duration":0.16669999999999163,"failureMessages":[],"meta":{},"tags":[]},{"ancestorTitles":["BackofficePontosPage - estrutura do código-fonte"],"fullName":"BackofficePontosPage - estrutura do código-fonte define o tipo IndicacaoSubTabType com as 4 subabas de indicação","status":"passed","title":"define o tipo IndicacaoSubTabType com as 4 subabas de indicação","duration":0.2878000000000043,"failureMessages":[],"meta":{},"tags":[]},{"ancestorTitles":["BackofficePontosPage - estrutura do código-fonte"],"fullName":"BackofficePontosPage - estrutura do código-fonte define a constante MAIN_TABS","status":"passed","title":"define a constante MAIN_TABS","duration":0.20010000000002037,"failureMessages":[],"meta":{},"tags":[]},{"ancestorTitles":["BackofficePontosPage - estrutura do código-fonte"],"fullName":"BackofficePontosPage - estrutura do código-fonte define a constante CONFIG_SUB_TABS","status":"passed","title":"define a constante CONFIG_SUB_TABS","duration":0.28480000000001837,"failureMessages":[],"meta":{},"tags":[]},{"ancestorTitles":["BackofficePontosPage - estrutura do código-fonte"],"fullName":"BackofficePontosPage - estrutura do código-fonte define a constante INDICACAO_SUB_TABS","status":"passed","title":"define a constante INDICACAO_SUB_TABS","duration":0.18690000000003693,"failureMessages":[],"meta":{},"tags":[]},{"ancestorTitles":["BackofficePontosPage - estrutura do código-fonte"],"fullName":"BackofficePontosPage - estrutura do código-fonte não usa mais a constante TABS (antiga estrutura plana)","status":"passed","title":"não usa mais a constante TABS (antiga estrutura plana)","duration":0.38470000000000937,"failureMessages":[],"meta":{},"tags":[]},{"ancestorTitles":["BackofficePontosPage - estrutura do código-fonte"],"fullName":"BackofficePontosPage - estrutura do código-fonte não usa mais o tipo TabType (antigo)","status":"passed","title":"não usa mais o tipo TabType (antigo)","duration":0.29300000000000637,"failureMessages":[],"meta":{},"tags":[]},{"ancestorTitles":["BackofficePontosPage - estado principal e subabas"],"fullName":"BackofficePontosPage - estado principal e subabas declara o estado activeMainTab","status":"passed","title":"declara o estado activeMainTab","duration":0.2615000000000123,"failureMessages":[],"meta":{},"tags":[]},{"ancestorTitles":["BackofficePontosPage - estado principal e subabas"],"fullName":"BackofficePontosPage - estado principal e subabas declara o estado activeConfigSubTab","status":"passed","title":"declara o estado activeConfigSubTab","duration":0.2535000000000309,"failureMessages":[],"meta":{},"tags":[]},{"ancestorTitles":["BackofficePontosPage - estado principal e subabas"],"fullName":"BackofficePontosPage - estado principal e subabas declara o estado activeIndicacaoSubTab","status":"passed","title":"declara o estado activeIndicacaoSubTab","duration":0.22329999999999472,"failureMessages":[],"meta":{},"tags":[]},{"ancestorTitles":["BackofficePontosPage - estado principal e subabas"],"fullName":"BackofficePontosPage - estado principal e subabas deriva activeTab a partir do estado principal + subaba","status":"passed","title":"deriva activeTab a partir do estado principal + subaba","duration":0.31790000000000873,"failureMessages":[],"meta":{},"tags":[]},{"ancestorTitles":["BackofficePontosPage - estado principal e subabas"],"fullName":"BackofficePontosPage - estado principal e subabas passa activeTab para o hook usePontosData","status":"passed","title":"passa activeTab para o hook usePontosData","duration":0.21640000000002146,"failureMessages":[],"meta":{},"tags":[]},{"ancestorTitles":["BackofficePontosPage - renderização condicional das subabas"],"fullName":"BackofficePontosPage - renderização condicional das subabas renderiza as subabas apenas quando aba principal é configuracao ou indicacao","status":"passed","title":"renderiza as subabas apenas quando aba principal é configuracao ou indicacao","duration":0.358600000000024,"failureMessages":[],"meta":{},"tags":[]},{"ancestorTitles":["BackofficePontosPage - renderização condicional das subabas"],"fullName":"BackofficePontosPage - renderização condicional das subabas não renderiza subabas quando aba principal é parceiros","status":"passed","title":"não renderiza subabas quando aba principal é parceiros","duration":0.37180000000000746,"failureMessages":[],"meta":{},"tags":[]},{"ancestorTitles":["BackofficePontosPage - mapeamento de componentes"],"fullName":"BackofficePontosPage - mapeamento de componentes renderiza ParceirosPontos apenas quando aba principal é parceiros","status":"passed","title":"renderiza ParceirosPontos apenas quando aba principal é parceiros","duration":0.3675000000000068,"failureMessages":[],"meta":{},"tags":[]},{"ancestorTitles":["BackofficePontosPage - mapeamento de componentes"],"fullName":"BackofficePontosPage - mapeamento de componentes renderiza CiclosPontos na subaba ciclos de CONFIGURAÇÃO","status":"passed","title":"renderiza CiclosPontos na subaba ciclos de CONFIGURAÇÃO","duration":0.29419999999998936,"failureMessages":[],"meta":{},"tags":[]},{"ancestorTitles":["BackofficePontosPage - mapeamento de componentes"],"fullName":"BackofficePontosPage - mapeamento de componentes renderiza ConfiguracaoPontos na subaba configuracao de CONFIGURAÇÃO","status":"passed","title":"renderiza ConfiguracaoPontos na subaba configuracao de CONFIGURAÇÃO","duration":0.22239999999999327,"failureMessages":[],"meta":{},"tags":[]},{"ancestorTitles":["BackofficePontosPage - mapeamento de componentes"],"fullName":"BackofficePontosPage - mapeamento de componentes renderiza DistribuirPontos na subaba distribuir de INDICAÇÃO","status":"passed","title":"renderiza DistribuirPontos na subaba distribuir de INDICAÇÃO","duration":0.2858999999999696,"failureMessages":[],"meta":{},"tags":[]},{"ancestorTitles":["BackofficePontosPage - mapeamento de componentes"],"fullName":"BackofficePontosPage - mapeamento de componentes renderiza PremiosPontos na subaba premios de INDICAÇÃO","status":"passed","title":"renderiza PremiosPontos na subaba premios de INDICAÇÃO","duration":0.19479999999998654,"failureMessages":[],"meta":{},"tags":[]},{"ancestorTitles":["BackofficePontosPage - mapeamento de componentes"],"fullName":"BackofficePontosPage - mapeamento de componentes renderiza RankingPontos na subaba ranking de INDICAÇÃO","status":"passed","title":"renderiza RankingPontos na subaba ranking de INDICAÇÃO","duration":0.2663000000000011,"failureMessages":[],"meta":{},"tags":[]},{"ancestorTitles":["BackofficePontosPage - mapeamento de componentes"],"fullName":"BackofficePontosPage - mapeamento de componentes renderiza ResgatePontos na subaba resgates de INDICAÇÃO","status":"passed","title":"renderiza ResgatePontos na subaba resgates de INDICAÇÃO","duration":0.17390000000000327,"failureMessages":[],"meta":{},"tags":[]},{"ancestorTitles":["BackofficePontosPage - todas as abas antigas preservadas"],"fullName":"BackofficePontosPage - todas as abas antigas preservadas todos os 7 componentes de aba continuam referenciados no código","status":"passed","title":"todos os 7 componentes de aba continuam referenciados no código","duration":1.2991999999999848,"failureMessages":[],"meta":{},"tags":[]}],"startTime":1787716529219,"endTime":1787716529241.2993,"status":"passed","message":"","name":"C:/apps/mundoas/apps/web/app/__tests__/backoffice-pontos-tabs.test.ts"},{"assertionResults":[{"ancestorTitles":["API backoffice/producao — contrato funcional"],"fullName":"API backoffice/producao — contrato funcional retorna 401 sem escopo de backoffice","status":"passed","title":"retorna 401 sem escopo de backoffice","duration":9.197000000000003,"failureMessages":[],"meta":{},"tags":[]},{"ancestorTitles":["API backoffice/producao — contrato funcional"],"fullName":"API backoffice/producao — contrato funcional retorna produção vazia com paginação padrão e listas auxiliares","status":"passed","title":"retorna produção vazia com paginação padrão e listas auxiliares","duration":5.9809999999999945,"failureMessages":[],"meta":{},"tags":[]},{"ancestorTitles":["API backoffice/producao — contrato funcional"],"fullName":"API backoffice/producao — contrato funcional aplica filtros, escopo e paginação na consulta de produção","status":"passed","title":"aplica filtros, escopo e paginação na consulta de produção","duration":3.5013000000000147,"failureMessages":[],"meta":{},"tags":[]}],"startTime":1787716524045,"endTime":1787716524063.5012,"status":"passed","message":"","name":"C:/apps/mundoas/apps/web/app/__tests__/backoffice-producao-functional.test.ts"},{"assertionResults":[{"ancestorTitles":["API backoffice/reprocessar-comissoes — contrato funcional"],"fullName":"API backoffice/reprocessar-comissoes — contrato funcional retorna 401 no POST sem escopo","status":"passed","title":"retorna 401 no POST sem escopo","duration":10.30880000000002,"failureMessages":[],"meta":{},"tags":[]},{"ancestorTitles":["API backoffice/reprocessar-comissoes — contrato funcional"],"fullName":"API backoffice/reprocessar-comissoes — contrato funcional rejeita competência inválida e comercial fora do escopo","status":"passed","title":"rejeita competência inválida e comercial fora do escopo","duration":5.896100000000047,"failureMessages":[],"meta":{},"tags":[]},{"ancestorTitles":["API backoffice/reprocessar-comissoes — contrato funcional"],"fullName":"API backoffice/reprocessar-comissoes — contrato funcional retorna informações do GET sem comercial no mês","status":"passed","title":"retorna informações do GET sem comercial no mês","duration":3.3114000000000487,"failureMessages":[],"meta":{},"tags":[]},{"ancestorTitles":["API backoffice/reprocessar-comissoes — contrato funcional"],"fullName":"API backoffice/reprocessar-comissoes — contrato funcional retorna mensagem quando não há procedimentos para processar","status":"passed","title":"retorna mensagem quando não há procedimentos para processar","duration":2.0860000000000127,"failureMessages":[],"meta":{},"tags":[]},{"ancestorTitles":["API backoffice/reprocessar-comissoes — contrato funcional"],"fullName":"API backoffice/reprocessar-comissoes — contrato funcional não duplica comissão nem meta quando o reprocessamento é repetido","status":"passed","title":"não duplica comissão nem meta quando o reprocessamento é repetido","duration":2.2024999999999864,"failureMessages":[],"meta":{},"tags":[]},{"ancestorTitles":["API backoffice/reprocessar-comissoes — contrato funcional"],"fullName":"API backoffice/reprocessar-comissoes — contrato funcional retorna erro e não registra auditoria quando a transação falha","status":"passed","title":"retorna erro e não registra auditoria quando a transação falha","duration":5.483699999999999,"failureMessages":[],"meta":{},"tags":[]},{"ancestorTitles":["API backoffice/reprocessar-comissoes — contrato funcional"],"fullName":"API backoffice/reprocessar-comissoes — contrato funcional reprocessa procedimentos e registra auditoria","status":"passed","title":"reprocessa procedimentos e registra auditoria","duration":1.6964000000000397,"failureMessages":[],"meta":{},"tags":[]}],"startTime":1787716512518,"endTime":1787716512549.6963,"status":"passed","message":"","name":"C:/apps/mundoas/apps/web/app/__tests__/backoffice-reprocessar-comissoes-functional.test.ts"},{"assertionResults":[{"ancestorTitles":["GET /api/v1/backoffice/setores"],"fullName":"GET /api/v1/backoffice/setores retorna 200 com lista de setores","status":"passed","title":"retorna 200 com lista de setores","duration":15.051099999999906,"failureMessages":[],"meta":{},"tags":[]},{"ancestorTitles":["GET /api/v1/backoffice/setores"],"fullName":"GET /api/v1/backoffice/setores respeita query param ativo=false","status":"passed","title":"respeita query param ativo=false","duration":8.37009999999998,"failureMessages":[],"meta":{},"tags":[]},{"ancestorTitles":["GET /api/v1/backoffice/setores"],"fullName":"GET /api/v1/backoffice/setores usa ativo=true por padrão","status":"passed","title":"usa ativo=true por padrão","duration":1.9233000000000402,"failureMessages":[],"meta":{},"tags":[]},{"ancestorTitles":["GET /api/v1/backoffice/setores"],"fullName":"GET /api/v1/backoffice/setores filtra exclusivamente pelo backoffice autenticado","status":"passed","title":"filtra exclusivamente pelo backoffice autenticado","duration":1.434500000000071,"failureMessages":[],"meta":{},"tags":[]},{"ancestorTitles":["GET /api/v1/backoffice/setores"],"fullName":"GET /api/v1/backoffice/setores retorna 403 sem permissão","status":"passed","title":"retorna 403 sem permissão","duration":1.2069999999999936,"failureMessages":[],"meta":{},"tags":[]},{"ancestorTitles":["GET /api/v1/backoffice/consultores-pf"],"fullName":"GET /api/v1/backoffice/consultores-pf retorna 200 com lista vazia","status":"passed","title":"retorna 200 com lista vazia","duration":1.3004000000000815,"failureMessages":[],"meta":{},"tags":[]},{"ancestorTitles":["GET /api/v1/backoffice/consultores-pf"],"fullName":"GET /api/v1/backoffice/consultores-pf aplica filtro liderancaId quando presente","status":"passed","title":"aplica filtro liderancaId quando presente","duration":1.334699999999998,"failureMessages":[],"meta":{},"tags":[]},{"ancestorTitles":["GET /api/v1/backoffice/consultores-pf"],"fullName":"GET /api/v1/backoffice/consultores-pf retorna 403 sem permissão","status":"passed","title":"retorna 403 sem permissão","duration":1.4286999999999352,"failureMessages":[],"meta":{},"tags":[]}],"startTime":1787716518980,"endTime":1787716519012.4287,"status":"passed","message":"","name":"C:/apps/mundoas/apps/web/app/__tests__/backoffice-setores-consultores-pf-routes.test.ts"},{"assertionResults":[{"ancestorTitles":["backoffice/uploads/service"],"fullName":"backoffice/uploads/service deve exportar processUploadPlanilha","status":"passed","title":"deve exportar processUploadPlanilha","duration":378.6477,"failureMessages":[],"meta":{},"tags":[]}],"startTime":1787716488438,"endTime":1787716488816.6477,"status":"passed","message":"","name":"C:/apps/mundoas/apps/web/app/__tests__/backoffice-uploads-service.test.ts"},{"assertionResults":[{"ancestorTitles":["Assinatura — criação de unidade (Fase 2)"],"fullName":"Assinatura — criação de unidade (Fase 2) nasce com statusAssinatura = CORTESIA por padrão","status":"passed","title":"nasce com statusAssinatura = CORTESIA por padrão","duration":814.8902,"failureMessages":[],"meta":{},"tags":[]},{"ancestorTitles":["Assinatura — criação de unidade (Fase 2)"],"fullName":"Assinatura — criação de unidade (Fase 2) usuário nasce com papel = BACKOFFICE (regressão do bug de permission_denied)","status":"passed","title":"usuário nasce com papel = BACKOFFICE (regressão do bug de permission_denied)","duration":544.1264999999999,"failureMessages":[],"meta":{},"tags":[]},{"ancestorTitles":["Assinatura — criação de unidade (Fase 2)"],"fullName":"Assinatura — criação de unidade (Fase 2) usuário nasce com senhaTemporaria = true (força troca no 1º acesso)","status":"passed","title":"usuário nasce com senhaTemporaria = true (força troca no 1º acesso)","duration":557.364,"failureMessages":[],"meta":{},"tags":[]},{"ancestorTitles":["Assinatura — criação de unidade (Fase 2)"],"fullName":"Assinatura — criação de unidade (Fase 2) assinatura é 1:1 com o backoffice (não permite duas assinaturas pra mesma unidade)","status":"passed","title":"assinatura é 1:1 com o backoffice (não permite duas assinaturas pra mesma unidade)","duration":584.5639999999999,"failureMessages":[],"meta":{},"tags":[]},{"ancestorTitles":["Assinatura — ações manuais do Admin (Fase 3)"],"fullName":"Assinatura — ações manuais do Admin (Fase 3) BLOQUEAR seta status BLOQUEADA_MANUAL e grava motivo","status":"passed","title":"BLOQUEAR seta status BLOQUEADA_MANUAL e grava motivo","duration":610.2249999999999,"failureMessages":[],"meta":{},"tags":[]},{"ancestorTitles":["Assinatura — ações manuais do Admin (Fase 3)"],"fullName":"Assinatura — ações manuais do Admin (Fase 3) LIBERAR volta pra ATIVA e limpa os campos de bloqueio","status":"passed","title":"LIBERAR volta pra ATIVA e limpa os campos de bloqueio","duration":712.3657999999996,"failureMessages":[],"meta":{},"tags":[]},{"ancestorTitles":["Assinatura — ações manuais do Admin (Fase 3)"],"fullName":"Assinatura — ações manuais do Admin (Fase 3) CONCEDER_CORTESIA não é permitido quando BLOQUEADA_MANUAL (regra de prioridade)","status":"passed","title":"CONCEDER_CORTESIA não é permitido quando BLOQUEADA_MANUAL (regra de prioridade)","duration":645.1895999999997,"failureMessages":[],"meta":{},"tags":[]},{"ancestorTitles":["Assinatura — ações manuais do Admin (Fase 3)"],"fullName":"Assinatura — ações manuais do Admin (Fase 3) CONCEDER_CORTESIA com expiração grava cortesiaExpiraEm","status":"passed","title":"CONCEDER_CORTESIA com expiração grava cortesiaExpiraEm","duration":636.5852999999997,"failureMessages":[],"meta":{},"tags":[]},{"ancestorTitles":["Assinatura — ações manuais do Admin (Fase 3)"],"fullName":"Assinatura — ações manuais do Admin (Fase 3) ENCERRAR_CORTESIA volta pra ATIVA e limpa campos de cortesia","status":"passed","title":"ENCERRAR_CORTESIA volta pra ATIVA e limpa campos de cortesia","duration":572.5606000000007,"failureMessages":[],"meta":{},"tags":[]},{"ancestorTitles":["Faturas manuais (Fase 5)"],"fullName":"Faturas manuais (Fase 5) cria fatura com status PENDING por padrão","status":"passed","title":"cria fatura com status PENDING por padrão","duration":561.0581999999995,"failureMessages":[],"meta":{},"tags":[]},{"ancestorTitles":["Faturas manuais (Fase 5)"],"fullName":"Faturas manuais (Fase 5) marcar como paga grava pagoManualmente, pagoEm e CONFIRMED","status":"passed","title":"marcar como paga grava pagoManualmente, pagoEm e CONFIRMED","duration":565.5151000000005,"failureMessages":[],"meta":{},"tags":[]},{"ancestorTitles":["Faturas manuais (Fase 5)"],"fullName":"Faturas manuais (Fase 5) marcar fatura como paga volta a Assinatura INADIMPLENTE para ATIVA","status":"passed","title":"marcar fatura como paga volta a Assinatura INADIMPLENTE para ATIVA","duration":631.1257999999998,"failureMessages":[],"meta":{},"tags":[]},{"ancestorTitles":["Faturas manuais (Fase 5)"],"fullName":"Faturas manuais (Fase 5) marcar como não paga reverte pagoManualmente e zera pagoEm","status":"passed","title":"marcar como não paga reverte pagoManualmente e zera pagoEm","duration":569.9214000000011,"failureMessages":[],"meta":{},"tags":[]},{"ancestorTitles":["Enforcement — regra de liberação de acesso (Fase 6)"],"fullName":"Enforcement — regra de liberação de acesso (Fase 6) BLOQUEADA_MANUAL bloqueia o acesso","status":"passed","title":"BLOQUEADA_MANUAL bloqueia o acesso","duration":1.4418000000005122,"failureMessages":[],"meta":{},"tags":[]},{"ancestorTitles":["Enforcement — regra de liberação de acesso (Fase 6)"],"fullName":"Enforcement — regra de liberação de acesso (Fase 6) INADIMPLENTE bloqueia o acesso","status":"passed","title":"INADIMPLENTE bloqueia o acesso","duration":0.26629999999931897,"failureMessages":[],"meta":{},"tags":[]},{"ancestorTitles":["Enforcement — regra de liberação de acesso (Fase 6)"],"fullName":"Enforcement — regra de liberação de acesso (Fase 6) CANCELADA bloqueia o acesso","status":"passed","title":"CANCELADA bloqueia o acesso","duration":0.2407999999995809,"failureMessages":[],"meta":{},"tags":[]},{"ancestorTitles":["Enforcement — regra de liberação de acesso (Fase 6)"],"fullName":"Enforcement — regra de liberação de acesso (Fase 6) ATIVA libera o acesso","status":"passed","title":"ATIVA libera o acesso","duration":0.17840000000069267,"failureMessages":[],"meta":{},"tags":[]},{"ancestorTitles":["Enforcement — regra de liberação de acesso (Fase 6)"],"fullName":"Enforcement — regra de liberação de acesso (Fase 6) CORTESIA libera o acesso mesmo sem pagamento","status":"passed","title":"CORTESIA libera o acesso mesmo sem pagamento","duration":0.17250000000058208,"failureMessages":[],"meta":{},"tags":[]},{"ancestorTitles":["Lembrete financeiro — ícone de mensalidade pendente (Fase 8)"],"fullName":"Lembrete financeiro — ícone de mensalidade pendente (Fase 8) mostra o lembrete quando não há fatura paga no mês corrente","status":"passed","title":"mostra o lembrete quando não há fatura paga no mês corrente","duration":592.7947999999997,"failureMessages":[],"meta":{},"tags":[]},{"ancestorTitles":["Lembrete financeiro — ícone de mensalidade pendente (Fase 8)"],"fullName":"Lembrete financeiro — ícone de mensalidade pendente (Fase 8) mostra o lembrete quando há fatura do mês, mas ainda não paga","status":"passed","title":"mostra o lembrete quando há fatura do mês, mas ainda não paga","duration":577.8950999999997,"failureMessages":[],"meta":{},"tags":[]},{"ancestorTitles":["Lembrete financeiro — ícone de mensalidade pendente (Fase 8)"],"fullName":"Lembrete financeiro — ícone de mensalidade pendente (Fase 8) esconde o lembrete quando a fatura do mês corrente está paga","status":"passed","title":"esconde o lembrete quando a fatura do mês corrente está paga","duration":623.8716999999997,"failureMessages":[],"meta":{},"tags":[]},{"ancestorTitles":["Lembrete financeiro — ícone de mensalidade pendente (Fase 8)"],"fullName":"Lembrete financeiro — ícone de mensalidade pendente (Fase 8) ignora fatura paga de mês anterior (não deve esconder o lembrete do mês atual)","status":"passed","title":"ignora fatura paga de mês anterior (não deve esconder o lembrete do mês atual)","duration":631.1170000000002,"failureMessages":[],"meta":{},"tags":[]}],"startTime":1787716400302,"endTime":1787716410738.117,"status":"passed","message":"","name":"C:/apps/mundoas/apps/web/app/__tests__/billing-assinatura.test.ts"},{"assertionResults":[{"ancestorTitles":["ciclos-pontos - renderização básica"],"fullName":"ciclos-pontos - renderização básica deve renderizar título 'Ciclos de Pontos'","status":"passed","title":"deve renderizar título 'Ciclos de Pontos'","duration":4.370299999999986,"failureMessages":[],"meta":{},"tags":[]},{"ancestorTitles":["ciclos-pontos - renderização básica"],"fullName":"ciclos-pontos - renderização básica deve aceitar prop data","status":"passed","title":"deve aceitar prop data","duration":0.6694999999999709,"failureMessages":[],"meta":{},"tags":[]}],"startTime":1787716556323,"endTime":1787716556327.6694,"status":"passed","message":"","name":"C:/apps/mundoas/apps/web/app/__tests__/ciclos-pontos-unit.test.ts"},{"assertionResults":[{"ancestorTitles":["Fix: Email Duplicado na Criacao de Comercial"],"fullName":"Fix: Email Duplicado na Criacao de Comercial email da lideranca deve ser diferente do email do comercial","status":"passed","title":"email da lideranca deve ser diferente do email do comercial","duration":3.0709000000000515,"failureMessages":[],"meta":{},"tags":[]},{"ancestorTitles":["Fix: Email Duplicado na Criacao de Comercial"],"fullName":"Fix: Email Duplicado na Criacao de Comercial email da lideranca deve seguir o padrao lideranca-{cpf}@{backofficeId}.com","status":"passed","title":"email da lideranca deve seguir o padrao lideranca-{cpf}@{backofficeId}.com","duration":0.31979999999998654,"failureMessages":[],"meta":{},"tags":[]},{"ancestorTitles":["Fix: Email Duplicado na Criacao de Comercial"],"fullName":"Fix: Email Duplicado na Criacao de Comercial email unico da lideranca nao deve conflitar com email do comercial","status":"passed","title":"email unico da lideranca nao deve conflitar com email do comercial","duration":28.947799999999916,"failureMessages":[],"meta":{},"tags":[]},{"ancestorTitles":["Fix: Email Duplicado na Criacao de Comercial"],"fullName":"Fix: Email Duplicado na Criacao de Comercial upsert deve ser idempotente: criar lideranca duas vezes com mesmo cpf nao deve falhar","status":"passed","title":"upsert deve ser idempotente: criar lideranca duas vezes com mesmo cpf nao deve falhar","duration":15.231699999999933,"failureMessages":[],"meta":{},"tags":[]},{"ancestorTitles":["Fix: Email Duplicado na Criacao de Comercial"],"fullName":"Fix: Email Duplicado na Criacao de Comercial dois comerciais com emails diferentes devem poder ser criados sob a mesma lideranca","status":"passed","title":"dois comerciais com emails diferentes devem poder ser criados sob a mesma lideranca","duration":21.46530000000007,"failureMessages":[],"meta":{},"tags":[]}],"startTime":1787716492366,"endTime":1787716492434.4653,"status":"passed","message":"","name":"C:/apps/mundoas/apps/web/app/__tests__/comerciais-api-email-fix.test.ts"},{"assertionResults":[{"ancestorTitles":["DELETE Comercial - Soft Delete do Usuario"],"fullName":"DELETE Comercial - Soft Delete do Usuario deve inativar o usuario ao deletar comercial (soft delete)","status":"passed","title":"deve inativar o usuario ao deletar comercial (soft delete)","duration":2054.5496000000003,"failureMessages":[],"meta":{},"tags":[]},{"ancestorTitles":["DELETE Comercia
[...]
fullName":"API route rota alterada existe","status":"passed","title":"rota alterada existe","duration":3.0382000000000176,"failureMessages":[],"meta":{},"tags":[]}],"startTime":1787716571245,"endTime":1787716571248.038,"status":"passed","message":"","name":"C:/apps/mundoas/apps/web/app/__tests__/app/api/v1/backoffice/comerciais/id/route.test.ts"},{"assertionResults":[{"ancestorTitles":["API route"],"fullName":"API route rota alterada existe","status":"passed","title":"rota alterada existe","duration":3.3747999999999934,"failureMessages":[],"meta":{},"tags":[]}],"startTime":1787716542129,"endTime":1787716542132.3748,"status":"passed","message":"","name":"C:/apps/mundoas/apps/web/app/__tests__/app/api/v1/backoffice/equipe/id/route.test.ts"},{"assertionResults":[{"ancestorTitles":["API route"],"fullName":"API route rota alterada existe","status":"passed","title":"rota alterada existe","duration":2.3660999999999603,"failureMessages":[],"meta":{},"tags":[]}],"startTime":1787716570462,"endTime":1787716570464.3662,"status":"passed","message":"","name":"C:/apps/mundoas/apps/web/app/__tests__/app/api/v1/backoffice/consultores/id/route.test.ts"},{"assertionResults":[{"ancestorTitles":["API route"],"fullName":"API route rota alterada existe","status":"passed","title":"rota alterada existe","duration":3.654100000000028,"failureMessages":[],"meta":{},"tags":[]}],"startTime":1787716573583,"endTime":1787716573586.654,"status":"passed","message":"","name":"C:/apps/mundoas/apps/web/app/__tests__/app/api/v1/backoffice/consultores-pf/comissoes/route.test.ts"},{"assertionResults":[{"ancestorTitles":["API route"],"fullName":"API route rota alterada existe","status":"passed","title":"rota alterada existe","duration":2.3571000000000026,"failureMessages":[],"meta":{},"tags":[]}],"startTime":1787716568663,"endTime":1787716568665.3572,"status":"passed","message":"","name":"C:/apps/mundoas/apps/web/app/__tests__/app/api/v1/backoffice/liderancas/id/route.test.ts"},{"assertionResults":[{"ancestorTitles":["API route"],"fullName":"API route rota alterada existe","status":"passed","title":"rota alterada existe","duration":2.9752000000000294,"failureMessages":[],"meta":{},"tags":[]}],"startTime":1787716577873,"endTime":1787716577875.975,"status":"passed","message":"","name":"C:/apps/mundoas/apps/web/app/__tests__/app/api/v1/backoffice/consultores-pf/id/route.test.ts"},{"assertionResults":[{"ancestorTitles":["API route"],"fullName":"API route rota alterada existe","status":"passed","title":"rota alterada existe","duration":3.135499999999979,"failureMessages":[],"meta":{},"tags":[]}],"startTime":1787716581834,"endTime":1787716581837.1355,"status":"passed","message":"","name":"C:/apps/mundoas/apps/web/app/__tests__/app/api/v1/backoffice/metas-vendas/auditoria-realizado/route.test.ts"},{"assertionResults":[{"ancestorTitles":["API route"],"fullName":"API route rota alterada existe","status":"passed","title":"rota alterada existe","duration":2.2957999999999856,"failureMessages":[],"meta":{},"tags":[]}],"startTime":1787716560409,"endTime":1787716560411.296,"status":"passed","message":"","name":"C:/apps/mundoas/apps/web/app/__tests__/app/api/v1/backoffice/pontos/ciclos/route.test.ts"},{"assertionResults":[{"ancestorTitles":["API route"],"fullName":"API route rota alterada existe","status":"passed","title":"rota alterada existe","duration":2.678800000000024,"failureMessages":[],"meta":{},"tags":[]}],"startTime":1787716576248,"endTime":1787716576250.6787,"status":"passed","message":"","name":"C:/apps/mundoas/apps/web/app/__tests__/app/api/v1/backoffice/pontos/configuracao/route.test.ts"},{"assertionResults":[{"ancestorTitles":["API route"],"fullName":"API route rota alterada existe","status":"passed","title":"rota alterada existe","duration":3.8573000000000093,"failureMessages":[],"meta":{},"tags":[]}],"startTime":1787716595419,"endTime":1787716595422.8574,"status":"passed","message":"","name":"C:/apps/mundoas/apps/web/app/__tests__/app/api/v1/backoffice/pontos/premios/route.test.ts"},{"assertionResults":[{"ancestorTitles":["API route"],"fullName":"API route rota alterada existe","status":"passed","title":"rota alterada existe","duration":2.3795000000000073,"failureMessages":[],"meta":{},"tags":[]}],"startTime":1787716581481,"endTime":1787716581483.3794,"status":"passed","message":"","name":"C:/apps/mundoas/apps/web/app/__tests__/app/api/v1/backoffice/pontos/distribuir/route.test.ts"},{"assertionResults":[{"ancestorTitles":["API route"],"fullName":"API route rota alterada existe","status":"passed","title":"rota alterada existe","duration":3.512299999999982,"failureMessages":[],"meta":{},"tags":[]}],"startTime":1787716582228,"endTime":1787716582231.5122,"status":"passed","message":"","name":"C:/apps/mundoas/apps/web/app/__tests__/app/api/v1/backoffice/pontos/ranking/route.test.ts"},{"assertionResults":[{"ancestorTitles":["API route"],"fullName":"API route rota alterada existe","status":"passed","title":"rota alterada existe","duration":2.2695999999999685,"failureMessages":[],"meta":{},"tags":[]}],"startTime":1787716547426,"endTime":1787716547428.2695,"status":"passed","message":"","name":"C:/apps/mundoas/apps/web/app/__tests__/app/api/v1/backoffice/parceiros/check-cpf/route.test.ts"},{"assertionResults":[{"ancestorTitles":["API route"],"fullName":"API route rota alterada existe","status":"passed","title":"rota alterada existe","duration":2.2683000000000106,"failureMessages":[],"meta":{},"tags":[]}],"startTime":1787716552576,"endTime":1787716552578.2683,"status":"passed","message":"","name":"C:/apps/mundoas/apps/web/app/__tests__/app/api/v1/backoffice/pontos/resgates/route.test.ts"},{"assertionResults":[{"ancestorTitles":["API route"],"fullName":"API route rota alterada existe","status":"passed","title":"rota alterada existe","duration":2.496399999999994,"failureMessages":[],"meta":{},"tags":[]}],"startTime":1787716579551,"endTime":1787716579553.4963,"status":"passed","message":"","name":"C:/apps/mundoas/apps/web/app/__tests__/app/api/v1/backoffice/parceiros/reactivate/route.test.ts"},{"assertionResults":[{"ancestorTitles":["API route"],"fullName":"API route rota alterada existe","status":"passed","title":"rota alterada existe","duration":2.5185000000000173,"failureMessages":[],"meta":{},"tags":[]}],"startTime":1787716554409,"endTime":1787716554411.5186,"status":"passed","message":"","name":"C:/apps/mundoas/apps/web/app/__tests__/app/api/v1/comercial/minha-comissao/comissoes/route.test.ts"},{"assertionResults":[{"ancestorTitles":["API route"],"fullName":"API route rota alterada existe","status":"passed","title":"rota alterada existe","duration":2.289199999999994,"failureMessages":[],"meta":{},"tags":[]}],"startTime":1787716555962,"endTime":1787716555964.2893,"status":"passed","message":"","name":"C:/apps/mundoas/apps/web/app/__tests__/app/api/v1/backoffice/uploads/id/route.test.ts"},{"assertionResults":[{"ancestorTitles":["API route"],"fullName":"API route rota alterada existe","status":"passed","title":"rota alterada existe","duration":2.7508000000000266,"failureMessages":[],"meta":{},"tags":[]}],"startTime":1787716557133,"endTime":1787716557135.7507,"status":"passed","message":"","name":"C:/apps/mundoas/apps/web/app/__tests__/app/api/v1/backoffice/uploads/preview/route.test.ts"},{"assertionResults":[{"ancestorTitles":["API route"],"fullName":"API route rota alterada existe","status":"passed","title":"rota alterada existe","duration":2.2624999999999886,"failureMessages":[],"meta":{},"tags":[]}],"startTime":1787716592644,"endTime":1787716592646.2625,"status":"passed","message":"","name":"C:/apps/mundoas/apps/web/app/__tests__/app/api/v1/lideranca/equipe/importar/route.test.ts"},{"assertionResults":[{"ancestorTitles":["API route"],"fullName":"API route rota alterada existe","status":"passed","title":"rota alterada existe","duration":2.4519000000000233,"failureMessages":[],"meta":{},"tags":[]}],"startTime":1787716579183,"endTime":1787716579185.452,"status":"passed","message":"","name":"C:/apps/mundoas/apps/web/app/__tests__/app/api/v1/lideranca/consultores-pf/producao/route.test.ts"},{"assertionResults":[{"ancestorTitles":["API route"],"fullName":"API route rota alterada existe","status":"passed","title":"rota alterada existe","duration":3.5697999999999865,"failureMessages":[],"meta":{},"tags":[]}],"startTime":1787716562911,"endTime":1787716562914.5698,"status":"passed","message":"","name":"C:/apps/mundoas/apps/web/app/__tests__/app/api/v1/lideranca/consultores-pf/id/route.test.ts"},{"assertionResults":[{"ancestorTitles":["API route"],"fullName":"API route rota alterada existe","status":"passed","title":"rota alterada existe","duration":2.5179999999999723,"failureMessages":[],"meta":{},"tags":[]}],"startTime":1787716556773,"endTime":1787716556775.518,"status":"passed","message":"","name":"C:/apps/mundoas/apps/web/app/__tests__/app/api/v1/parceiro/indicados/check-cpf/route.test.ts"},{"assertionResults":[{"ancestorTitles":["API route"],"fullName":"API route rota alterada existe","status":"passed","title":"rota alterada existe","duration":2.7484000000000037,"failureMessages":[],"meta":{},"tags":[]}],"startTime":1787716593403,"endTime":1787716593405.7483,"status":"passed","message":"","name":"C:/apps/mundoas/apps/web/app/__tests__/app/api/v1/parceiro/pontos/carteira/route.test.ts"},{"assertionResults":[{"ancestorTitles":["API route"],"fullName":"API route rota alterada existe","status":"passed","title":"rota alterada existe","duration":3.949700000000007,"failureMessages":[],"meta":{},"tags":[]}],"startTime":1787716572086,"endTime":1787716572089.9497,"status":"passed","message":"","name":"C:/apps/mundoas/apps/web/app/__tests__/app/api/v1/parceiro/pontos/extrato/route.test.ts"},{"assertionResults":[{"ancestorTitles":["API route"],"fullName":"API route rota alterada existe","status":"passed","title":"rota alterada existe","duration":2.345700000000022,"failureMessages":[],"meta":{},"tags":[]}],"startTime":1787716580741,"endTime":1787716580743.3457,"status":"passed","message":"","name":"C:/apps/mundoas/apps/web/app/__tests__/app/api/v1/parceiro/pontos/premios/route.test.ts"},{"assertionResults":[{"ancestorTitles":["API route"],"fullName":"API route rota alterada existe","status":"passed","title":"rota alterada existe","duration":3.444699999999955,"failureMessages":[],"meta":{},"tags":[]}],"startTime":1787716559517,"endTime":1787716559520.4446,"status":"passed","message":"","name":"C:/apps/mundoas/apps/web/app/__tests__/app/api/v1/parceiro/pontos/preferencia-ciclo/route.test.ts"},{"assertionResults":[{"ancestorTitles":["API route"],"fullName":"API route rota alterada existe","status":"passed","title":"rota alterada existe","duration":2.5440999999999576,"failureMessages":[],"meta":{},"tags":[]}],"startTime":1787716543577,"endTime":1787716543579.5442,"status":"passed","message":"","name":"C:/apps/mundoas/apps/web/app/__tests__/app/api/v1/parceiro/pontos/resgates/route.test.ts"},{"assertionResults":[{"ancestorTitles":["API route"],"fullName":"API route rota alterada existe","status":"passed","title":"rota alterada existe","duration":2.4075000000000273,"failureMessages":[],"meta":{},"tags":[]}],"startTime":1787716591480,"endTime":1787716591482.4075,"status":"passed","message":"","name":"C:/apps/mundoas/apps/web/app/__tests__/app/api/v1/parceiro/pontos/ranking/route.test.ts"},{"assertionResults":[{"ancestorTitles":["API route"],"fullName":"API route rota alterada existe","status":"passed","title":"rota alterada existe","duration":2.8804999999999836,"failureMessages":[],"meta":{},"tags":[]}],"startTime":1787716576692,"endTime":1787716576694.8806,"status":"passed","message":"","name":"C:/apps/mundoas/apps/web/app/__tests__/app/api/v1/admin/usuarios/id/delete-info/route.test.ts"},{"assertionResults":[{"ancestorTitles":["API route"],"fullName":"API route rota alterada existe","status":"passed","title":"rota alterada existe","duration":3.657199999999989,"failureMessages":[],"meta":{},"tags":[]}],"startTime":1787716562283,"endTime":1787716562286.6572,"status":"passed","message":"","name":"C:/apps/mundoas/apps/web/app/__tests__/app/api/v1/admin/backoffices/id/faturas/route.test.ts"},{"assertionResults":[{"ancestorTitles":["API route"],"fullName":"API route rota alterada existe","status":"passed","title":"rota alterada existe","duration":3.7901999999999703,"failureMessages":[],"meta":{},"tags":[]}],"startTime":1787716541219,"endTime":1787716541222.7903,"status":"passed","message":"","name":"C:/apps/mundoas/apps/web/app/__tests__/app/api/v1/admin/backoffices/id/assinatura/route.test.ts"},{"assertionResults":[{"ancestorTitles":["API route"],"fullName":"API route rota alterada existe","status":"passed","title":"rota alterada existe","duration":2.9553999999999974,"failureMessages":[],"meta":{},"tags":[]}],"startTime":1787716586579,"endTime":1787716586581.9553,"status":"passed","message":"","name":"C:/apps/mundoas/apps/web/app/__tests__/app/api/v1/admin/usuarios/id/reset-password/route.test.ts"},{"assertionResults":[{"ancestorTitles":["API route"],"fullName":"API route rota alterada existe","status":"passed","title":"rota alterada existe","duration":2.6175999999999817,"failureMessages":[],"meta":{},"tags":[]}],"startTime":1787716569942,"endTime":1787716569944.6177,"status":"passed","message":"","name":"C:/apps/mundoas/apps/web/app/__tests__/app/api/v1/backoffice/comerciais/id/comissoes/route.test.ts"},{"assertionResults":[{"ancestorTitles":["API route"],"fullName":"API route rota alterada existe","status":"passed","title":"rota alterada existe","duration":3.8631000000000313,"failureMessages":[],"meta":{},"tags":[]}],"startTime":1787716555583,"endTime":1787716555586.863,"status":"passed","message":"","name":"C:/apps/mundoas/apps/web/app/__tests__/app/api/v1/backoffice/equipe/id/comissoes/route.test.ts"},{"assertionResults":[{"ancestorTitles":["API route"],"fullName":"API route rota alterada existe","status":"passed","title":"rota alterada existe","duration":2.70920000000001,"failureMessages":[],"meta":{},"tags":[]}],"startTime":1787716596629,"endTime":1787716596631.7092,"status":"passed","message":"","name":"C:/apps/mundoas/apps/web/app/__tests__/app/api/v1/backoffice/comissionamento/validacao/mesReferencia/route.test.ts"},{"assertionResults":[{"ancestorTitles":["API route"],"fullName":"API route rota alterada existe","status":"passed","title":"rota alterada existe","duration":4.909000000000049,"failureMessages":[],"meta":{},"tags":[]}],"startTime":1787716566872,"endTime":1787716566876.909,"status":"passed","message":"","name":"C:/apps/mundoas/apps/web/app/__tests__/app/api/v1/backoffice/comerciais/id/metas/route.test.ts"},{"assertionResults":[{"ancestorTitles":["API route"],"fullName":"API route rota alterada existe","status":"passed","title":"rota alterada existe","duration":3.5045000000000073,"failureMessages":[],"meta":{},"tags":[]}],"startTime":1787716567302,"endTime":1787716567305.5044,"status":"passed","message":"","name":"C:/apps/mundoas/apps/web/app/__tests__/app/api/v1/backoffice/equipe/id/equipe/route.test.ts"},{"assertionResults":[{"ancestorTitles":["API route"],"fullName":"API route rota alterada existe","status":"passed","title":"rota alterada existe","duration":2.686399999999992,"failureMessages":[],"meta":{},"tags":[]}],"startTime":1787716544008,"endTime":1787716544010.6863,"status":"passed","message":"","name":"C:/apps/mundoas/apps/web/app/__tests__/app/api/v1/backoffice/equipe/id/metas/route.test.ts"},{"assertionResults":[{"ancestorTitles":["API route"],"fullName":"API route rota alterada existe","status":"passed","title":"rota alterada existe","duration":3.6736000000000217,"failureMessages":[],"meta":{},"tags":[]}],"startTime":1787716592245,"endTime":1787716592248.6736,"status":"passed","message":"","name":"C:/apps/mundoas/apps/web/app/__tests__/app/api/v1/backoffice/liderancas/id/equipe/route.test.ts"},{"assertionResults":[{"ancestorTitles":["API route"],"fullName":"API route rota alterada existe","status":"passed","title":"rota alterada existe","duration":2.293700000000001,"failureMessages":[],"meta":{},"tags":[]}],"startTime":1787716572460,"endTime":1787716572462.2937,"status":"passed","message":"","name":"C:/apps/mundoas/apps/web/app/__tests__/app/api/v1/backoffice/metas-vendas/consultorId/setorId/route.test.ts"},{"assertionResults":[{"ancestorTitles":["API route"],"fullName":"API route rota alterada existe","status":"passed","title":"rota alterada existe","duration":2.901299999999992,"failureMessages":[],"meta":{},"tags":[]}],"startTime":1787716565135,"endTime":1787716565137.9014,"status":"passed","message":"","name":"C:/apps/mundoas/apps/web/app/__tests__/app/api/v1/backoffice/pontos/ciclos/id/route.test.ts"},{"assertionResults":[{"ancestorTitles":["API route"],"fullName":"API route rota alterada existe","status":"passed","title":"rota alterada existe","duration":2.4711000000000354,"failureMessages":[],"meta":{},"tags":[]}],"startTime":1787716589058,"endTime":1787716589060.4712,"status":"passed","message":"","name":"C:/apps/mundoas/apps/web/app/__tests__/app/api/v1/backoffice/pontos/resgates/id/route.test.ts"},{"assertionResults":[{"ancestorTitles":["API route"],"fullName":"API route rota alterada existe","status":"passed","title":"rota alterada existe","duration":3.4552999999999656,"failureMessages":[],"meta":{},"tags":[]}],"startTime":1787716586134,"endTime":1787716586137.4553,"status":"passed","message":"","name":"C:/apps/mundoas/apps/web/app/__tests__/app/api/v1/lideranca/equipe/consultores-pf/importar/route.test.ts"},{"assertionResults":[{"ancestorTitles":["API route"],"fullName":"API route rota alterada existe","status":"passed","title":"rota alterada existe","duration":2.7467000000000326,"failureMessages":[],"meta":{},"tags":[]}],"startTime":1787716548182,"endTime":1787716548184.7466,"status":"passed","message":"","name":"C:/apps/mundoas/apps/web/app/__tests__/app/api/v1/backoffice/uploads/id/arquivo/route.test.ts"},{"assertionResults":[{"ancestorTitles":["API route"],"fullName":"API route rota alterada existe","status":"passed","title":"rota alterada existe","duration":2.5599000000000274,"failureMessages":[],"meta":{},"tags":[]}],"startTime":1787716551278,"endTime":1787716551280.5598,"status":"passed","message":"","name":"C:/apps/mundoas/apps/web/app/__tests__/app/api/v1/lideranca/consultores-pf/producao/procedimentos/route.test.ts"},{"assertionResults":[{"ancestorTitles":["API route"],"fullName":"API route rota alterada existe","status":"passed","title":"rota alterada existe","duration":2.6071000000000026,"failureMessages":[],"meta":{},"tags":[]}],"startTime":1787716596253,"endTime":1787716596255.6072,"status":"passed","message":"","name":"C:/apps/mundoas/apps/web/app/__tests__/app/api/v1/lideranca/consultores-pf/id/comissoes/route.test.ts"},{"assertionResults":[{"ancestorTitles":["API route"],"fullName":"API route rota alterada existe","status":"passed","title":"rota alterada existe","duration":2.4243999999999915,"failureMessages":[],"meta":{},"tags":[]}],"startTime":1787716540553,"endTime":1787716540555.4243,"status":"passed","message":"","name":"C:/apps/mundoas/apps/web/app/__tests__/app/api/v1/lideranca/consultores-pf/id/metas/route.test.ts"},{"assertionResults":[{"ancestorTitles":["API route"],"fullName":"API route rota alterada existe","status":"passed","title":"rota alterada existe","duration":2.303699999999992,"failureMessages":[],"meta":{},"tags":[]}],"startTime":1787716537393,"endTime":1787716537395.3037,"status":"passed","message":"","name":"C:/apps/mundoas/apps/web/app/__tests__/app/api/v1/parceiro/pontos/resgates/id/route.test.ts"},{"assertionResults":[{"ancestorTitles":["API route"],"fullName":"API route rota alterada existe","status":"passed","title":"rota alterada existe","duration":2.341799999999978,"failureMessages":[],"meta":{},"tags":[]}],"startTime":1787716559060,"endTime":1787716559062.3418,"status":"passed","message":"","name":"C:/apps/mundoas/apps/web/app/__tests__/app/api/v1/admin/backoffices/id/faturas/faturaId/route.test.ts"}]}