{"numTotalTestSuites":717,"numPassedTestSuites":696,"numFailedTestSuites":21,"numPendingTestSuites":0,"numTotalTests":1322,"numPassedTests":1289,"numFailedTests":33,"numPendingTests":0,"numTodoTests":0,"snapshot":{"added":0,"failure":false,"filesAdded":0,"filesRemoved":0,"filesRemovedList":[],"filesUnmatched":0,"filesUpdated":0,"matched":0,"total":0,"unchecked":0,"uncheckedKeysByFile":[],"unmatched":0,"updated":0,"didUpdate":false},"startTime":1787712729227,"success":false,"testResults":[{"assertionResults":[{"ancestorTitles":["vercel.json"],"fullName":"vercel.json deve ter installCommand instalando devDependencies (--prod=false)","status":"passed","title":"deve ter installCommand instalando devDependencies (--prod=false)","duration":3.9773999999999887,"failureMessages":[],"meta":{},"tags":[]},{"ancestorTitles":["vercel.json"],"fullName":"vercel.json deve ter buildCommand usando turbo vercel-build","status":"passed","title":"deve ter buildCommand usando turbo vercel-build","duration":0.4479999999999791,"failureMessages":[],"meta":{},"tags":[]},{"ancestorTitles":["vercel.json"],"fullName":"vercel.json deve apontar outputDirectory para apps/web/.next","status":"passed","title":"deve apontar outputDirectory para apps/web/.next","duration":0.5459000000000174,"failureMessages":[],"meta":{},"tags":[]},{"ancestorTitles":["turbo.json"],"fullName":"turbo.json deve expor NODE_ENV no globalEnv para evitar warning em produção","status":"passed","title":"deve expor NODE_ENV no globalEnv para evitar warning em produção","duration":1.876299999999958,"failureMessages":[],"meta":{},"tags":[]},{"ancestorTitles":["turbo.json"],"fullName":"turbo.json deve manter variáveis de auth no globalEnv","status":"passed","title":"deve manter variáveis de auth no globalEnv","duration":1.0454000000000292,"failureMessages":[],"meta":{},"tags":[]},{"ancestorTitles":["turbo.json"],"fullName":"turbo.json deve ter tarefa build configurada com dependsOn [\"^build\"]","status":"passed","title":"deve ter tarefa build configurada com dependsOn [\"^build\"]","duration":1.636099999999999,"failureMessages":[],"meta":{},"tags":[]},{"ancestorTitles":["turbo.json"],"fullName":"turbo.json deve ter tarefa dev sem cache e persistente","status":"passed","title":"deve ter tarefa dev sem cache e persistente","duration":0.4087000000000103,"failureMessages":[],"meta":{},"tags":[]}],"startTime":1787712918274,"endTime":1787712918285.4087,"status":"passed","message":"","name":"C:/apps/mundoas/apps/web/__tests__/deploy-config.test.ts"},{"assertionResults":[{"ancestorTitles":["Middleware de Autenticação e Papéis"],"fullName":"Middleware de Autenticação e Papéis deve permitir acesso a rotas públicas","status":"passed","title":"deve permitir acesso a rotas públicas","duration":9.922000000000025,"failureMessages":[],"meta":{},"tags":[]},{"ancestorTitles":["Middleware de Autenticação e Papéis"],"fullName":"Middleware de Autenticação e Papéis deve redirecionar para /login se tentar acessar rota protegida sem token","status":"passed","title":"deve redirecionar para /login se tentar acessar rota protegida sem token","duration":2.1561000000000377,"failureMessages":[],"meta":{},"tags":[]},{"ancestorTitles":["Middleware de Autenticação e Papéis"],"fullName":"Middleware de Autenticação e Papéis deve redirecionar se o usuário não tiver o tipo permitido para a rota","status":"passed","title":"deve redirecionar se o usuário não tiver o tipo permitido para a rota","duration":1.357599999999934,"failureMessages":[],"meta":{},"tags":[]},{"ancestorTitles":["Middleware de Autenticação e Papéis"],"fullName":"Middleware de Autenticação e Papéis deve permitir acesso se o usuário tiver o tipo e papel corretos","status":"passed","title":"deve permitir acesso se o usuário tiver o tipo e papel corretos","duration":0.6446000000000822,"failureMessages":[],"meta":{},"tags":[]},{"ancestorTitles":["Middleware de Autenticação e Papéis"],"fullName":"Middleware de Autenticação e Papéis deve redirecionar GESTOR_PJ para dashboard de gestor","status":"passed","title":"deve redirecionar GESTOR_PJ para dashboard de gestor","duration":0.88149999999996,"failureMessages":[],"meta":{},"tags":[]},{"ancestorTitles":["Middleware de Autenticação e Papéis"],"fullName":"Middleware de Autenticação e Papéis deve forçar HTTPS em produção","status":"passed","title":"deve forçar HTTPS em produção","duration":1.7987000000000535,"failureMessages":[],"meta":{},"tags":[]},{"ancestorTitles":["Middleware - NextAuth v5 (cookie + salt + secret)"],"fullName":"Middleware - NextAuth v5 (cookie + salt + secret) em produção: deve passar secureCookie=true e salt correto para getToken","status":"passed","title":"em produção: deve passar secureCookie=true e salt correto para getToken","duration":1.9954000000000178,"failureMessages":[],"meta":{},"tags":[]},{"ancestorTitles":["Middleware - NextAuth v5 (cookie + salt + secret)"],"fullName":"Middleware - NextAuth v5 (cookie + salt + secret) em desenvolvimento: deve passar secureCookie=false e salt sem prefixo","status":"passed","title":"em desenvolvimento: deve passar secureCookie=false e salt sem prefixo","duration":0.8908000000000129,"failureMessages":[],"meta":{},"tags":[]},{"ancestorTitles":["Middleware - NextAuth v5 (cookie + salt + secret)"],"fullName":"Middleware - NextAuth v5 (cookie + salt + secret) deve priorizar AUTH_SECRET sobre NEXTAUTH_SECRET (padrão v5)","status":"passed","title":"deve priorizar AUTH_SECRET sobre NEXTAUTH_SECRET (padrão v5)","duration":1.265100000000075,"failureMessages":[],"meta":{},"tags":[]},{"ancestorTitles":["Middleware - NextAuth v5 (cookie + salt + secret)"],"fullName":"Middleware - NextAuth v5 (cookie + salt + secret) deve usar NEXTAUTH_SECRET como fallback se AUTH_SECRET não estiver definido","status":"passed","title":"deve usar NEXTAUTH_SECRET como fallback se AUTH_SECRET não estiver definido","duration":1.148300000000063,"failureMessages":[],"meta":{},"tags":[]},{"ancestorTitles":["Middleware - NextAuth v5 (cookie + salt + secret)"],"fullName":"Middleware - NextAuth v5 (cookie + salt + secret) deve permitir acesso se getToken retornar token válido em produção (HTTPS)","status":"passed","title":"deve permitir acesso se getToken retornar token válido em produção (HTTPS)","duration":0.7561000000000604,"failureMessages":[],"meta":{},"tags":[]},{"ancestorTitles":["Middleware - NextAuth v5 (cookie + salt + secret)"],"fullName":"Middleware - NextAuth v5 (cookie + salt + secret) deve redirecionar para /login se getToken retornar null em produção","status":"passed","title":"deve redirecionar para /login se getToken retornar null em produção","duration":0.7584999999999127,"failureMessages":[],"meta":{},"tags":[]}],"startTime":1787712904953,"endTime":1787712904977.7585,"status":"passed","message":"","name":"C:/apps/mundoas/apps/web/__tests__/middleware.test.ts"},{"assertionResults":[{"ancestorTitles":["Next.js + Prisma config - regressão P2021"],"fullName":"Next.js + Prisma config - regressão P2021 next.config.js deve marcar @prisma/client como serverComponentsExternalPackages","status":"passed","title":"next.config.js deve marcar @prisma/client como serverComponentsExternalPackages","duration":2.403099999999995,"failureMessages":[],"meta":{},"tags":[]},{"ancestorTitles":["Next.js + Prisma config - regressão P2021"],"fullName":"Next.js + Prisma config - regressão P2021 next.config.js deve transpilar @asa/database","status":"passed","title":"next.config.js deve transpilar @asa/database","duration":0.3365999999999758,"failureMessages":[],"meta":{},"tags":[]},{"ancestorTitles":["Next.js + Prisma config - regressão P2021"],"fullName":"Next.js + Prisma config - regressão P2021 @asa/database deve ter postinstall rodando prisma generate","status":"passed","title":"@asa/database deve ter postinstall rodando prisma generate","duration":0.2330000000000041,"failureMessages":[],"meta":{},"tags":[]},{"ancestorTitles":["Next.js + Prisma config - regressão P2021"],"fullName":"Next.js + Prisma config - regressão P2021 @asa/database depende de @prisma/client com versão patchada","status":"passed","title":"@asa/database depende de @prisma/client com versão patchada","duration":0.24979999999999336,"failureMessages":[],"meta":{},"tags":[]}],"startTime":1787712923821,"endTime":1787712923824.3367,"status":"passed","message":"","name":"C:/apps/mundoas/apps/web/__tests__/prisma-next-config-regression.test.ts"},{"assertionResults":[{"ancestorTitles":["API admin/backoffices/:id/assinatura — contrato funcional"],"fullName":"API admin/backoffices/:id/assinatura — contrato funcional retorna 401 sem autenticação","status":"passed","title":"retorna 401 sem autenticação","duration":9.222699999999975,"failureMessages":[],"meta":{},"tags":[]},{"ancestorTitles":["API admin/backoffices/:id/assinatura — contrato funcional"],"fullName":"API admin/backoffices/:id/assinatura — contrato funcional rejeita ação desconhecida","status":"passed","title":"rejeita ação desconhecida","duration":3.272100000000023,"failureMessages":[],"meta":{},"tags":[]},{"ancestorTitles":["API admin/backoffices/:id/assinatura — contrato funcional"],"fullName":"API admin/backoffices/:id/assinatura — contrato funcional exige motivo para bloqueio","status":"passed","title":"exige motivo para bloqueio","duration":1.297300000000007,"failureMessages":[],"meta":{},"tags":[]},{"ancestorTitles":["API admin/backoffices/:id/assinatura — contrato funcional"],"fullName":"API admin/backoffices/:id/assinatura — contrato funcional bloqueia a assinatura e registra a atualização","status":"passed","title":"bloqueia a assinatura e registra a atualização","duration":4.6013999999999555,"failureMessages":[],"meta":{},"tags":[]},{"ancestorTitles":["API admin/backoffices/:id/assinatura — contrato funcional"],"fullName":"API admin/backoffices/:id/assinatura — contrato funcional retorna 404 quando a assinatura não existe","status":"passed","title":"retorna 404 quando a assinatura não existe","duration":1.1733999999999583,"failureMessages":[],"meta":{},"tags":[]}],"startTime":1787712906412,"endTime":1787712906432.1733,"status":"passed","message":"","name":"C:/apps/mundoas/apps/web/app/__tests__/admin-assinatura-functional.test.ts"},{"assertionResults":[{"ancestorTitles":["API admin/backoffices — contrato funcional"],"fullName":"API admin/backoffices — contrato funcional retorna 401 quando a sessão não existe","status":"passed","title":"retorna 401 quando a sessão não existe","duration":10.015899999999988,"failureMessages":[],"meta":{},"tags":[]},{"ancestorTitles":["API admin/backoffices — contrato funcional"],"fullName":"API admin/backoffices — contrato funcional retorna 400 quando o payload obrigatório está incompleto","status":"passed","title":"retorna 400 quando o payload obrigatório está incompleto","duration":4.359100000000012,"failureMessages":[],"meta":{},"tags":[]},{"ancestorTitles":["API admin/backoffices — contrato funcional"],"fullName":"API admin/backoffices — contrato funcional retorna 400 para CPF inválido antes de consultar o banco","status":"passed","title":"retorna 400 para CPF inválido antes de consultar o banco","duration":1.726699999999994,"failureMessages":[],"meta":{},"tags":[]},{"ancestorTitles":["API admin/backoffices — contrato funcional"],"fullName":"API admin/backoffices — contrato funcional retorna 400 quando o email já está cadastrado","status":"passed","title":"retorna 400 quando o email já está cadastrado","duration":2.1867000000000303,"failureMessages":[],"meta":{},"tags":[]},{"ancestorTitles":["API admin/backoffices — contrato funcional"],"fullName":"API admin/backoffices — contrato funcional cria usuário, backoffice e assinatura na mesma transação","status":"passed","title":"cria usuário, backoffice e assinatura na mesma transação","duration":3.394999999999982,"failureMessages":[],"meta":{},"tags":[]},{"ancestorTitles":["API admin/backoffices — contrato funcional"],"fullName":"API admin/backoffices — contrato funcional lista backoffices para um administrador","status":"passed","title":"lista backoffices para um administrador","duration":1.223799999999983,"failureMessages":[],"meta":{},"tags":[]}],"startTime":1787712905963,"endTime":1787712905986.2239,"status":"passed","message":"","name":"C:/apps/mundoas/apps/web/app/__tests__/admin-backoffices-route-functional.test.ts"},{"assertionResults":[{"ancestorTitles":["APIs admin/backoffices/:id/faturas — contrato funcional"],"fullName":"APIs admin/backoffices/:id/faturas — contrato funcional retorna 401 na criação sem autenticação","status":"passed","title":"retorna 401 na criação sem autenticação","duration":9.015500000000031,"failureMessages":[],"meta":{},"tags":[]},{"ancestorTitles":["APIs admin/backoffices/:id/faturas — contrato funcional"],"fullName":"APIs admin/backoffices/:id/faturas — contrato funcional valida valor e vencimento antes do banco","status":"passed","title":"valida valor e vencimento antes do banco","duration":3.172300000000007,"failureMessages":[],"meta":{},"tags":[]},{"ancestorTitles":["APIs admin/backoffices/:id/faturas — contrato funcional"],"fullName":"APIs admin/backoffices/:id/faturas — contrato funcional retorna 404 quando não existe assinatura","status":"passed","title":"retorna 404 quando não existe assinatura","duration":1.213899999999967,"failureMessages":[],"meta":{},"tags":[]},{"ancestorTitles":["APIs admin/backoffices/:id/faturas — contrato funcional"],"fullName":"APIs admin/backoffices/:id/faturas — contrato funcional cria fatura pendente para a assinatura da unidade","status":"passed","title":"cria fatura pendente para a assinatura da unidade","duration":4.129799999999989,"failureMessages":[],"meta":{},"tags":[]},{"ancestorTitles":["APIs admin/backoffices/:id/faturas — contrato funcional"],"fullName":"APIs admin/backoffices/:id/faturas — contrato funcional lista faturas da assinatura da unidade","status":"passed","title":"lista faturas da assinatura da unidade","duration":1.683400000000006,"failureMessages":[],"meta":{},"tags":[]},{"ancestorTitles":["APIs admin/backoffices/:id/faturas — contrato funcional"],"fullName":"APIs admin/backoffices/:id/faturas — contrato funcional rejeita atualização com payload pago não booleano","status":"passed","title":"rejeita atualização com payload pago não booleano","duration":1.3151000000000295,"failureMessages":[],"meta":{},"tags":[]},{"ancestorTitles":["APIs admin/backoffices/:id/faturas — contrato funcional"],"fullName":"APIs admin/backoffices/:id/faturas — contrato funcional retorna 404 quando a fatura não pertence à unidade","status":"passed","title":"retorna 404 quando a fatura não pertence à unidade","duration":0.7861999999999512,"failureMessages":[],"meta":{},"tags":[]},{"ancestorTitles":["APIs admin/backoffices/:id/faturas — contrato funcional"],"fullName":"APIs admin/backoffices/:id/faturas — contrato funcional marca fatura como paga dentro de transação","status":"passed","title":"marca fatura como paga dentro de transação","duration":1.5500999999999863,"failureMessages":[],"meta":{},"tags":[]}],"startTime":1787712901004,"endTime":1787712901027.55,"status":"passed","message":"","name":"C:/apps/mundoas/apps/web/app/__tests__/admin-faturas-functional.test.ts"},{"assertionResults":[{"ancestorTitles":["API admin/financeiro — contrato funcional"],"fullName":"API admin/financeiro — contrato funcional retorna 401 sem autenticação","status":"passed","title":"retorna 401 sem autenticação","duration":29.182500000000005,"failureMessages":[],"meta":{},"tags":[]},{"ancestorTitles":["API admin/financeiro — contrato funcional"],"fullName":"API admin/financeiro — contrato funcional calcula resumo por status, vencidos, pagos e MRR","status":"passed","title":"calcula resumo por status, vencidos, pagos e MRR","duration":5.080900000000042,"failureMessages":[],"meta":{},"tags":[]}],"startTime":1787712896267,"endTime":1787712896301.0808,"status":"passed","message":"","name":"C:/apps/mundoas/apps/web/app/__tests__/admin-financeiro-functional.test.ts"},{"assertionResults":[{"ancestorTitles":["admin usuarios reset-password route"],"fullName":"admin usuarios reset-password route deve existir o arquivo","status":"passed","title":"deve existir o arquivo","duration":2.3736000000000104,"failureMessages":[],"meta":{},"tags":[]}],"startTime":1787712946851,"endTime":1787712946853.3735,"status":"passed","message":"","name":"C:/apps/mundoas/apps/web/app/__tests__/admin-usuarios-reset-password-route.test.ts"},{"assertionResults":[{"ancestorTitles":["API admin/usuarios — contrato funcional"],"fullName":"API admin/usuarios — contrato funcional retorna 401 para sessão ausente","status":"passed","title":"retorna 401 para sessão ausente","duration":6.106800000000021,"failureMessages":[],"meta":{},"tags":[]},{"ancestorTitles":["API admin/usuarios — contrato funcional"],"fullName":"API admin/usuarios — contrato funcional combina usuários (gestores, consultores, backoffices), remove o gestor atual e ordena por nome","status":"passed","title":"combina usuários (gestores, consultores, backoffices), remove o gestor atual e ordena por nome","duration":25.741800000000012,"failureMessages":[],"meta":{},"tags":[]}],"startTime":1787712899109,"endTime":1787712899141.7417,"status":"passed","message":"","name":"C:/apps/mundoas/apps/web/app/__tests__/admin-usuarios-route-functional.test.ts"},{"assertionResults":[{"ancestorTitles":["API admin — contrato funcional (rotas pendentes)"],"fullName":"API admin — contrato funcional (rotas pendentes) backoffices/route retorna 401 sem admin","status":"passed","title":"backoffices/route retorna 401 sem admin","duration":30.639499999999998,"failureMessages":[],"meta":{},"tags":[]},{"ancestorTitles":["API admin — contrato funcional (rotas pendentes)"],"fullName":"API admin — contrato funcional (rotas pendentes) backoffices/[id]/assinatura — estrutura básica","status":"passed","title":"backoffices/[id]/assinatura — estrutura básica","duration":0.8089999999999691,"failureMessages":[],"meta":{},"tags":[]},{"ancestorTitles":["API admin — contrato funcional (rotas pendentes)"],"fullName":"API admin — contrato funcional (rotas pendentes) backoffices/[id]/faturas — estrutura básica","status":"passed","title":"backoffices/[id]/faturas — estrutura básica","duration":0.5210000000000719,"failureMessages":[],"meta":{},"tags":[]},{"ancestorTitles":["API admin — contrato funcional (rotas pendentes)"],"fullName":"API admin — contrato funcional (rotas pendentes) backoffices/[id]/faturas/[faturaId] — módulo existe","status":"passed","title":"backoffices/[id]/faturas/[faturaId] — módulo existe","duration":0.4131999999999607,"failureMessages":[],"meta":{},"tags":[]},{"ancestorTitles":["API admin — contrato funcional (rotas pendentes)"],"fullName":"API admin — contrato funcional (rotas pendentes) admin/usuarios/[id] — módulo existe","status":"passed","title":"admin/usuarios/[id] — módulo existe","duration":0.3771000000000413,"failureMessages":[],"meta":{},"tags":[]},{"ancestorTitles":["API admin — contrato funcional (rotas pendentes)"],"fullName":"API admin — contrato funcional (rotas pendentes) admin/usuarios/[id]/delete-info — módulo existe","status":"passed","title":"admin/usuarios/[id]/delete-info — módulo existe","duration":0.28940000000000055,"failureMessages":[],"meta":{},"tags":[]},{"ancestorTitles":["API admin — contrato funcional (rotas pendentes)"],"fullName":"API admin — contrato funcional (rotas pendentes) backoffices/route retorna 200 com admin autenticado","status":"passed","title":"backoffices/route retorna 200 com admin autenticado","duration":308.4289,"failureMessages":[],"meta":{},"tags":[]}],"startTime":1787712859071,"endTime":1787712859412.429,"status":"passed","message":"","name":"C:/apps/mundoas/apps/web/app/__tests__/api-admin-functional.test.ts"},{"assertionResults":[{"ancestorTitles":["API backoffice — contrato funcional (rotas pendentes)"],"fullName":"API backoffice — contrato funcional (rotas pendentes) assinatura/route — módulo importado","status":"passed","title":"assinatura/route — módulo importado","duration":2.8298999999999523,"failureMessages":[],"meta":{},"tags":[]},{"ancestorTitles":["API backoffice — contrato funcional (rotas pendentes)"],"fullName":"API backoffice — contrato funcional (rotas pendentes) comerciais/route — módulo importado","status":"passed","title":"comerciais/route — módulo importado","duration":0.37980000000004566,"failureMessages":[],"meta":{},"tags":[]},{"ancestorTitles":["API backoffice — contrato funcional (rotas pendentes)"],"fullName":"API backoffice — contrato funcional (rotas pendentes) pontos/ciclos/route — módulo importado","status":"passed","title":"pontos/ciclos/route — módulo importado","duration":0.33360000000004675,"failureMessages":[],"meta":{},"tags":[]}],"startTime":1787712920762,"endTime":1787712920765.3335,"status":"passed","message":"","name":"C:/apps/mundoas/apps/web/app/__tests__/api-backoffice-functional.test.ts"},{"assertionResults":[{"ancestorTitles":["API comercial — contrato funcional (rotas pendentes)"],"fullName":"API comercial — contrato funcional (rotas pendentes) minha-comissao/route — módulo importado","status":"passed","title":"minha-comissao/route — módulo importado","duration":2.743000000000052,"failureMessages":[],"meta":{},"tags":[]},{"ancestorTitles":["API comercial — contrato funcional (rotas pendentes)"],"fullName":"API comercial — contrato funcional (rotas pendentes) parceiros/route — módulo importado","status":"passed","title":"parceiros/route — módulo importado","duration":0.3520000000000323,"failureMessages":[],"meta":{},"tags":[]}],"startTime":1787712917596,"endTime":1787712917599.352,"status":"passed","message":"","name":"C:/apps/mundoas/apps/web/app/__tests__/api-comercial-functional.test.ts"},{"assertionResults":[{"ancestorTitles":["requireGestorWithScope - Authorization Middleware","Authentication & Authorization"],"fullName":"requireGestorWithScope - Authorization Middleware Authentication & Authorization deve retornar 401 sem sessão","status":"passed","title":"deve retornar 401 sem sessão","duration":2.5178999999999974,"failureMessages":[],"meta":{},"tags":[]},{"ancestorTitles":["requireGestorWithScope - Authorization Middleware","Authentication & Authorization"],"fullName":"requireGestorWithScope - Authorization Middleware Authentication & Authorization deve retornar 403 para tipo não-GESTOR","status":"passed","title":"deve retornar 403 para tipo não-GESTOR","duration":0.36070000000000846,"failureMessages":[],"meta":{},"tags":[]},{"ancestorTitles":["requireGestorWithScope - Authorization Middleware","Scope Resolution"],"fullName":"requireGestorWithScope - Authorization Middleware Scope Resolution deve retornar array vazio para gestor sem consultores atribuídos","status":"passed","title":"deve retornar array vazio para gestor sem consultores atribuídos","duration":0.27609999999998536,"failureMessages":[],"meta":{},"tags":[]},{"ancestorTitles":["requireGestorWithScope - Authorization Middleware","Scope Resolution"],"fullName":"requireGestorWithScope - Authorization Middleware Scope Resolution deve retornar consultorIds atribuídos ao gestor","status":"passed","title":"deve retornar consultorIds atribuídos ao gestor","duration":0.2185000000000059,"failureMessages":[],"meta":{},"tags":[]}],"startTime":1787712924156,"endTime":1787712924160.2761,"status":"passed","message":"","name":"C:/apps/mundoas/apps/web/app/__tests__/api-helpers.test.ts"},{"assertionResults":[{"ancestorTitles":["API lideranca — contrato funcional (rotas pendentes)"],"fullName":"API lideranca — contrato funcional (rotas pendentes) consultores-pf/route — módulo importado","status":"passed","title":"consultores-pf/route — módulo importado","duration":3.8419000000000096,"failureMessages":[],"meta":{},"tags":[]},{"ancestorTitles":["API lideranca — contrato funcional (rotas pendentes)"],"fullName":"API lideranca — contrato funcional (rotas pendentes) metas/route — módulo importado","status":"passed","title":"metas/route — módulo importado","duration":0.5083999999999946,"failureMessages":[],"meta":{},"tags":[]}],"startTime":1787712923463,"endTime":1787712923467.5083,"status":"passed","message":"","name":"C:/apps/mundoas/apps/web/app/__tests__/api-lideranca-functional.test.ts"},{"assertionResults":[{"ancestorTitles":["API parceiro — contrato funcional (rotas pendentes)"],"fullName":"API parceiro — contrato funcional (rotas pendentes) dados-pessoais/route — módulo importado","status":"passed","title":"dados-pessoais/route — módulo importado","duration":2.8806999999999334,"failureMessages":[],"meta":{},"tags":[]},{"ancestorTitles":["API parceiro — contrato funcional (rotas pendentes)"],"fullName":"API parceiro — contrato funcional (rotas pendentes) pontos/resgates/route — módulo importado","status":"passed","title":"pontos/resgates/route — módulo importado","duration":0.3795000000000073,"failureMessages":[],"meta":{},"tags":[]}],"startTime":1787712925570,"endTime":1787712925573.3794,"status":"passed","message":"","name":"C:/apps/mundoas/apps/web/app/__tests__/api-parceiro-functional.test.ts"},{"assertionResults":[{"ancestorTitles":["contratos críticos da auditoria"],"fullName":"contratos críticos da auditoria usa o schema financeiro compartilhado no processador PF","status":"passed","title":"usa o schema financeiro compartilhado no processador PF","duration":2.555999999999983,"failureMessages":[],"meta":{},"tags":[]},{"ancestorTitles":["contratos críticos da auditoria"],"fullName":"contratos críticos da auditoria não mantém fallback de setores hardcoded no upload de consultores PF","status":"passed","title":"não mantém fallback de setores hardcoded no upload de consultores PF","duration":0.5047000000000139,"failureMessages":[],"meta":{},"tags":[]},{"ancestorTitles":["contratos críticos da auditoria"],"fullName":"contratos críticos da auditoria usa placeholders neutros no modelo de planilha","status":"passed","title":"usa placeholders neutros no modelo de planilha","duration":0.41979999999995243,"failureMessages":[],"meta":{},"tags":[]}],"startTime":1787712917124,"endTime":1787712917127.5046,"status":"passed","message":"","name":"C:/apps/mundoas/apps/web/app/__tests__/audit-financial-contracts.test.ts"},{"assertionResults":[{"ancestorTitles":["API backoffice/assinatura — contrato funcional"],"fullName":"API backoffice/assinatura — contrato funcional retorna 401 sem autenticação","status":"passed","title":"retorna 401 sem autenticação","duration":29.121700000000033,"failureMessages":[],"meta":{},"tags":[]},{"ancestorTitles":["API backoffice/assinatura — contrato funcional"],"fullName":"API backoffice/assinatura — contrato funcional retorna 404 quando a sessão não possui backoffice","status":"passed","title":"retorna 404 quando a sessão não possui backoffice","duration":0.7860000000000014,"failureMessages":[],"meta":{},"tags":[]},{"ancestorTitles":["API backoffice/assinatura — contrato funcional"],"fullName":"API backoffice/assinatura — contrato funcional retorna semAssinatura quando a unidade não possui assinatura","status":"passed","title":"retorna semAssinatura quando a unidade não possui assinatura","duration":3.7019000000000233,"failureMessages":[],"meta":{},"tags":[]},{"ancestorTitles":["API backoffice/assinatura — contrato funcional"],"fullName":"API backoffice/assinatura — contrato funcional retorna somente campos públicos da assinatura e das faturas","status":"passed","title":"retorna somente campos públicos da assinatura e das faturas","duration":3.1877999999999815,"failureMessages":[],"meta":{},"tags":[]}],"startTime":1787712889693,"endTime":1787712889730.1877,"status":"passed","message":"","name":"C:/apps/mundoas/apps/web/app/__tests__/backoffice-assinatura-functional.test.ts"},{"assertionResults":[{"ancestorTitles":["API backoffice/comerciais — proxy funcional"],"fullName":"API backoffice/comerciais — proxy funcional retorna 401 sem escopo de backoffice","status":"passed","title":"retorna 401 sem escopo de backoffice","duration":5.544899999999984,"failureMessages":[],"meta":{},"tags":[]},{"ancestorTitles":["API backoffice/comerciais — proxy funcional"],"fullName":"API backoffice/comerciais — proxy funcional lista comerciais próprios e subordinados com shape legado","status":"passed","title":"lista comerciais próprios e subordinados com shape legado","duration":4.7806999999999675,"failureMessages":[],"meta":{},"tags":[]},{"ancestorTitles":["API backoffice/comerciais — proxy funcional"],"fullName":"API backoffice/comerciais — proxy funcional adapta POST legado para equipe com tipo comercial","status":"passed","title":"adapta POST legado para equipe com tipo comercial","duration":6.499500000000012,"failureMessages":[],"meta":{},"tags":[]}],"startTime":1787712907850,"endTime":1787712907866.4995,"status":"passed","message":"","name":"C:/apps/mundoas/apps/web/app/__tests__/backoffice-comerciais-proxy-functional.test.ts"},{"assertionResults":[{"ancestorTitles":["APIs backoffice/comerciais — contrato funcional"],"fullName":"APIs backoffice/comerciais — contrato funcional rejeita cálculo sem escopo","status":"passed","title":"rejeita cálculo sem escopo","duration":9.499300000000005,"failureMessages":[],"meta":{},"tags":[]},{"ancestorTitles":["APIs backoffice/comerciais — contrato funcional"],"fullName":"APIs backoffice/comerciais — contrato funcional valida campos obrigatórios do cálculo","status":"passed","title":"valida campos obrigatórios do cálculo","duration":3.8473000000000184,"failureMessages":[],"meta":{},"tags":[]},{"ancestorTitles":["APIs backoffice/comerciais — contrato funcional"],"fullName":"APIs backoffice/comerciais — contrato funcional retorna o cálculo com os dados normalizados","status":"passed","title":"retorna o cálculo com os dados normalizados","duration":6.213600000000042,"failureMessages":[],"meta":{},"tags":[]},{"ancestorTitles":["APIs backoffice/comerciais — contrato funcional"],"fullName":"APIs backoffice/comerciais — contrato funcional converte erro do cálculo em 400","status":"passed","title":"converte erro do cálculo em 400","duration":1.526900000000012,"failureMessages":[],"meta":{},"tags":[]},{"ancestorTitles":["APIs backoffice/comerciais — contrato funcional"],"fullName":"APIs backoffice/comerciais — contrato funcional retorna 401 no GET do comercial sem escopo","status":"passed","title":"retorna 401 no GET do comercial sem escopo","duration":0.8560999999999694,"failureMessages":[],"meta":{},"tags":[]},{"ancestorTitles":["APIs backoffice/comerciais — contrato funcional"],"fullName":"APIs backoffice/comerciais — contrato funcional nega GET de comercial pertencente a outro backoffice","status":"passed","title":"nega GET de comercial pertencente a outro backoffice","duration":0.7613000000000056,"failureMessages":[],"meta":{},"tags":[]},{"ancestorTitles":["APIs backoffice/comerciais — contrato funcional"],"fullName":"APIs backoffice/comerciais — contrato funcional adapta PATCH legado para a rota unificada","status":"passed","title":"adapta PATCH legado para a rota unificada","duration":1.4798000000000116,"failureMessages":[],"meta":{},"tags":[]}],"startTime":1787712901920,"endTime":1787712901944.4797,"status":"passed","message":"","name":"C:/apps/mundoas/apps/web/app/__tests__/backoffice-comercial-functional.test.ts"},{"assertionResults":[{"ancestorTitles":["API backoffice/consultores-pf/comissoes — contrato funcional"],"fullName":"API backoffice/consultores-pf/comissoes — contrato funcional retorna 401 sem escopo no GET","status":"passed","title":"retorna 401 sem escopo no GET","duration":8.545600000000036,"failureMessages":[],"meta":{},"tags":[]},{"ancestorTitles":["API backoffice/consultores-pf/comissoes — contrato funcional"],"fullName":"API backoffice/consultores-pf/comissoes — contrato funcional lista comissões e consultores com paginação","status":"passed","title":"lista comissões e consultores com paginação","duration":10.954099999999983,"failureMessages":[],"meta":{},"tags":[]},{"ancestorTitles":["API backoffice/consultores-pf/comissoes — contrato funcional"],"fullName":"API backoffice/consultores-pf/comissoes — contrato funcional rejeita cálculo sem campos obrigatórios","status":"passed","title":"rejeita cálculo sem campos obrigatórios","duration":2.304399999999987,"failureMessages":[],"meta":{},"tags":[]},{"ancestorTitles":["API backoffice/consultores-pf/comissoes — contrato funcional"],"fullName":"API backoffice/consultores-pf/comissoes — contrato funcional calcula comissão com valor string normalizado","status":"passed","title":"calcula comissão com valor string normalizado","duration":1.7203999999999837,"failureMessages":[],"meta":{},"tags":[]},{"ancestorTitles":["API backoffice/consultores-pf/comissoes — contrato funcional"],"fullName":"API backoffice/consultores-pf/comissoes — contrato funcional converte falha de cálculo em 400","status":"passed","title":"converte falha de cálculo em 400","duration":1.324799999999982,"failureMessages":[],"meta":{},"tags":[]}],"startTime":1787712902923,"endTime":1787712902947.3247,"status":"passed","message":"","name":"C:/apps/mundoas/apps/web/app/__tests__/backoffice-consultor-pf-comissoes-functional.test.ts"},{"assertionResults":[{"ancestorTitles":["API backoffice/consultores-pf/:id — contrato funcional"],"fullName":"API backoffice/consultores-pf/:id — contrato funcional retorna 401 sem escopo","status":"passed","title":"retorna 401 sem escopo","duration":8.7817,"failureMessages":[],"meta":{},"tags":[]},{"ancestorTitles":["API backoffice/consultores-pf/:id — contrato funcional"],"fullName":"API backoffice/consultores-pf/:id — contrato funcional retorna 404 para consultor de outro backoffice","status":"passed","title":"retorna 404 para consultor de outro backoffice","duration":1.3079000000000178,"failureMessages":[],"meta":{},"tags":[]},{"ancestorTitles":["API backoffice/consultores-pf/:id — contrato funcional"],"fullName":"API backoffice/consultores-pf/:id — contrato funcional retorna dados públicos do consultor da unidade","status":"passed","title":"retorna dados públicos do consultor da unidade","duration":4.469499999999982,"failureMessages":[],"meta":{},"tags":[]},{"ancestorTitles":["API backoffice/consultores-pf/:id — contrato funcional"],"fullName":"API backoffice/consultores-pf/:id — contrato funcional rejeita atualização com setor inválido","status":"passed","title":"rejeita atualização com setor inválido","duration":4.34839999999997,"failureMessages":[],"meta":{},"tags":[]},{"ancestorTitles":["API backoffice/consultores-pf/:id — contrato funcional"],"fullName":"API backoffice/consultores-pf/:id — contrato funcional atualiza o consultor e desativa em transação no DELETE","status":"passed","title":"atualiza o consultor e desativa em transação no DELETE","duration":4.285599999999988,"failureMessages":[],"meta":{},"tags":[]}],"startTime":1787712900543,"endTime":1787712900566.2856,"status":"passed","message":"","name":"C:/apps/mundoas/apps/web/app/__tests__/backoffice-consultor-pf-id-functional.test.ts"},{"assertionResults":[{"ancestorTitles":["API backoffice/equipe — contrato funcional"],"fullName":"API backoffice/equipe — contrato funcional retorna 401 sem escopo","status":"passed","title":"retorna 401 sem escopo","duration":8.337499999999977,"failureMessages":[],"meta":{},"tags":[]},{"ancestorTitles":["API backoffice/equipe — contrato funcional"],"fullName":"API backoffice/equipe — contrato funcional separa lideranças e comerciais na listagem","status":"passed","title":"separa lideranças e comerciais na listagem","duration":4.61809999999997,"failureMessages":[],"meta":{},"tags":[]},{"ancestorTitles":["API backoffice/equipe — contrato funcional"],"fullName":"API backoffice/equipe — contrato funcional rejeita liderança sem tipo de liderança","status":"passed","title":"rejeita liderança sem tipo de liderança","duration":5.855500000000006,"failureMessages":[],"meta":{},"tags":[]},{"ancestorTitles":["API backoffice/equipe — contrato funcional"],"fullName":"API backoffice/equipe — contrato funcional rejeita email duplicado","status":"passed","title":"rejeita email duplicado","duration":1.769200000000012,"failureMessages":[],"meta":{},"tags":[]},{"ancestorTitles":["API backoffice/equipe — contrato funcional"],"fullName":"API backoffice/equipe — contrato funcional cria membro e usuário em transação","status":"passed","title":"cria membro e usuário em transação","duration":3.66070000000002,"failureMessages":[],"meta":{},"tags":[]}],"startTime":1787712900069,"endTime":1787712900093.6606,"status":"passed","message":"","name":"C:/apps/mundoas/apps/web/app/__tests__/backoffice-equipe-functional.test.ts"},{"assertionResults":[{"ancestorTitles":["API backoffice/lembrete-financeiro — contrato funcional"],"fullName":"API backoffice/lembrete-financeiro — contrato funcional retorna 401 sem autenticação","status":"passed","title":"retorna 401 sem autenticação","duration":34.270399999999995,"failureMessages":[],"meta":{},"tags":[]},{"ancestorTitles":["API backoffice/lembrete-financeiro — contrato funcional"],"fullName":"API backoffice/lembrete-financeiro — contrato funcional retorna mostrar=false quando a sessão não possui backoffice","status":"passed","title":"retorna mostrar=false quando a sessão não possui backoffice","duration":4.457400000000007,"failureMessages":[],"meta":{},"tags":[]},{"ancestorTitles":["API backoffice/lembrete-financeiro — contrato funcional"],"fullName":"API backoffice/lembrete-financeiro — contrato funcional retorna mostrar=false quando a unidade não possui assinatura","status":"passed","title":"retorna mostrar=false quando a unidade não possui assinatura","duration":1.6646000000000072,"failureMessages":[],"meta":{},"tags":[]},{"ancestorTitles":["API backoffice/lembrete-financeiro — contrato funcional"],"fullName":"API backoffice/lembrete-financeiro — contrato funcional retorna mostrar=true enquanto existir fatura pendente (status Pendente no financeiro)","status":"passed","title":"retorna mostrar=true enquanto existir fatura pendente (status Pendente no financeiro)","duration":3.6289999999999623,"failureMessages":[],"meta":{},"tags":[]},{"ancestorTitles":["API backoffice/lembrete-financeiro — contrato funcional"],"fullName":"API backoffice/lembrete-financeiro — contrato funcional retorna mostrar=false quando não há nenhuma fatura pendente","status":"passed","title":"retorna mostrar=false quando não há nenhuma fatura pendente","duration":1.3473000000000184,"failureMessages":[],"meta":{},"tags":[]}],"startTime":1787712894125,"endTime":1787712894170.3474,"status":"passed","message":"","name":"C:/apps/mundoas/apps/web/app/__tests__/backoffice-lembrete-financeiro-functional.test.ts"},{"assertionResults":[{"ancestorTitles":["API backoffice/liderancas — proxy funcional"],"fullName":"API backoffice/liderancas — proxy funcional retorna 401 sem escopo","status":"passed","title":"retorna 401 sem escopo","duration":10.453399999999988,"failureMessages":[],"meta":{},"tags":[]},{"ancestorTitles":["API backoffice/liderancas — proxy funcional"],"fullName":"API backoffice/liderancas — proxy funcional aplica filtros e retorna contadores no shape legado","status":"passed","title":"aplica filtros e retorna contadores no shape legado","duration":9.242400000000032,"failureMessages":[],"meta":{},"tags":[]},{"ancestorTitles":["API backoffice/liderancas — proxy funcional"],"fullName":"API backoffice/liderancas — proxy funcional adapta POST legado de liderança comercial para equipe","status":"passed","title":"adapta POST legado de liderança comercial para equipe","duration":3.4220000000000255,"failureMessages":[],"meta":{},"tags":[]}],"startTime":1787712905499,"endTime":1787712905522.422,"status":"passed","message":"","name":"C:/apps/mundoas/apps/web/app/__tests__/backoffice-liderancas-proxy-functional.test.ts"},{"assertionResults":[{"ancestorTitles":["API - Backoffice Pontos Distribuir","POST /distribuir"],"fullName":"API - Backoffice Pontos Distribuir POST /distribuir deve retornar 401 quando não autenticado","status":"failed","title":"deve retornar 401 quando não autenticado","duration":713.5382999999999,"failureMessages":["PrismaClientKnownRequestError: \nInvalid `prisma.procedimentoPF.create()` invocation in\nC:/apps/mundoas/apps/web/app/__tests__/backoffice-pontos-distribuir-route.test.ts:110:54\n\n  107 uploadId = upload.id;\n  108 \n  109 // Criar procedimento PF\n→ 110 const procedimento = await prisma.procedimentoPF.create(\nThe column `valor_total` does not exist in the current database.\n    at ei.handleRequestError (C:\\apps\\mundoas\\node_modules\\.pnpm\\@prisma+client@6.19.2_prisma@6.19.2_typescript@5.9.3__typescript@5.9.3\\node_modules\\@prisma\\client\\runtime\\library.js:121:7268)\n    at ei.handleAndLogRequestError (C:\\apps\\mundoas\\node_modules\\.pnpm\\@prisma+client@6.19.2_prisma@6.19.2_typescript@5.9.3__typescript@5.9.3\\node_modules\\@prisma\\client\\runtime\\library.js:121:6593)\n    at ei.request (C:\\apps\\mundoas\\node_modules\\.pnpm\\@prisma+client@6.19.2_prisma@6.19.2_typescript@5.9.3__typescript@5.9.3\\node_modules\\@prisma\\client\\runtime\\library.js:121:6300)\n    at a (C:\\apps\\mundoas\\node_modules\\.pnpm\\@prisma+client@6.19.2_prisma@6.19.2_typescript@5.9.3__typescript@5.9.3\\node_modules\\@prisma\\client\\runtime\\library.js:130:9551)\n    at C:/apps/mundoas/apps/web/app/__tests__/backoffice-pontos-distribuir-route.test.ts:110:26"],"meta":{},"tags":[]},{"ancestorTitles":["API - Backoffice Pontos Distribuir","POST /distribuir"],"fullName":"API - Backoffice Pontos Distribuir POST /distribuir deve retornar 400 quando producaoId é obrigatório","status":"failed","title":"deve retornar 400 quando producaoId é obrigatório","duration":592.8916000000002,"failureMessages":["PrismaClientKnownRequestError: \nInvalid `prisma.procedimentoPF.create()` invocation in\nC:/apps/mundoas/apps/web/app/__tests__/backoffice-pontos-distribuir-route.test.ts:110:54\n\n  107 uploadId = upload.id;\n  108 \n  109 // Criar procedimento PF\n→ 110 const procedimento = await prisma.procedimentoPF.create(\nThe column `valor_total` does not exist in the current database.\n    at ei.handleRequestError (C:\\apps\\mundoas\\node_modules\\.pnpm\\@prisma+client@6.19.2_prisma@6.19.2_typescript@5.9.3__typescript@5.9.3\\node_modules\\@prisma\\client\\runtime\\library.js:121:7268)\n    at ei.handleAndLogRequestError (C:\\apps\\mundoas\\node_modules\\.pnpm\\@prisma+client@6.19.2_prisma@6.19.2_typescript@5.9.3__typescript@5.9.3\\node_modules\\@prisma\\client\\runtime\\library.js:121:6593)\n    at ei.request (C:\\apps\\mundoas\\node_modules\\.pnpm\\@prisma+client@6.19.2_prisma@6.19.2_typescript@5.9.3__typescript@5.9.3\\node_modules\\@prisma\\client\\runtime\\library.js:121:6300)\n    at a (C:\\apps\\mundoas\\node_modules\\.pnpm\\@prisma+client@6.19.2_prisma@6.19.2_typescript@5.9.3__typescript@5.9.3\\node_modules\\@prisma\\client\\runtime\\library.js:130:9551)\n    at C:/apps/mundoas/apps/web/app/__tests__/backoffice-pontos-distribuir-route.test.ts:110:26"],"meta":{},"tags":[]},{"ancestorTitles":["API - Backoffice Pontos Distribuir","POST /distribuir"],"fullName":"API - Backoffice Pontos Distribuir POST /distribuir deve retornar 400 quando produção não existe","status":"failed","title":"deve retornar 400 quando produção não existe","duration":554.0483999999999,"failureMessages":["PrismaClientKnownRequestError: \nInvalid `prisma.procedimentoPF.create()` invocation in\nC:/apps/mundoas/apps/web/app/__tests__/backoffice-pontos-distribuir-route.test.ts:110:54\n\n  107 uploadId = upload.id;\n  108 \n  109 // Criar procedimento PF\n→ 110 const procedimento = await prisma.procedimentoPF.create(\nThe column `valor_total` does not exist in the current database.\n    at ei.handleRequestError (C:\\apps\\mundoas\\node_modules\\.pnpm\\@prisma+client@6.19.2_prisma@6.19.2_typescript@5.9.3__typescript@5.9.3\\node_modules\\@prisma\\client\\runtime\\library.js:121:7268)\n    at ei.handleAndLogRequestError (C:\\apps\\mundoas\\node_modules\\.pnpm\\@prisma+client@6.19.2_prisma@6.19.2_typescript@5.9.3__typescript@5.9.3\\node_modules\\@prisma\\client\\runtime\\library.js:121:6593)\n    at ei.request (C:\\apps\\mundoas\\node_modules\\.pnpm\\@prisma+client@6.19.2_prisma@6.19.2_typescript@5.9.3__typescript@5.9.3\\node_modules\\@prisma\\client\\runtime\\library.js:121:6300)\n    at a (C:\\apps\\mundoas\\node_modules\\.pnpm\\@prisma+client@6.19.2_prisma@6.19.2_typescript@5.9.3__typescript@5.9.3\\node_modules\\@prisma\\client\\runtime\\library.js:130:9551)\n    at C:/apps/mundoas/apps/web/app/__tests__/backoffice-pontos-distribuir-route.test.ts:110:26"],"meta":{},"tags":[]},{"ancestorTitles":["API - Backoffice Pontos Distribuir","POST /distribuir"],"fullName":"API - Backoffice Pontos Distribuir POST /distribuir deve distribuir pontos e criar movimentação de crédito","status":"failed","title":"deve distribuir pontos e criar movimentação de crédito","duration":554.6507000000001,"failureMessages":["PrismaClientKnownRequestError: \nInvalid `prisma.procedimentoPF.create()` invocation in\nC:/apps/mundoas/apps/web/app/__tests__/backoffice-pontos-distribuir-route.test.ts:110:54\n\n  107 uploadId = upload.id;\n  108 \n  109 // Criar procedimento PF\n→ 110 const procedimento = await prisma.procedimentoPF.create(\nThe column `valor_total` does not exist in the current database.\n    at ei.handleRequestError (C:\\apps\\mundoas\\node_modules\\.pnpm\\@prisma+client@6.19.2_prisma@6.19.2_typescript@5.9.3__typescript@5.9.3\\node_modules\\@prisma\\client\\runtime\\library.js:121:7268)\n    at ei.handleAndLogRequestError (C:\\apps\\mundoas\\node_modules\\.pnpm\\@prisma+client@6.19.2_prisma@6.19.2_typescript@5.9.3__typescript@5.9.3\\node_modules\\@prisma\\client\\runtime\\library.js:121:6593)\n    at ei.request (C:\\apps\\mundoas\\node_modules\\.pnpm\\@prisma+client@6.19.2_prisma@6.19.2_typescript@5.9.3__typescript@5.9.3\\node_modules\\@prisma\\client\\runtime\\library.js:121:6300)\n    at a (C:\\apps\\mundoas\\node_modules\\.pnpm\\@prisma+client@6.19.2_prisma@6.19.2_typescript@5.9.3__typescript@5.9.3\\node_modules\\@prisma\\client\\runtime\\library.js:130:9551)\n    at C:/apps/mundoas/apps/web/app/__tests__/backoffice-pontos-distribuir-route.test.ts:110:26"],"meta":{},"tags":[]},{"ancestorTitles":["API - Backoffice Pontos Distribuir","POST /distribuir"],"fullName":"API - Backoffice Pontos Distribuir POST /distribuir deve retornar 400 quando pontos já foram distribuídos","status":"failed","title":"deve retornar 400 quando pontos já foram distribuídos","duration":554.6714999999999,"failureMessages":["PrismaClientKnownRequestError: \nInvalid `prisma.procedimentoPF.create()` invocation in\nC:/apps/mundoas/apps/web/app/__tests__/backoffice-pontos-distribuir-route.test.ts:110:54\n\n  107 uploadId = upload.id;\n  108 \n  109 // Criar procedimento PF\n→ 110 const procedimento = await prisma.procedimentoPF.create(\nThe column `valor_total` does not exist in the current database.\n    at ei.handleRequestError (C:\\apps\\mundoas\\node_modules\\.pnpm\\@prisma+client@6.19.2_prisma@6.19.2_typescript@5.9.3__typescript@5.9.3\\node_modules\\@prisma\\client\\runtime\\library.js:121:7268)\n    at ei.handleAndLogRequestError (C:\\apps\\mundoas\\node_modules\\.pnpm\\@prisma+client@6.19.2_prisma@6.19.2_typescript@5.9.3__typescript@5.9.3\\node_modules\\@prisma\\client\\runtime\\library.js:121:6593)\n    at ei.request (C:\\apps\\mundoas\\node_modules\\.pnpm\\@prisma+client@6.19.2_prisma@6.19.2_typescript@5.9.3__typescript@5.9.3\\node_modules\\@prisma\\client\\runtime\\library.js:121:6300)\n    at a (C:\\apps\\mundoas\\node_modules\\.pnpm\\@prisma+client@6.19.2_prisma@6.19.2_typescript@5.9.3__typescript@5.9.3\\node_modules\\@prisma\\client\\runtime\\library.js:130:9551)\n    at C:/apps/mundoas/apps/web/app/__tests__/backoffice-pontos-distribuir-route.test.ts:110:26"],"meta":{},"tags":[]},{"ancestorTitles":["API - Backoffice Pontos Distribuir","GET /distribuir"],"fullName":"API - Backoffice Pontos Distribuir GET /distribuir deve retornar 401 quando não autenticado","status":"failed","title":"deve retornar 401 quando não autenticado","duration":741.7662000000005,"failureMessages":["PrismaClientKnownRequestError: \nInvalid `prisma.procedimentoPF.create()` invocation in\nC:/apps/mundoas/apps/web/app/__tests__/backoffice-pontos-distribuir-route.test.ts:110:54\n\n  107 uploadId = upload.id;\n  108 \n  109 // Criar procedimento PF\n→ 110 const procedimento = await prisma.procedimentoPF.create(\nThe column `valor_total` does not exist in the current database.\n    at ei.handleRequestError (C:\\apps\\mundoas\\node_modules\\.pnpm\\@prisma+client@6.19.2_prisma@6.19.2_typescript@5.9.3__typescript@5.9.3\\node_modules\\@prisma\\client\\runtime\\library.js:121:7268)\n    at ei.handleAndLogRequestError (C:\\apps\\mundoas\\node_modules\\.pnpm\\@prisma+client@6.19.2_prisma@6.19.2_typescript@5.9.3__typescript@5.9.3\\node_modules\\@prisma\\client\\runtime\\library.js:121:6593)\n    at ei.request (C:\\apps\\mundoas\\node_modules\\.pnpm\\@prisma+client@6.19.2_prisma@6.19.2_typescript@5.9.3__typescript@5.9.3\\node_modules\\@prisma\\client\\runtime\\library.js:121:6300)\n    at a (C:\\apps\\mundoas\\node_modules\\.pnpm\\@prisma+client@6.19.2_prisma@6.19.2_typescript@5.9.3__typescript@5.9.3\\node_modules\\@prisma\\client\\runtime\\library.js:130:9551)\n    at C:/apps/mundoas/apps/web/app/__tests__/backoffice-pontos-distribuir-route.test.ts:110:26"],"meta":{},"tags":[]},{"ancestorTitles":["API - Backoffice Pontos Distribuir","GET /distribuir"],"fullName":"API - Backoffice Pontos Distribuir GET /distribuir deve retornar 400 quando não há ciclo vigente","status":"failed","title":"deve retornar 400 quando não há ciclo vigente","duration":554.7402999999995,"failureMessages":["PrismaClientKnownRequestError: \nInvalid `prisma.procedimentoPF.create()` invocation in\nC:/apps/mundoas/apps/web/app/__tests__/backoffice-pontos-distribuir-route.test.ts:110:54\n\n  107 uploadId = upload.id;\n  108 \n  109 // Criar procedimento PF\n→ 110 const procedimento = await prisma.procedimentoPF.create(\nThe column `valor_total` does not exist in the current database.\n    at ei.handleRequestError (C:\\apps\\mundoas\\node_modules\\.pnpm\\@prisma+client@6.19.2_prisma@6.19.2_typescript@5.9.3__typescript@5.9.3\\node_modules\\@prisma\\client\\runtime\\library.js:121:7268)\n    at ei.handleAndLogRequestError (C:\\apps\\mundoas\\node_modules\\.pnpm\\@prisma+client@6.19.2_prisma@6.19.2_typescript@5.9.3__typescript@5.9.3\\node_modules\\@prisma\\client\\runtime\\library.js:121:6593)\n    at ei.request (C:\\apps\\mundoas\\node_modules\\.pnpm\\@prisma+client@6.19.2_prisma@6.19.2_typescript@5.9.3__typescript@5.9.3\\node_modules\\@prisma\\client\\runtime\\library.js:121:6300)\n    at a (C:\\apps\\mundoas\\node_modules\\.pnpm\\@prisma+client@6.19.2_prisma@6.19.2_typescript@5.9.3__typescript@5.9.3\\node_modules\\@prisma\\client\\runtime\\library.js:130:9551)\n    at C:/apps/mundoas/apps/web/app/__tests__/backoffice-pontos-distribuir-route.test.ts:110:26"],"meta":{},"tags":[]},{"ancestorTitles":["API - Backoffice Pontos Distribuir","GET /distribuir"],"fullName":"API - Backoffice Pontos Distribuir GET /distribuir deve listar produções com pontos potenciais","status":"failed","title":"deve listar produções com pontos potenciais","duration":620.7359000000006,"failureMessages":["PrismaClientKnownRequestError: \nInvalid `prisma.procedimentoPF.create()` invocation in\nC:/apps/mundoas/apps/web/app/__tests__/backoffice-pontos-distribuir-route.test.ts:110:54\n\n  107 uploadId = upload.id;\n  108 \n  109 // Criar procedimento PF\n→ 110 const procedimento = await prisma.procedimentoPF.create(\nThe column `valor_total` does not exist in the current database.\n    at ei.handleRequestError (C:\\apps\\mundoas\\node_modules\\.pnpm\\@prisma+client@6.19.2_prisma@6.19.2_typescript@5.9.3__typescript@5.9.3\\node_modules\\@prisma\\client\\runtime\\library.js:121:7268)\n    at ei.handleAndLogRequestError (C:\\apps\\mundoas\\node_modules\\.pnpm\\@prisma+client@6.19.2_prisma@6.19.2_typescript@5.9.3__typescript@5.9.3\\node_modules\\@prisma\\client\\runtime\\library.js:121:6593)\n    at ei.request (C:\\apps\\mundoas\\node_modules\\.pnpm\\@prisma+client@6.19.2_prisma@6.19.2_typescript@5.9.3__typescript@5.9.3\\node_modules\\@prisma\\client\\runtime\\library.js:121:6300)\n    at a (C:\\apps\\mundoas\\node_modules\\.pnpm\\@prisma+client@6.19.2_prisma@6.19.2_typescript@5.9.3__typescript@5.9.3\\node_modules\\@prisma\\client\\runtime\\library.js:130:9551)\n    at C:/apps/mundoas/apps/web/app/__tests__/backoffice-pontos-distribuir-route.test.ts:110:26"],"meta":{},"tags":[]}],"startTime":1787712821616,"endTime":1787712826503.7358,"status":"failed","message":"","name":"C:/apps/mundoas/apps/web/app/__tests__/backoffice-pontos-distribuir-route.test.ts"},{"assertionResults":[{"ancestorTitles":["API - Backoffice Pontos Distribuir Todos"],"fullName":"API - Backoffice Pontos Distribuir Todos deve retornar 401 quando não autenticado","status":"failed","title":"deve retornar 401 quando não autenticado","duration":703.0617000000001,"failureMessages":["PrismaClientKnownRequestError: \nInvalid `prisma.procedimentoPF.create()` invocation in\nC:/apps/mundoas/apps/web/app/__tests__/backoffice-pontos-distribuir-todos-route.test.ts:101:56\n\n   98 // Criar três procedimentos PF dentro do período do ciclo\n   99 procedimentoIds = [];\n  100 for (const [i, valor] of [100, 200, 300].entries()) {\n→ 101   const procedimento = await prisma.procedimentoPF.create(\nThe column `valor_total` does not exist in the current database.\n    at ei.handleRequestError (C:\\apps\\mundoas\\node_modules\\.pnpm\\@prisma+client@6.19.2_prisma@6.19.2_typescript@5.9.3__typescript@5.9.3\\node_modules\\@prisma\\client\\runtime\\library.js:121:7268)\n    at ei.handleAndLogRequestError (C:\\apps\\mundoas\\node_modules\\.pnpm\\@prisma+client@6.19.2_prisma@6.19.2_typescript@5.9.3__typescript@5.9.3\\node_modules\\@prisma\\client\\runtime\\library.js:121:6593)\n    at ei.request (C:\\apps\\mundoas\\node_modules\\.pnpm\\@prisma+client@6.19.2_prisma@6.19.2_typescript@5.9.3__typescript@5.9.3\\node_modules\\@prisma\\client\\runtime\\library.js:121:6300)\n    at a (C:\\apps\\mundoas\\node_modules\\.pnpm\\@prisma+client@6.19.2_prisma@6.19.2_typescript@5.9.3__typescript@5.9.3\\node_modules\\@prisma\\client\\runtime\\library.js:130:9551)\n    at C:/apps/mundoas/apps/web/app/__tests__/backoffice-pontos-distribuir-todos-route.test.ts:101:28"],"meta":{},"tags":[]},{"ancestorTitles":["API - Backoffice Pontos Distribuir Todos"],"fullName":"API - Backoffice Pontos Distribuir Todos deve retornar 400 quando não há ciclo vigente","status":"failed","title":"deve retornar 400 quando não há ciclo vigente","duration":561.7252000000001,"failureMessages":["PrismaClientKnownRequestError: \nInvalid `prisma.procedimentoPF.create()` invocation in\nC:/apps/mundoas/apps/web/app/__tests__/backoffice-pontos-distribuir-todos-route.test.ts:101:56\n\n   98 // Criar três procedimentos PF dentro do período do ciclo\n   99 procedimentoIds = [];\n  100 for (const [i, valor] of [100, 200, 300].entries()) {\n→ 101   const procedimento = await prisma.procedimentoPF.create(\nThe column `valor_total` does not exist in the current database.\n    at ei.handleRequestError (C:\\apps\\mundoas\\node_modules\\.pnpm\\@prisma+client@6.19.2_prisma@6.19.2_typescript@5.9.3__typescript@5.9.3\\node_modules\\@prisma\\client\\runtime\\library.js:121:7268)\n    at ei.handleAndLogRequestError (C:\\apps\\mundoas\\node_modules\\.pnpm\\@prisma+client@6.19.2_prisma@6.19.2_typescript@5.9.3__typescript@5.9.3\\node_modules\\@prisma\\client\\runtime\\library.js:121:6593)\n    at ei.request (C:\\apps\\mundoas\\node_modules\\.pnpm\\@prisma+client@6.19.2_prisma@6.19.2_typescript@5.9.3__typescript@5.9.3\\node_modules\\@prisma\\client\\runtime\\library.js:121:6300)\n    at a (C:\\apps\\mundoas\\node_modules\\.pnpm\\@prisma+client@6.19.2_prisma@6.19.2_typescript@5.9.3__typescript@5.9.3\\node_modules\\@prisma\\client\\runtime\\library.js:130:9551)\n    at C:/apps/mundoas/apps/web/app/__tests__/backoffice-pontos-distribuir-todos-route.test.ts:101:28"],"meta":{},"tags":[]},{"ancestorTitles":["API - Backoffice Pontos Distribuir Todos"],"fullName":"API - Backoffice Pontos Distribuir Todos deve distribuir pontos de todas as produções pendentes de uma vez","status":"failed","title":"deve distribuir pontos de todas as produções pendentes de uma vez","duration":562.9090000000001,"failureMessages":["PrismaClientKnownRequestError: \nInvalid `prisma.procedimentoPF.create()` invocation in\nC:/apps/mundoas/apps/web/app/__tests__/backoffice-pontos-distribuir-todos-route.test.ts:101:56\n\n   98 // Criar três procedimentos PF dentro do período do ciclo\n   99 procedimentoIds = [];\n  100 for (const [i, valor] of [100, 200, 300].entries()) {\n→ 101   const procedimento = await prisma.procedimentoPF.create(\nThe column `valor_total` does not exist in the current database.\n    at ei.handleRequestError (C:\\apps\\mundoas\\node_modules\\.pnpm\\@prisma+client@6.19.2_prisma@6.19.2_typescript@5.9.3__typescript@5.9.3\\node_modules\\@prisma\\client\\runtime\\library.js:121:7268)\n    at ei.handleAndLogRequestError (C:\\apps\\mundoas\\node_modules\\.pnpm\\@prisma+client@6.19.2_prisma@6.19.2_typescript@5.9.3__typescript@5.9.3\\node_modules\\@prisma\\client\\runtime\\library.js:121:6593)\n    at ei.request (C:\\apps\\mundoas\\node_modules\\.pnpm\\@prisma+client@6.19.2_prisma@6.19.2_typescript@5.9.3__typescript@5.9.3\\node_modules\\@prisma\\client\\runtime\\library.js:121:6300)\n    at a (C:\\apps\\mundoas\\node_modules\\.pnpm\\@prisma+client@6.19.2_prisma@6.19.2_typescript@5.9.3__typescript@5.9.3\\node_modules\\@prisma\\client\\runtime\\library.js:130:9551)\n    at C:/apps/mundoas/apps/web/app/__tests__/backoffice-pontos-distribuir-todos-route.test.ts:101:28"],"meta":{},"tags":[]},{"ancestorTitles":["API - Backoffice Pontos Distribuir Todos"],"fullName":"API - Backoffice Pontos Distribuir Todos deve pular produções já distribuídas e creditar apenas as pendentes","status":"failed","title":"deve pular produções já distribuídas e creditar apenas as pendentes","duration":659.4635000000003,"failureMessages":["PrismaClientKnownRequestError: \nInvalid `prisma.procedimentoPF.create()` invocation in\nC:/apps/mundoas/apps/web/app/__tests__/backoffice-pontos-distribuir-todos-route.test.ts:101:56\n\n   98 // Criar três procedimentos PF dentro do período do ciclo\n   99 procedimentoIds = [];\n  100 for (const [i, valor] of [100, 200, 300].entries()) {\n→ 101   const procedimento = await prisma.procedimentoPF.create(\nThe column `valor_total` does not exist in the current database.\n    at ei.handleRequestError (C:\\apps\\mundoas\\node_modules\\.pnpm\\@prisma+client@6.19.2_prisma@6.19.2_typescript@5.9.3__typescript@5.9.3\\node_modules\\@prisma\\client\\runtime\\library.js:121:7268)\n    at ei.handleAndLogRequestError (C:\\apps\\mundoas\\node_modules\\.pnpm\\@prisma+client@6.19.2_prisma@6.19.2_typescript@5.9.3__typescript@5.9.3\\node_modules\\@prisma\\client\\runtime\\library.js:121:6593)\n    at ei.request (C:\\apps\\mundoas\\node_modules\\.pnpm\\@prisma+client@6.19.2_prisma@6.19.2_typescript@5.9.3__typescript@5.9.3\\node_modules\\@prisma\\client\\runtime\\library.js:121:6300)\n    at a (C:\\apps\\mundoas\\node_modules\\.pnpm\\@prisma+client@6.19.2_prisma@6.19.2_typescript@5.9.3__typescript@5.9.3\\node_modules\\@prisma\\client\\runtime\\library.js:130:9551)\n    at C:/apps/mundoas/apps/web/app/__tests__/backoffice-pontos-distribuir-todos-route.test.ts:101:28"],"meta":{},"tags":[]},{"ancestorTitles":["API - Backoffice Pontos Distribuir Todos"],"fullName":"API - Backoffice Pontos Distribuir Todos segunda execução não deve duplicar pontos (idempotente)","status":"failed","title":"segunda execução não deve duplicar pontos (idempotente)","duration":555.6905999999999,"failureMessages":["PrismaClientKnownRequestError: \nInvalid `prisma.procedimentoPF.create()` invocation in\nC:/apps/mundoas/apps/web/app/__tests__/backoffice-pontos-distribuir-todos-route.test.ts:101:56\n\n   98 // Criar três procedimentos PF dentro do período do ciclo\n   99 procedimentoIds = [];\n  100 for (const [i, valor] of [100, 200, 300].entries()) {\n→ 101   const procedimento = await prisma.procedimentoPF.create(\nThe column `valor_total` does not exist in the current database.\n    at ei.handleRequestError (C:\\apps\\mundoas\\node_modules\\.pnpm\\@prisma+client@6.19.2_prisma@6.19.2_typescript@5.9.3__typescript@5.9.3\\node_modules\\@prisma\\client\\runtime\\library.js:121:7268)\n    at ei.handleAndLogRequestError (C:\\apps\\mundoas\\node_modules\\.pnpm\\@prisma+client@6.19.2_prisma@6.19.2_typescript@5.9.3__typescript@5.9.3\\node_modules\\@prisma\\client\\runtime\\library.js:121:6593)\n    at ei.request (C:\\apps\\mundoas\\node_modules\\.pnpm\\@prisma+client@6.19.2_prisma@6.19.2_typescript@5.9.3__typescript@5.9.3\\node_modules\\@prisma\\client\\runtime\\library.js:121:6300)\n    at a (C:\\apps\\mundoas\\node_modules\\.pnpm\\@prisma+client@6.19.2_prisma@6.19.2_typescript@5.9.3__typescript@5.9.3\\node_modules\\@prisma\\client\\runtime\\library.js:130:9551)\n    at C:/apps/mundoas/apps/web/app/__tests__/backoffice-pontos-distribuir-todos-route.test.ts:101:28"],"meta":{},"tags":[]},{"ancestorTitles":["API - Backoffice Pontos Distribuir Todos"],"fullName":"API - Backoffice Pontos Distribuir Todos não deve distribuir produções fora do período de acumulo do ciclo","status":"failed","title":"não deve distribuir produções fora do período de acumulo do ciclo","duration":567.5639999999999,"failureMessages":["PrismaClientKnownRequestError: \nInvalid `prisma.procedimentoPF.create()` invocation in\nC:/apps/mundoas/apps/web/app/__tests__/backoffice-pontos-distribuir-todos-route.test.ts:101:56\n\n   98 // Criar três procedimentos PF dentro do período do ciclo\n   99 procedimentoIds = [];\n  100 for (const [i, valor] of [100, 200, 300].entries()) {\n→ 101   const procedimento = await prisma.procedimentoPF.create(\nThe column `valor_total` does not exist in the current database.\n    at ei.handleRequestError (C:\\apps\\mundoas\\node_modules\\.pnpm\\@prisma+client@6.19.2_prisma@6.19.2_typescript@5.9.3__typescript@5.9.3\\node_modules\\@prisma\\client\\runtime\\library.js:121:7268)\n    at ei.handleAndLogRequestError (C:\\apps\\mundoas\\node_modules\\.pnpm\\@prisma+client@6.19.2_prisma@6.19.2_typescript@5.9.3__typescript@5.9.3\\node_modules\\@prisma\\client\\runtime\\library.js:121:6593)\n    at ei.request (C:\\apps\\mundoas\\node_modules\\.pnpm\\@prisma+client@6.19.2_prisma@6.19.2_typescript@5.9.3__typescript@5.9.3\\node_modules\\@prisma\\client\\runtime\\library.js:121:6300)\n    at a (C:\\apps\\mundoas\\node_modules\\.pnpm\\@prisma+client@6.19.2_prisma@6.19.2_typescript@5.9.3__typescript@5.9.3\\node_modules\\@prisma\\client\\runtime\\library.js:130:9551)\n    at C:/apps/mundoas/apps/web/app/__tests__/backoffice-pontos-distribuir-todos-route.test.ts:101:28"],"meta":{},"tags":[]},{"ancestorTitles":["API - Backoffice Pontos Distribuir Todos"],"fullName":"API - Backoffice Pontos Distribuir Todos deve registrar erro para produção com valor total zero e seguir com as demais","status":"failed","title":"deve registrar erro para produção com valor total zero e seguir com as demais","duration":550.0929999999998,"failureMessages":["PrismaClientKnownRequestError: \nInvalid `prisma.procedimentoPF.create()` invocation in\nC:/apps/mundoas/apps/web/app/__tests__/backoffice-pontos-distribuir-todos-route.test.ts:101:56\n\n   98 // Criar três procedimentos PF dentro do período do ciclo\n   99 procedimentoIds = [];\n  100 for (const [i, valor] of [100, 200, 300].entries()) {\n→ 101   const procedimento = await prisma.procedimentoPF.create(\nThe column `valor_total` does not exist in the current database.\n    at ei.handleRequestError (C:\\apps\\mundoas\\node_modules\\.pnpm\\@prisma+client@6.19.2_prisma@6.19.2_typescript@5.9.3__typescript@5.9.3\\node_modules\\@prisma\\client\\runtime\\library.js:121:7268)\n    at ei.handleAndLogRequestError (C:\\apps\\mundoas\\node_modules\\.pnpm\\@prisma+client@6.19.2_prisma@6.19.2_typescript@5.9.3__typescript@5.9.3\\node_modules\\@prisma\\client\\runtime\\library.js:121:6593)\n    at ei.request (C:\\apps\\mundoas\\node_modules\\.pnpm\\@prisma+client@6.19.2_prisma@6.19.2_typescript@5.9.3__typescript@5.9.3\\node_modules\\@prisma\\client\\runtime\\library.js:121:6300)\n    at a (C:\\apps\\mundoas\\node_modules\\.pnpm\\@prisma+client@6.19.2_prisma@6.19.2_typescript@5.9.3__typescript@5.9.3\\node_modules\\@prisma\\client\\runtime\\library.js:130:9551)\n    at C:/apps/mundoas/apps/web/app/__tests__/backoffice-pontos-distribuir-todos-route.test.ts:101:28"],"meta":{},"tags":[]}],"startTime":1787712832758,"endTime":1787712836918.093,"status":"failed","message":"","name":"C:/apps/mundoas/apps/web/app/__tests__/backoffice-pontos-distribuir-todos-route.test.ts"},{"assertionResults":[{"ancestorTitles":["ParceirosPontos - clientes indicados (expansão do parceiro)"],"fullName":"ParceirosPontos - clientes indicados (expansão do parceiro) não exibe a coluna Telefone na tabela de clientes indicados","status":"passed","title":"não exibe a coluna Telefone na tabela de clientes indicados","duration":423.6957999999995,"failureMessages":[],"meta":{},"tags":[]},{"ancestorTitles":["ParceirosPontos - clientes indicados (expansão do parceiro)"],"fullName":"ParceirosPontos - clientes indicados (expansão do parceiro) exibe os dados do indicado sem telefone","status":"passed","title":"exibe os dados do indicado sem telefone","duration":109.9363999999996,"failureMessages":[],"meta":{},"tags":[]}],"startTime":1787712864899,"endTime":1787712865432.9363,"status":"passed","message":"","name":"C:/apps/mundoas/apps/web/app/__tests__/backoffice-pontos-parceiros-indicados.test.tsx"},{"assertionResults":[{"ancestorTitles":["API - Backoffice Pontos Ranking","GET /api/v1/backoffice/pontos/ranking"],"fullName":"API - Backoffice Pontos Ranking GET /api/v1/backoffice/pontos/ranking deve retornar 401 quando usuário não está autenticado","status":"passed","title":"deve retornar 401 quando usuário não está autenticado","duration":734.1878999999999,"failureMessages":[],"meta":{},"tags":[]},{"ancestorTitles":["API - Backoffice Pontos Ranking","GET /api/v1/backoffice/pontos/ranking"],"fullName":"API - Backoffice Pontos Ranking GET /api/v1/backoffice/pontos/ranking deve retornar 403 quando usuário não é BACKOFFICE","status":"passed","title":"deve retornar 403 quando usuário não é BACKOFFICE","duration":644.9205,"failureMessages":[],"meta":{},"tags":[]},{"ancestorTitles":["API - Backoffice Pontos Ranking","GET /api/v1/backoffice/pontos/ranking"],"fullName":"API - Backoffice Pontos Ranking GET /api/v1/backoffice/pontos/ranking deve retornar 400 quando não há ciclo vigente","status":"passed","title":"deve retornar 400 quando não há ciclo vigente","duration":551.1151000000002,"failureMessages":[],"meta":{},"tags":[]},{"ancestorTitles":["API - Backoffice Pontos Ranking","GET /api/v1/backoffice/pontos/ranking"],"fullName":"API - Backoffice Pontos Ranking GET /api/v1/backoffice/pontos/ranking deve retornar ranking do ciclo vigente quando cicloPontosId não é informado","status":"passed","title":"deve retornar ranking do ciclo vigente quando cicloPontosId não é informado","duration":769.7266,"failureMessages":[],"meta":{},"tags":[]},{"ancestorTitles":["API - Backoffice Pontos Ranking","GET /api/v1/backoffice/pontos/ranking"],"fullName":"API - Backoffice Pontos Ranking GET /api/v1/backoffice/pontos/ranking deve retornar ranking de ciclo específico quando cicloPontosId é informado","status":"passed","title":"deve retornar ranking de ciclo específico quando cicloPontosId é informado","duration":607.4675000000002,"failureMessages":[],"meta":{},"tags":[]},{"ancestorTitles":["API - Backoffice Pontos Ranking","GET /api/v1/backoffice/pontos/ranking"],"fullName":"API - Backoffice Pontos Ranking GET /api/v1/backoffice/pontos/ranking deve incluir parceiros no ranking","status":"passed","title":"deve incluir parceiros no ranking","duration":1497.7312000000002,"failureMessages":[],"meta":{},"tags":[]}],"startTime":1787712842324,"endTime":1787712847129.7312,"status":"passed","message":"","name":"C:/apps/mundoas/apps/web/app/__tests__/backoffice-pontos-ranking.test.ts"},{"assertionResults":[{"ancestorTitles":["BackofficePontosPage - abas principais"],"fullName":"BackofficePontosPage - abas principais contém exatamente 3 abas principais","status":"passed","title":"contém exatamente 3 abas principais","duration":3.1327999999999747,"failureMessages":[],"meta":{},"tags":[]},{"ancestorTitles":["BackofficePontosPage - abas principais"],"fullName":"BackofficePontosPage - abas principais mantém a aba Parceiros como aba principal","status":"passed","title":"mantém a aba Parceiros como aba principal","duration":0.40569999999996753,"failureMessages":[],"meta":{},"tags":[]},{"ancestorTitles":["BackofficePontosPage - abas principais"],"fullName":"BackofficePontosPage - abas principais cria a aba CONFIGURAÇÃO com label em maiúsculas","status":"passed","title":"cria a aba CONFIGURAÇÃO com label em maiúsculas","duration":0.24970000000001846,"failureMessages":[],"meta":{},"tags":[]},{"ancestorTitles":["BackofficePontosPage - abas principais"],"fullName":"BackofficePontosPage - abas principais cria a aba INDICAÇÃO com label em maiúsculas","status":"passed","title":"cria a aba INDICAÇÃO com label em maiúsculas","duration":0.2109999999999559,"failureMessages":[],"meta":{},"tags":[]},{"ancestorTitles":["BackofficePontosPage - abas principais"],"fullName":"BackofficePontosPage - abas principais todos os ids de abas principais são válidos","status":"passed","title":"todos os ids de abas principais são válidos","duration":0.2676999999999907,"failureMessages":[],"meta":{},"tags":[]},{"ancestorTitles":["BackofficePontosPage - subabas de CONFIGURAÇÃO"],"fullName":"BackofficePontosPage - subabas de CONFIGURAÇÃO contém exatamente 2 subabas em CONFIGURAÇÃO","status":"passed","title":"contém exatamente 2 subabas em CONFIGURAÇÃO","duration":0.2989000000000033,"failureMessages":[],"meta":{},"tags":[]},{"ancestorTitles":["BackofficePontosPage - subabas de CONFIGURAÇÃO"],"fullName":"BackofficePontosPage - subabas de CONFIGURAÇÃO move a aba Ciclos para as subabas de CONFIGURAÇÃO","status":"passed","title":"move a aba Ciclos para as subabas de CONFIGURAÇÃO","duration":0.1975999999999658,"failureMessages":[],"meta":{},"tags":[]},{"ancestorTitles":["BackofficePontosPage - subabas de CONFIGURAÇÃO"],"fullName":"BackofficePontosPage - subabas de CONFIGURAÇÃO move a aba Configuração para as subabas de CONFIGURAÇÃO","status":"passed","title":"move a aba Configuração para as subabas de CONFIGURAÇÃO","duration":0.20760000000001355,"failureMessages":[],"meta":{},"tags":[]},{"ancestorTitles":["BackofficePontosPage - subabas de CONFIGURAÇÃO"],"fullName":"BackofficePontosPage - subabas de CONFIGURAÇÃO não inclui Distribuir Pontos nas subabas de CONFIGURAÇÃO","status":"passed","title":"não inclui Distribuir Pontos nas subabas de CONFIGURAÇÃO","duration":0.21580000000000155,"failureMessages":[],"meta":{},"tags":[]},{"ancestorTitles":["BackofficePontosPage - subabas de CONFIGURAÇÃO"],"fullName":"BackofficePontosPage - subabas de CONFIGURAÇÃO não inclui Resgates nas subabas de CONFIGURAÇÃO","status":"passed","title":"não inclui Resgates nas subabas de CONFIGURAÇÃO","duration":0.2489999999999668,"failureMessages":[],"meta":{},"tags":[]},{"ancestorTitles":["BackofficePontosPage - subabas de INDICAÇÃO"],"fullName":"BackofficePontosPage - subabas de INDICAÇÃO contém exatamente 4 subabas em INDICAÇÃO","status":"passed","title":"contém exatamente 4 subabas em INDICAÇÃO","duration":0.30869999999998754,"failureMessages":[],"meta":{},"tags":[]},{"ancestorTitles":["BackofficePontosPage - subabas de INDICAÇÃO"],"fullName":"BackofficePontosPage - subabas de INDICAÇÃO move Distribuir Pontos para as subabas de INDICAÇÃO","status":"passed","title":"move Distribuir Pontos para as subabas de INDICAÇÃO","duration":0.13880000000000337,"failureMessages":[],"meta":{},"tags":[]},{"ancestorTitles":["BackofficePontosPage - subabas de INDICAÇÃO"],"fullName":"BackofficePontosPage - subabas de INDICAÇÃO move Prêmios para as subabas de INDICAÇÃO","status":"passed","title":"move Prêmios para as subabas de INDICAÇÃO","duration":0.10679999999996426,"failureMessages":[],"meta":{},"tags":[]},{"ancestorTitles":["BackofficePontosPage - subabas de INDICAÇÃO"],"fullName":"BackofficePontosPage - subabas de INDICAÇÃO move Ranking para as subabas de INDICAÇÃO","status":"passed","title":"move Ranking para as subabas de INDICAÇÃO","duration":0.13700000000000045,"failureMessages":[],"meta":{},"tags":[]},{"ancestorTitles":["BackofficePontosPage - subabas de INDICAÇÃO"],"fullName":"BackofficePontosPage - subabas de INDICAÇÃO move Resgates para as subabas de INDICAÇÃO","status":"passed","title":"move Resgates para as subabas de INDICAÇÃO","duration":0.13929999999999154,"failureMessages":[],"meta":{},"tags":[]},{"ancestorTitles":["BackofficePontosPage - subabas de INDICAÇÃO"],"fullName":"BackofficePontosPage - subabas de INDICAÇÃO não inclui Ciclos nas subabas de INDICAÇÃO","status":"passed","title":"não inclui Ciclos nas subabas de INDICAÇÃO","duration":0.10040000000003602,"failureMessages":[],"meta":{},"tags":[]},{"ancestorTitles":["BackofficePontosPage - resolução da aba ativa"],"fullName":"BackofficePontosPage - resolução da aba ativa retorna 'parceiros' quando a aba principal é parceiros","status":"passed","title":"retorna 'parceiros' quando a aba principal é parceiros","duration":0.14389999999997372,"failureMessages":[],"meta":{},"tags":[]},{"ancestorTitles":["BackofficePontosPage - resolução da aba ativa"],"fullName":"BackofficePontosPage - resolução da aba ativa retorna a subaba de configuração quando a aba principal é configuração","status":"passed","title":"retorna a subaba de configuração quando a aba principal é configuração","duration":0.15050000000002228,"failureMessages":[],"meta":{},"tags":[]},{"ancestorTitles":["BackofficePontosPage - resolução da aba ativa"],"fullName":"BackofficePontosPage - resolução da aba ativa retorna a subaba de indicação quando a aba principal é indicação","status":"passed","title":"retorna a subaba de indicação quando a aba principal é indicação","duration":0.17289999999997008,"failureMessages":[],"meta":{},"tags":[]},{"ancestorTitles":["BackofficePontosPage - estrutura do código-fonte"],"fullName":"BackofficePontosPage - estrutura do código-fonte define o tipo MainTabType com parceiros, configuracao e indicacao","status":"passed","title":"define o tipo MainTabType com parceiros, configuracao e indicacao","duration":0.19299999999998363,"failureMessages":[],"meta":{},"tags":[]},{"ancestorTitles":["BackofficePontosPage - estrutura do código-fonte"],"fullName":"BackofficePontosPage - estrutura do código-fonte define o tipo ConfigSubTabType com ciclos e configuracao","status":"passed","title":"define o tipo ConfigSubTabType com ciclos e configuracao","duration":0.10859999999996717,"failureMessages":[],"meta":{},"tags":[]},{"ancestorTitles":["BackofficePontosPage - estrutura do código-fonte"],"fullName":"BackofficePontosPage - estrutura do código-fonte define o tipo IndicacaoSubTabType com as 4 subabas de indicação","status":"passed","title":"define o tipo IndicacaoSubTabType com as 4 subabas de indicação","duration":0.09809999999998809,"failureMessages":[],"meta":{},"tags":[]},{"ancestorTitles":["BackofficePontosPage - estrutura do código-fonte"],"fullName":"BackofficePontosPage - estrutura do código-fonte define a constante MAIN_TABS","status":"passed","title":"define a constante MAIN_TABS","duration":0.0916000000000281,"failureMessages":[],"meta":{},"tags":[]},{"ancestorTitles":["BackofficePontosPage - estrutura do código-fonte"],"fullName":"BackofficePontosPage - estrutura do código-fonte define a constante CONFIG_SUB_TABS","status":"passed","title":"define a constante CONFIG_SUB_TABS","duration":0.102800000000002,"failureMessages":[],"meta":{},"tags":[]},{"ancestorTitles":["BackofficePontosPage - estrutura do código-fonte"],"fullName":"BackofficePontosPage - estrutura do código-fonte define a constante INDICACAO_SUB_TABS","status":"passed","title":"define a constante INDICACAO_SUB_TABS","duration":0.09129999999998972,"failureMessages":[],"meta":{},"tags":[]},{"ancestorTitles":["BackofficePontosPage - estrutura do código-fonte"],"fullName":"BackofficePontosPage - estrutura do código-fonte não usa mais a constante TABS (antiga estrutura plana)","status":"passed","title":"não usa mais a constante TABS (antiga estrutura plana)","duration":0.18490000000002738,"failureMessages":[],"meta":{},"tags":[]},{"ancestorTitles":["BackofficePontosPage - estrutura do código-fonte"],"fullName":"BackofficePontosPage - estrutura do código-fonte não usa mais o tipo TabType (antigo)","status":"passed","title":"não usa mais o tipo TabType (antigo)","duration":0.1493000000000393,"failureMessages":[],"meta":{},"tags":[]},{"ancestorTitles":["BackofficePontosPage - estado principal e subabas"],"fullName":"BackofficePontosPage - estado principal e subabas declara o estado activeMainTab","status":"passed","title":"declara o estado activeMainTab","duration":0.11889999999999645,"failureMessages":[],"meta":{},"tags":[]},{"ancestorTitles":["BackofficePontosPage - estado principal e subabas"],"fullName":"BackofficePontosPage - estado principal e subabas declara o estado activeConfigSubTab","status":"passed","title":"declara o estado activeConfigSubTab","duration":0.117999999999995,"failureMessages":[],"meta":{},"tags":[]},{"ancestorTitles":["BackofficePontosPage - estado principal e subabas"],"fullName":"BackofficePontosPage - estado principal e subabas declara o estado activeIndicacaoSubTab","status":"passed","title":"declara o estado activeIndicacaoSubTab","duration":0.10159999999996217,"failureMessages":[],"meta":{},"tags":[]},{"ancestorTitles":["BackofficePontosPage - estado principal e subabas"],"fullName":"BackofficePontosPage - estado principal e subabas deriva activeTab a partir do estado principal + subaba","status":"passed","title":"deriva activeTab a partir do estado principal + subaba","duration":0.094600000000014,"failureMessages":[],"meta":{},"tags":[]},{"ancestorTitles":["BackofficePontosPage - estado principal e subabas"],"fullName":"BackofficePontosPage - estado principal e subabas passa activeTab para o hook usePontosData","status":"passed","title":"passa activeTab para o hook usePontosData","duration":0.0918999999999528,"failureMessages":[],"meta":{},"tags":[]},{"ancestorTitles":["BackofficePontosPage - renderização condicional das subabas"],"fullName":"BackofficePontosPage - renderização condicional das subabas renderiza as subabas apenas quando aba principal é configuracao ou indicacao","status":"passed","title":"renderiza as subabas apenas quando aba principal é configuracao ou indicacao","duration":0.10509999999999309,"failureMessages":[],"meta":{},"tags":[]},{"ancestorTitles":["BackofficePontosPage - renderização condicional das subabas"],"fullName":"BackofficePontosPage - renderização condicional das subabas não renderiza subabas quando aba principal é parceiros","status":"passed","title":"não renderiza subabas quando aba principal é parceiros","duration":0.14929999999998245,"failureMessages":[],"meta":{},"tags":[]},{"ancestorTitles":["BackofficePontosPage - mapeamento de componentes"],"fullName":"BackofficePontosPage - mapeamento de componentes renderiza ParceirosPontos apenas quando aba principal é parceiros","status":"passed","title":"renderiza ParceirosPontos apenas quando aba principal é parceiros","duration":0.1238999999999919,"failureMessages":[],"meta":{},"tags":[]},{"ancestorTitles":["BackofficePontosPage - mapeamento de componentes"],"fullName":"BackofficePontosPage - mapeamento de componentes renderiza CiclosPontos na subaba ciclos de CONFIGURAÇÃO","status":"passed","title":"renderiza CiclosPontos na subaba ciclos de CONFIGURAÇÃO","duration":0.1
[...]
 route"],"fullName":"API route rota alterada existe","status":"passed","title":"rota alterada existe","duration":2.320600000000013,"failureMessages":[],"meta":{},"tags":[]}],"startTime":1787712950112,"endTime":1787712950114.3206,"status":"passed","message":"","name":"C:/apps/mundoas/apps/web/app/__tests__/app/api/v1/backoffice/comerciais/calcular-comissao/route.test.ts"},{"assertionResults":[{"ancestorTitles":["API route"],"fullName":"API route rota alterada existe","status":"passed","title":"rota alterada existe","duration":2.447999999999979,"failureMessages":[],"meta":{},"tags":[]}],"startTime":1787712946490,"endTime":1787712946492.448,"status":"passed","message":"","name":"C:/apps/mundoas/apps/web/app/__tests__/app/api/v1/backoffice/comerciais/id/route.test.ts"},{"assertionResults":[{"ancestorTitles":["API route"],"fullName":"API route rota alterada existe","status":"passed","title":"rota alterada existe","duration":2.592700000000036,"failureMessages":[],"meta":{},"tags":[]}],"startTime":1787712949696,"endTime":1787712949698.5928,"status":"passed","message":"","name":"C:/apps/mundoas/apps/web/app/__tests__/app/api/v1/backoffice/equipe/id/route.test.ts"},{"assertionResults":[{"ancestorTitles":["API route"],"fullName":"API route rota alterada existe","status":"passed","title":"rota alterada existe","duration":2.425299999999993,"failureMessages":[],"meta":{},"tags":[]}],"startTime":1787712949261,"endTime":1787712949263.4253,"status":"passed","message":"","name":"C:/apps/mundoas/apps/web/app/__tests__/app/api/v1/backoffice/consultores/id/route.test.ts"},{"assertionResults":[{"ancestorTitles":["API route"],"fullName":"API route rota alterada existe","status":"passed","title":"rota alterada existe","duration":2.5153999999999996,"failureMessages":[],"meta":{},"tags":[]}],"startTime":1787712929518,"endTime":1787712929520.5154,"status":"passed","message":"","name":"C:/apps/mundoas/apps/web/app/__tests__/app/api/v1/backoffice/consultores-pf/comissoes/route.test.ts"},{"assertionResults":[{"ancestorTitles":["API route"],"fullName":"API route rota alterada existe","status":"passed","title":"rota alterada existe","duration":2.292500000000018,"failureMessages":[],"meta":{},"tags":[]}],"startTime":1787712951131,"endTime":1787712951133.2925,"status":"passed","message":"","name":"C:/apps/mundoas/apps/web/app/__tests__/app/api/v1/backoffice/consultores-pf/id/route.test.ts"},{"assertionResults":[{"ancestorTitles":["API route"],"fullName":"API route rota alterada existe","status":"passed","title":"rota alterada existe","duration":2.3706999999999994,"failureMessages":[],"meta":{},"tags":[]}],"startTime":1787712938876,"endTime":1787712938878.3706,"status":"passed","message":"","name":"C:/apps/mundoas/apps/web/app/__tests__/app/api/v1/backoffice/metas-vendas/auditoria-realizado/route.test.ts"},{"assertionResults":[{"ancestorTitles":["API route"],"fullName":"API route rota alterada existe","status":"passed","title":"rota alterada existe","duration":2.259299999999996,"failureMessages":[],"meta":{},"tags":[]}],"startTime":1787712956322,"endTime":1787712956324.2593,"status":"passed","message":"","name":"C:/apps/mundoas/apps/web/app/__tests__/app/api/v1/backoffice/liderancas/id/route.test.ts"},{"assertionResults":[{"ancestorTitles":["API route"],"fullName":"API route rota alterada existe","status":"passed","title":"rota alterada existe","duration":2.300700000000006,"failureMessages":[],"meta":{},"tags":[]}],"startTime":1787712935319,"endTime":1787712935321.3008,"status":"passed","message":"","name":"C:/apps/mundoas/apps/web/app/__tests__/app/api/v1/backoffice/pontos/configuracao/route.test.ts"},{"assertionResults":[{"ancestorTitles":["API route"],"fullName":"API route rota alterada existe","status":"passed","title":"rota alterada existe","duration":2.634299999999996,"failureMessages":[],"meta":{},"tags":[]}],"startTime":1787712938539,"endTime":1787712938541.6343,"status":"passed","message":"","name":"C:/apps/mundoas/apps/web/app/__tests__/app/api/v1/backoffice/pontos/ciclos/route.test.ts"},{"assertionResults":[{"ancestorTitles":["API route"],"fullName":"API route rota alterada existe","status":"passed","title":"rota alterada existe","duration":2.317200000000014,"failureMessages":[],"meta":{},"tags":[]}],"startTime":1787712963598,"endTime":1787712963600.3171,"status":"passed","message":"","name":"C:/apps/mundoas/apps/web/app/__tests__/app/api/v1/backoffice/pontos/distribuir/route.test.ts"},{"assertionResults":[{"ancestorTitles":["API route"],"fullName":"API route rota alterada existe","status":"passed","title":"rota alterada existe","duration":2.3344000000000165,"failureMessages":[],"meta":{},"tags":[]}],"startTime":1787712931229,"endTime":1787712931231.3345,"status":"passed","message":"","name":"C:/apps/mundoas/apps/web/app/__tests__/app/api/v1/backoffice/pontos/premios/route.test.ts"},{"assertionResults":[{"ancestorTitles":["API route"],"fullName":"API route rota alterada existe","status":"passed","title":"rota alterada existe","duration":2.29079999999999,"failureMessages":[],"meta":{},"tags":[]}],"startTime":1787712930890,"endTime":1787712930892.2908,"status":"passed","message":"","name":"C:/apps/mundoas/apps/web/app/__tests__/app/api/v1/backoffice/pontos/ranking/route.test.ts"},{"assertionResults":[{"ancestorTitles":["API route"],"fullName":"API route rota alterada existe","status":"passed","title":"rota alterada existe","duration":2.251800000000003,"failureMessages":[],"meta":{},"tags":[]}],"startTime":1787712941686,"endTime":1787712941688.2517,"status":"passed","message":"","name":"C:/apps/mundoas/apps/web/app/__tests__/app/api/v1/backoffice/pontos/resgates/route.test.ts"},{"assertionResults":[{"ancestorTitles":["API route"],"fullName":"API route rota alterada existe","status":"passed","title":"rota alterada existe","duration":2.281499999999994,"failureMessages":[],"meta":{},"tags":[]}],"startTime":1787712950799,"endTime":1787712950801.2815,"status":"passed","message":"","name":"C:/apps/mundoas/apps/web/app/__tests__/app/api/v1/backoffice/parceiros/check-cpf/route.test.ts"},{"assertionResults":[{"ancestorTitles":["API route"],"fullName":"API route rota alterada existe","status":"passed","title":"rota alterada existe","duration":2.4757999999999925,"failureMessages":[],"meta":{},"tags":[]}],"startTime":1787712959729,"endTime":1787712959731.4758,"status":"passed","message":"","name":"C:/apps/mundoas/apps/web/app/__tests__/app/api/v1/backoffice/parceiros/reactivate/route.test.ts"},{"assertionResults":[{"ancestorTitles":["API route"],"fullName":"API route rota alterada existe","status":"passed","title":"rota alterada existe","duration":2.327200000000005,"failureMessages":[],"meta":{},"tags":[]}],"startTime":1787712942718,"endTime":1787712942720.3271,"status":"passed","message":"","name":"C:/apps/mundoas/apps/web/app/__tests__/app/api/v1/lideranca/consultores-pf/producao/route.test.ts"},{"assertionResults":[{"ancestorTitles":["API route"],"fullName":"API route rota alterada existe","status":"passed","title":"rota alterada existe","duration":2.436399999999992,"failureMessages":[],"meta":{},"tags":[]}],"startTime":1787712963245,"endTime":1787712963247.4363,"status":"passed","message":"","name":"C:/apps/mundoas/apps/web/app/__tests__/app/api/v1/lideranca/consultores-pf/id/route.test.ts"},{"assertionResults":[{"ancestorTitles":["API route"],"fullName":"API route rota alterada existe","status":"passed","title":"rota alterada existe","duration":2.2667999999999893,"failureMessages":[],"meta":{},"tags":[]}],"startTime":1787712933951,"endTime":1787712933953.2668,"status":"passed","message":"","name":"C:/apps/mundoas/apps/web/app/__tests__/app/api/v1/lideranca/equipe/importar/route.test.ts"},{"assertionResults":[{"ancestorTitles":["API route"],"fullName":"API route rota alterada existe","status":"passed","title":"rota alterada existe","duration":2.4934000000000083,"failureMessages":[],"meta":{},"tags":[]}],"startTime":1787712938191,"endTime":1787712938193.4934,"status":"passed","message":"","name":"C:/apps/mundoas/apps/web/app/__tests__/app/api/v1/parceiro/pontos/carteira/route.test.ts"},{"assertionResults":[{"ancestorTitles":["API route"],"fullName":"API route rota alterada existe","status":"passed","title":"rota alterada existe","duration":2.283800000000042,"failureMessages":[],"meta":{},"tags":[]}],"startTime":1787712928850,"endTime":1787712928852.2837,"status":"passed","message":"","name":"C:/apps/mundoas/apps/web/app/__tests__/app/api/v1/parceiro/pontos/extrato/route.test.ts"},{"assertionResults":[{"ancestorTitles":["API route"],"fullName":"API route rota alterada existe","status":"passed","title":"rota alterada existe","duration":2.7455999999999676,"failureMessages":[],"meta":{},"tags":[]}],"startTime":1787712960504,"endTime":1787712960506.7456,"status":"passed","message":"","name":"C:/apps/mundoas/apps/web/app/__tests__/app/api/v1/parceiro/pontos/preferencia-ciclo/route.test.ts"},{"assertionResults":[{"ancestorTitles":["API route"],"fullName":"API route rota alterada existe","status":"passed","title":"rota alterada existe","duration":2.6598000000000184,"failureMessages":[],"meta":{},"tags":[]}],"startTime":1787712956669,"endTime":1787712956671.66,"status":"passed","message":"","name":"C:/apps/mundoas/apps/web/app/__tests__/app/api/v1/backoffice/uploads/preview/route.test.ts"},{"assertionResults":[{"ancestorTitles":["API route"],"fullName":"API route rota alterada existe","status":"passed","title":"rota alterada existe","duration":2.305999999999983,"failureMessages":[],"meta":{},"tags":[]}],"startTime":1787712961206,"endTime":1787712961208.306,"status":"passed","message":"","name":"C:/apps/mundoas/apps/web/app/__tests__/app/api/v1/parceiro/pontos/premios/route.test.ts"},{"assertionResults":[{"ancestorTitles":["API route"],"fullName":"API route rota alterada existe","status":"passed","title":"rota alterada existe","duration":2.331099999999992,"failureMessages":[],"meta":{},"tags":[]}],"startTime":1787712952141,"endTime":1787712952143.331,"status":"passed","message":"","name":"C:/apps/mundoas/apps/web/app/__tests__/app/api/v1/parceiro/pontos/ranking/route.test.ts"},{"assertionResults":[{"ancestorTitles":["API route"],"fullName":"API route rota alterada existe","status":"passed","title":"rota alterada existe","duration":2.296800000000019,"failureMessages":[],"meta":{},"tags":[]}],"startTime":1787712964355,"endTime":1787712964357.2969,"status":"passed","message":"","name":"C:/apps/mundoas/apps/web/app/__tests__/app/api/v1/backoffice/uploads/id/route.test.ts"},{"assertionResults":[{"ancestorTitles":["API route"],"fullName":"API route rota alterada existe","status":"passed","title":"rota alterada existe","duration":2.2673000000000343,"failureMessages":[],"meta":{},"tags":[]}],"startTime":1787712955971,"endTime":1787712955973.2673,"status":"passed","message":"","name":"C:/apps/mundoas/apps/web/app/__tests__/app/api/v1/parceiro/pontos/resgates/route.test.ts"},{"assertionResults":[{"ancestorTitles":["API route"],"fullName":"API route rota alterada existe","status":"passed","title":"rota alterada existe","duration":2.495299999999986,"failureMessages":[],"meta":{},"tags":[]}],"startTime":1787712932221,"endTime":1787712932223.4954,"status":"passed","message":"","name":"C:/apps/mundoas/apps/web/app/__tests__/app/api/v1/parceiro/indicados/check-cpf/route.test.ts"},{"assertionResults":[{"ancestorTitles":["API route"],"fullName":"API route rota alterada existe","status":"passed","title":"rota alterada existe","duration":2.3331000000000017,"failureMessages":[],"meta":{},"tags":[]}],"startTime":1787712962888,"endTime":1787712962890.333,"status":"passed","message":"","name":"C:/apps/mundoas/apps/web/app/__tests__/app/api/v1/admin/backoffices/id/assinatura/route.test.ts"},{"assertionResults":[{"ancestorTitles":["API route"],"fullName":"API route rota alterada existe","status":"passed","title":"rota alterada existe","duration":2.3233000000000175,"failureMessages":[],"meta":{},"tags":[]}],"startTime":1787712962219,"endTime":1787712962221.3232,"status":"passed","message":"","name":"C:/apps/mundoas/apps/web/app/__tests__/app/api/v1/admin/usuarios/id/delete-info/route.test.ts"},{"assertionResults":[{"ancestorTitles":["API route"],"fullName":"API route rota alterada existe","status":"passed","title":"rota alterada existe","duration":3.3698000000000548,"failureMessages":[],"meta":{},"tags":[]}],"startTime":1787712939566,"endTime":1787712939569.3699,"status":"passed","message":"","name":"C:/apps/mundoas/apps/web/app/__tests__/app/api/v1/admin/backoffices/id/faturas/route.test.ts"},{"assertionResults":[{"ancestorTitles":["API route"],"fullName":"API route rota alterada existe","status":"passed","title":"rota alterada existe","duration":2.2561000000000035,"failureMessages":[],"meta":{},"tags":[]}],"startTime":1787712947870,"endTime":1787712947872.256,"status":"passed","message":"","name":"C:/apps/mundoas/apps/web/app/__tests__/app/api/v1/admin/usuarios/id/reset-password/route.test.ts"},{"assertionResults":[{"ancestorTitles":["API route"],"fullName":"API route rota alterada existe","status":"passed","title":"rota alterada existe","duration":2.53430000000003,"failureMessages":[],"meta":{},"tags":[]}],"startTime":1787712952838,"endTime":1787712952840.5342,"status":"passed","message":"","name":"C:/apps/mundoas/apps/web/app/__tests__/app/api/v1/backoffice/comerciais/id/comissoes/route.test.ts"},{"assertionResults":[{"ancestorTitles":["API route"],"fullName":"API route rota alterada existe","status":"passed","title":"rota alterada existe","duration":2.4668000000000347,"failureMessages":[],"meta":{},"tags":[]}],"startTime":1787712954213,"endTime":1787712954215.4668,"status":"passed","message":"","name":"C:/apps/mundoas/apps/web/app/__tests__/app/api/v1/backoffice/comerciais/id/metas/route.test.ts"},{"assertionResults":[{"ancestorTitles":["API route"],"fullName":"API route rota alterada existe","status":"passed","title":"rota alterada existe","duration":2.8705999999999676,"failureMessages":[],"meta":{},"tags":[]}],"startTime":1787712947545,"endTime":1787712947547.8706,"status":"passed","message":"","name":"C:/apps/mundoas/apps/web/app/__tests__/app/api/v1/backoffice/equipe/id/comissoes/route.test.ts"},{"assertionResults":[{"ancestorTitles":["API route"],"fullName":"API route rota alterada existe","status":"passed","title":"rota alterada existe","duration":2.289600000000007,"failureMessages":[],"meta":{},"tags":[]}],"startTime":1787712944773,"endTime":1787712944775.2896,"status":"passed","message":"","name":"C:/apps/mundoas/apps/web/app/__tests__/app/api/v1/backoffice/equipe/id/metas/route.test.ts"},{"assertionResults":[{"ancestorTitles":["API route"],"fullName":"API route rota alterada existe","status":"passed","title":"rota alterada existe","duration":2.395399999999995,"failureMessages":[],"meta":{},"tags":[]}],"startTime":1787712953179,"endTime":1787712953181.3955,"status":"passed","message":"","name":"C:/apps/mundoas/apps/web/app/__tests__/app/api/v1/backoffice/equipe/id/equipe/route.test.ts"},{"assertionResults":[{"ancestorTitles":["API route"],"fullName":"API route rota alterada existe","status":"passed","title":"rota alterada existe","duration":2.2574000000000183,"failureMessages":[],"meta":{},"tags":[]}],"startTime":1787712937475,"endTime":1787712937477.2573,"status":"passed","message":"","name":"C:/apps/mundoas/apps/web/app/__tests__/app/api/v1/backoffice/comissionamento/validacao/mesReferencia/route.test.ts"},{"assertionResults":[{"ancestorTitles":["API route"],"fullName":"API route rota alterada existe","status":"passed","title":"rota alterada existe","duration":2.3009999999999877,"failureMessages":[],"meta":{},"tags":[]}],"startTime":1787712943056,"endTime":1787712943058.301,"status":"passed","message":"","name":"C:/apps/mundoas/apps/web/app/__tests__/app/api/v1/backoffice/metas-vendas/consultorId/setorId/route.test.ts"},{"assertionResults":[{"ancestorTitles":["API route"],"fullName":"API route rota alterada existe","status":"passed","title":"rota alterada existe","duration":2.4329999999999927,"failureMessages":[],"meta":{},"tags":[]}],"startTime":1787712961880,"endTime":1787712961882.433,"status":"passed","message":"","name":"C:/apps/mundoas/apps/web/app/__tests__/app/api/v1/backoffice/liderancas/id/equipe/route.test.ts"},{"assertionResults":[{"ancestorTitles":["API route"],"fullName":"API route rota alterada existe","status":"passed","title":"rota alterada existe","duration":2.391300000000001,"failureMessages":[],"meta":{},"tags":[]}],"startTime":1787712935681,"endTime":1787712935683.3914,"status":"passed","message":"","name":"C:/apps/mundoas/apps/web/app/__tests__/app/api/v1/backoffice/pontos/ciclos/id/route.test.ts"},{"assertionResults":[{"ancestorTitles":["API route"],"fullName":"API route rota alterada existe","status":"passed","title":"rota alterada existe","duration":3.3501999999999725,"failureMessages":[],"meta":{},"tags":[]}],"startTime":1787712948209,"endTime":1787712948212.35,"status":"passed","message":"","name":"C:/apps/mundoas/apps/web/app/__tests__/app/api/v1/backoffice/pontos/resgates/id/route.test.ts"},{"assertionResults":[{"ancestorTitles":["API route"],"fullName":"API route rota alterada existe","status":"passed","title":"rota alterada existe","duration":2.299500000000023,"failureMessages":[],"meta":{},"tags":[]}],"startTime":1787712941362,"endTime":1787712941364.2996,"status":"passed","message":"","name":"C:/apps/mundoas/apps/web/app/__tests__/app/api/v1/lideranca/consultores-pf/producao/procedimentos/route.test.ts"},{"assertionResults":[{"ancestorTitles":["API route"],"fullName":"API route rota alterada existe","status":"passed","title":"rota alterada existe","duration":2.307899999999961,"failureMessages":[],"meta":{},"tags":[]}],"startTime":1787712943385,"endTime":1787712943387.3079,"status":"passed","message":"","name":"C:/apps/mundoas/apps/web/app/__tests__/app/api/v1/lideranca/consultores-pf/id/metas/route.test.ts"},{"assertionResults":[{"ancestorTitles":["API route"],"fullName":"API route rota alterada existe","status":"passed","title":"rota alterada existe","duration":2.303800000000024,"failureMessages":[],"meta":{},"tags":[]}],"startTime":1787712933629,"endTime":1787712933631.3037,"status":"passed","message":"","name":"C:/apps/mundoas/apps/web/app/__tests__/app/api/v1/lideranca/consultores-pf/id/comissoes/route.test.ts"},{"assertionResults":[{"ancestorTitles":["API route"],"fullName":"API route rota alterada existe","status":"passed","title":"rota alterada existe","duration":2.3222000000000094,"failureMessages":[],"meta":{},"tags":[]}],"startTime":1787712930549,"endTime":1787712930551.3223,"status":"passed","message":"","name":"C:/apps/mundoas/apps/web/app/__tests__/app/api/v1/lideranca/equipe/consultores-pf/importar/route.test.ts"},{"assertionResults":[{"ancestorTitles":["API route"],"fullName":"API route rota alterada existe","status":"passed","title":"rota alterada existe","duration":2.400100000000009,"failureMessages":[],"meta":{},"tags":[]}],"startTime":1787712942374,"endTime":1787712942376.4001,"status":"passed","message":"","name":"C:/apps/mundoas/apps/web/app/__tests__/app/api/v1/parceiro/pontos/resgates/id/route.test.ts"},{"assertionResults":[{"ancestorTitles":["API route"],"fullName":"API route rota alterada existe","status":"passed","title":"rota alterada existe","duration":2.3582000000000107,"failureMessages":[],"meta":{},"tags":[]}],"startTime":1787712947209,"endTime":1787712947211.3582,"status":"passed","message":"","name":"C:/apps/mundoas/apps/web/app/__tests__/app/api/v1/admin/backoffices/id/faturas/faturaId/route.test.ts"},{"assertionResults":[{"ancestorTitles":["API route"],"fullName":"API route rota alterada existe","status":"passed","title":"rota alterada existe","duration":2.497599999999977,"failureMessages":[],"meta":{},"tags":[]}],"startTime":1787712955638,"endTime":1787712955640.4976,"status":"passed","message":"","name":"C:/apps/mundoas/apps/web/app/__tests__/app/api/v1/backoffice/uploads/id/arquivo/route.test.ts"}]}