{"numTotalTestSuites":731,"numPassedTestSuites":648,"numFailedTestSuites":83,"numPendingTestSuites":0,"numTotalTests":1370,"numPassedTests":1158,"numFailedTests":128,"numPendingTests":84,"numTodoTests":0,"snapshot":{"added":0,"failure":false,"filesAdded":0,"filesRemoved":0,"filesRemovedList":[],"filesUnmatched":0,"filesUpdated":0,"matched":0,"total":0,"unchecked":0,"uncheckedKeysByFile":[],"unmatched":0,"updated":0,"didUpdate":false},"startTime":1787795050722,"success":false,"testResults":[{"assertionResults":[{"ancestorTitles":["vercel.json"],"fullName":"vercel.json deve ter installCommand instalando devDependencies (--prod=false)","status":"passed","title":"deve ter installCommand instalando devDependencies (--prod=false)","duration":1.9153699999999958,"failureMessages":[],"meta":{},"tags":[]},{"ancestorTitles":["vercel.json"],"fullName":"vercel.json deve ter buildCommand usando turbo vercel-build","status":"passed","title":"deve ter buildCommand usando turbo vercel-build","duration":0.23873100000000136,"failureMessages":[],"meta":{},"tags":[]},{"ancestorTitles":["vercel.json"],"fullName":"vercel.json deve apontar outputDirectory para apps/web/.next","status":"passed","title":"deve apontar outputDirectory para apps/web/.next","duration":0.36261299999998187,"failureMessages":[],"meta":{},"tags":[]},{"ancestorTitles":["turbo.json"],"fullName":"turbo.json deve expor NODE_ENV no globalEnv para evitar warning em produção","status":"passed","title":"deve expor NODE_ENV no globalEnv para evitar warning em produção","duration":0.9041740000000118,"failureMessages":[],"meta":{},"tags":[]},{"ancestorTitles":["turbo.json"],"fullName":"turbo.json deve manter variáveis de auth no globalEnv","status":"passed","title":"deve manter variáveis de auth no globalEnv","duration":0.5540410000000122,"failureMessages":[],"meta":{},"tags":[]},{"ancestorTitles":["turbo.json"],"fullName":"turbo.json deve ter tarefa build configurada com dependsOn [\"^build\"]","status":"passed","title":"deve ter tarefa build configurada com dependsOn [\"^build\"]","duration":0.7776899999999785,"failureMessages":[],"meta":{},"tags":[]},{"ancestorTitles":["turbo.json"],"fullName":"turbo.json deve ter tarefa dev sem cache e persistente","status":"passed","title":"deve ter tarefa dev sem cache e persistente","duration":0.35763399999999024,"failureMessages":[],"meta":{},"tags":[]}],"startTime":1787795130825,"endTime":1787795130830.7776,"status":"passed","message":"","name":"/home/ubuntu/mundoas_current_work/apps/web/__tests__/deploy-config.test.ts"},{"assertionResults":[{"ancestorTitles":["Middleware de Autenticação e Papéis"],"fullName":"Middleware de Autenticação e Papéis deve permitir acesso a rotas públicas","status":"passed","title":"deve permitir acesso a rotas públicas","duration":5.436050999999992,"failureMessages":[],"meta":{},"tags":[]},{"ancestorTitles":["Middleware de Autenticação e Papéis"],"fullName":"Middleware de Autenticação e Papéis deve redirecionar para /login se tentar acessar rota protegida sem token","status":"passed","title":"deve redirecionar para /login se tentar acessar rota protegida sem token","duration":1.3281479999999988,"failureMessages":[],"meta":{},"tags":[]},{"ancestorTitles":["Middleware de Autenticação e Papéis"],"fullName":"Middleware de Autenticação e Papéis deve redirecionar se o usuário não tiver o tipo permitido para a rota","status":"passed","title":"deve redirecionar se o usuário não tiver o tipo permitido para a rota","duration":1.0110119999999938,"failureMessages":[],"meta":{},"tags":[]},{"ancestorTitles":["Middleware de Autenticação e Papéis"],"fullName":"Middleware de Autenticação e Papéis deve permitir acesso se o usuário tiver o tipo e papel corretos","status":"passed","title":"deve permitir acesso se o usuário tiver o tipo e papel corretos","duration":0.5207389999999918,"failureMessages":[],"meta":{},"tags":[]},{"ancestorTitles":["Middleware de Autenticação e Papéis"],"fullName":"Middleware de Autenticação e Papéis deve redirecionar GESTOR_PJ para dashboard de gestor","status":"passed","title":"deve redirecionar GESTOR_PJ para dashboard de gestor","duration":0.7464250000000163,"failureMessages":[],"meta":{},"tags":[]},{"ancestorTitles":["Middleware de Autenticação e Papéis"],"fullName":"Middleware de Autenticação e Papéis deve forçar HTTPS em produção","status":"passed","title":"deve forçar HTTPS em produção","duration":0.8142190000000085,"failureMessages":[],"meta":{},"tags":[]},{"ancestorTitles":["Middleware - NextAuth v5 (cookie + salt + secret)"],"fullName":"Middleware - NextAuth v5 (cookie + salt + secret) em produção: deve passar secureCookie=true e salt correto para getToken","status":"passed","title":"em produção: deve passar secureCookie=true e salt correto para getToken","duration":1.3029879999999991,"failureMessages":[],"meta":{},"tags":[]},{"ancestorTitles":["Middleware - NextAuth v5 (cookie + salt + secret)"],"fullName":"Middleware - NextAuth v5 (cookie + salt + secret) em desenvolvimento: deve passar secureCookie=false e salt sem prefixo","status":"passed","title":"em desenvolvimento: deve passar secureCookie=false e salt sem prefixo","duration":0.5928860000000213,"failureMessages":[],"meta":{},"tags":[]},{"ancestorTitles":["Middleware - NextAuth v5 (cookie + salt + secret)"],"fullName":"Middleware - NextAuth v5 (cookie + salt + secret) deve priorizar AUTH_SECRET sobre NEXTAUTH_SECRET (padrão v5)","status":"passed","title":"deve priorizar AUTH_SECRET sobre NEXTAUTH_SECRET (padrão v5)","duration":1.2258829999999818,"failureMessages":[],"meta":{},"tags":[]},{"ancestorTitles":["Middleware - NextAuth v5 (cookie + salt + secret)"],"fullName":"Middleware - NextAuth v5 (cookie + salt + secret) deve usar NEXTAUTH_SECRET como fallback se AUTH_SECRET não estiver definido","status":"passed","title":"deve usar NEXTAUTH_SECRET como fallback se AUTH_SECRET não estiver definido","duration":0.6521140000000116,"failureMessages":[],"meta":{},"tags":[]},{"ancestorTitles":["Middleware - NextAuth v5 (cookie + salt + secret)"],"fullName":"Middleware - NextAuth v5 (cookie + salt + secret) deve permitir acesso se getToken retornar token válido em produção (HTTPS)","status":"passed","title":"deve permitir acesso se getToken retornar token válido em produção (HTTPS)","duration":0.5374679999999898,"failureMessages":[],"meta":{},"tags":[]},{"ancestorTitles":["Middleware - NextAuth v5 (cookie + salt + secret)"],"fullName":"Middleware - NextAuth v5 (cookie + salt + secret) deve redirecionar para /login se getToken retornar null em produção","status":"passed","title":"deve redirecionar para /login se getToken retornar null em produção","duration":0.5766849999999977,"failureMessages":[],"meta":{},"tags":[]}],"startTime":1787795124346,"endTime":1787795124360.5767,"status":"passed","message":"","name":"/home/ubuntu/mundoas_current_work/apps/web/__tests__/middleware.test.ts"},{"assertionResults":[{"ancestorTitles":["Next.js + Prisma config - regressão P2021"],"fullName":"Next.js + Prisma config - regressão P2021 next.config.js deve marcar @prisma/client como serverComponentsExternalPackages","status":"passed","title":"next.config.js deve marcar @prisma/client como serverComponentsExternalPackages","duration":2.0054560000000095,"failureMessages":[],"meta":{},"tags":[]},{"ancestorTitles":["Next.js + Prisma config - regressão P2021"],"fullName":"Next.js + Prisma config - regressão P2021 next.config.js deve transpilar @asa/database","status":"passed","title":"next.config.js deve transpilar @asa/database","duration":0.3381339999999966,"failureMessages":[],"meta":{},"tags":[]},{"ancestorTitles":["Next.js + Prisma config - regressão P2021"],"fullName":"Next.js + Prisma config - regressão P2021 @asa/database deve ter postinstall rodando prisma generate","status":"passed","title":"@asa/database deve ter postinstall rodando prisma generate","duration":0.292113999999998,"failureMessages":[],"meta":{},"tags":[]},{"ancestorTitles":["Next.js + Prisma config - regressão P2021"],"fullName":"Next.js + Prisma config - regressão P2021 @asa/database depende de @prisma/client com versão patchada","status":"passed","title":"@asa/database depende de @prisma/client com versão patchada","duration":0.218451999999985,"failureMessages":[],"meta":{},"tags":[]}],"startTime":1787795134385,"endTime":1787795134388.2185,"status":"passed","message":"","name":"/home/ubuntu/mundoas_current_work/apps/web/__tests__/prisma-next-config-regression.test.ts"},{"assertionResults":[{"ancestorTitles":["API admin/backoffices/:id/assinatura — contrato funcional"],"fullName":"API admin/backoffices/:id/assinatura — contrato funcional retorna 401 sem autenticação","status":"passed","title":"retorna 401 sem autenticação","duration":6.345083000000017,"failureMessages":[],"meta":{},"tags":[]},{"ancestorTitles":["API admin/backoffices/:id/assinatura — contrato funcional"],"fullName":"API admin/backoffices/:id/assinatura — contrato funcional rejeita ação desconhecida","status":"passed","title":"rejeita ação desconhecida","duration":2.293282000000005,"failureMessages":[],"meta":{},"tags":[]},{"ancestorTitles":["API admin/backoffices/:id/assinatura — contrato funcional"],"fullName":"API admin/backoffices/:id/assinatura — contrato funcional exige motivo para bloqueio","status":"passed","title":"exige motivo para bloqueio","duration":1.010390000000001,"failureMessages":[],"meta":{},"tags":[]},{"ancestorTitles":["API admin/backoffices/:id/assinatura — contrato funcional"],"fullName":"API admin/backoffices/:id/assinatura — contrato funcional bloqueia a assinatura e registra a atualização","status":"passed","title":"bloqueia a assinatura e registra a atualização","duration":3.3972559999999987,"failureMessages":[],"meta":{},"tags":[]},{"ancestorTitles":["API admin/backoffices/:id/assinatura — contrato funcional"],"fullName":"API admin/backoffices/:id/assinatura — contrato funcional retorna 404 quando a assinatura não existe","status":"passed","title":"retorna 404 quando a assinatura não existe","duration":1.0866340000000037,"failureMessages":[],"meta":{},"tags":[]}],"startTime":1787795122783,"endTime":1787795122797.0867,"status":"passed","message":"","name":"/home/ubuntu/mundoas_current_work/apps/web/app/__tests__/admin-assinatura-functional.test.ts"},{"assertionResults":[{"ancestorTitles":["API admin/backoffices — contrato funcional"],"fullName":"API admin/backoffices — contrato funcional retorna 401 quando a sessão não existe","status":"passed","title":"retorna 401 quando a sessão não existe","duration":6.083574999999996,"failureMessages":[],"meta":{},"tags":[]},{"ancestorTitles":["API admin/backoffices — contrato funcional"],"fullName":"API admin/backoffices — contrato funcional retorna 400 quando o payload obrigatório está incompleto","status":"passed","title":"retorna 400 quando o payload obrigatório está incompleto","duration":3.120211999999981,"failureMessages":[],"meta":{},"tags":[]},{"ancestorTitles":["API admin/backoffices — contrato funcional"],"fullName":"API admin/backoffices — contrato funcional retorna 400 para CPF inválido antes de consultar o banco","status":"passed","title":"retorna 400 para CPF inválido antes de consultar o banco","duration":1.3188419999999894,"failureMessages":[],"meta":{},"tags":[]},{"ancestorTitles":["API admin/backoffices — contrato funcional"],"fullName":"API admin/backoffices — contrato funcional retorna 400 quando o email já está cadastrado","status":"passed","title":"retorna 400 quando o email já está cadastrado","duration":1.5691400000000044,"failureMessages":[],"meta":{},"tags":[]},{"ancestorTitles":["API admin/backoffices — contrato funcional"],"fullName":"API admin/backoffices — contrato funcional cria usuário, backoffice e assinatura na mesma transação","status":"passed","title":"cria usuário, backoffice e assinatura na mesma transação","duration":2.153854999999993,"failureMessages":[],"meta":{},"tags":[]},{"ancestorTitles":["API admin/backoffices — contrato funcional"],"fullName":"API admin/backoffices — contrato funcional lista backoffices para um administrador","status":"passed","title":"lista backoffices para um administrador","duration":0.7863460000000089,"failureMessages":[],"meta":{},"tags":[]}],"startTime":1787795124086,"endTime":1787795124101.7864,"status":"passed","message":"","name":"/home/ubuntu/mundoas_current_work/apps/web/app/__tests__/admin-backoffices-route-functional.test.ts"},{"assertionResults":[{"ancestorTitles":["APIs admin/backoffices/:id/faturas — contrato funcional"],"fullName":"APIs admin/backoffices/:id/faturas — contrato funcional retorna 401 na criação sem autenticação","status":"passed","title":"retorna 401 na criação sem autenticação","duration":6.301221999999996,"failureMessages":[],"meta":{},"tags":[]},{"ancestorTitles":["APIs admin/backoffices/:id/faturas — contrato funcional"],"fullName":"APIs admin/backoffices/:id/faturas — contrato funcional valida valor e vencimento antes do banco","status":"passed","title":"valida valor e vencimento antes do banco","duration":2.315832999999998,"failureMessages":[],"meta":{},"tags":[]},{"ancestorTitles":["APIs admin/backoffices/:id/faturas — contrato funcional"],"fullName":"APIs admin/backoffices/:id/faturas — contrato funcional retorna 404 quando não existe assinatura","status":"passed","title":"retorna 404 quando não existe assinatura","duration":1.0417210000000239,"failureMessages":[],"meta":{},"tags":[]},{"ancestorTitles":["APIs admin/backoffices/:id/faturas — contrato funcional"],"fullName":"APIs admin/backoffices/:id/faturas — contrato funcional cria fatura pendente para a assinatura da unidade","status":"passed","title":"cria fatura pendente para a assinatura da unidade","duration":3.135140000000007,"failureMessages":[],"meta":{},"tags":[]},{"ancestorTitles":["APIs admin/backoffices/:id/faturas — contrato funcional"],"fullName":"APIs admin/backoffices/:id/faturas — contrato funcional lista faturas da assinatura da unidade","status":"passed","title":"lista faturas da assinatura da unidade","duration":1.4378949999999975,"failureMessages":[],"meta":{},"tags":[]},{"ancestorTitles":["APIs admin/backoffices/:id/faturas — contrato funcional"],"fullName":"APIs admin/backoffices/:id/faturas — contrato funcional rejeita atualização com payload pago não booleano","status":"passed","title":"rejeita atualização com payload pago não booleano","duration":1.1134750000000224,"failureMessages":[],"meta":{},"tags":[]},{"ancestorTitles":["APIs admin/backoffices/:id/faturas — contrato funcional"],"fullName":"APIs admin/backoffices/:id/faturas — contrato funcional retorna 404 quando a fatura não pertence à unidade","status":"passed","title":"retorna 404 quando a fatura não pertence à unidade","duration":0.6923670000000186,"failureMessages":[],"meta":{},"tags":[]},{"ancestorTitles":["APIs admin/backoffices/:id/faturas — contrato funcional"],"fullName":"APIs admin/backoffices/:id/faturas — contrato funcional marca fatura como paga dentro de transação","status":"passed","title":"marca fatura como paga dentro de transação","duration":1.1416769999999872,"failureMessages":[],"meta":{},"tags":[]}],"startTime":1787795121475,"endTime":1787795121493.1416,"status":"passed","message":"","name":"/home/ubuntu/mundoas_current_work/apps/web/app/__tests__/admin-faturas-functional.test.ts"},{"assertionResults":[{"ancestorTitles":["API admin/financeiro — contrato funcional"],"fullName":"API admin/financeiro — contrato funcional retorna 401 sem autenticação","status":"passed","title":"retorna 401 sem autenticação","duration":38.907588000000004,"failureMessages":[],"meta":{},"tags":[]},{"ancestorTitles":["API admin/financeiro — contrato funcional"],"fullName":"API admin/financeiro — contrato funcional calcula resumo por status, vencidos, pagos e MRR","status":"passed","title":"calcula resumo por status, vencidos, pagos e MRR","duration":3.601102000000026,"failureMessages":[],"meta":{},"tags":[]}],"startTime":1787795115154,"endTime":1787795115196.601,"status":"passed","message":"","name":"/home/ubuntu/mundoas_current_work/apps/web/app/__tests__/admin-financeiro-functional.test.ts"},{"assertionResults":[{"ancestorTitles":["admin usuarios reset-password route"],"fullName":"admin usuarios reset-password route deve existir o arquivo","status":"passed","title":"deve existir o arquivo","duration":2.2113899999999944,"failureMessages":[],"meta":{},"tags":[]}],"startTime":1787795150939,"endTime":1787795150941.2114,"status":"passed","message":"","name":"/home/ubuntu/mundoas_current_work/apps/web/app/__tests__/admin-usuarios-reset-password-route.test.ts"},{"assertionResults":[{"ancestorTitles":["API admin — contrato funcional (rotas pendentes)"],"fullName":"API admin — contrato funcional (rotas pendentes) backoffices/route retorna 401 sem admin","status":"passed","title":"backoffices/route retorna 401 sem admin","duration":34.822700000000026,"failureMessages":[],"meta":{},"tags":[]},{"ancestorTitles":["API admin — contrato funcional (rotas pendentes)"],"fullName":"API admin — contrato funcional (rotas pendentes) backoffices/[id]/assinatura — estrutura básica","status":"passed","title":"backoffices/[id]/assinatura — estrutura básica","duration":0.4420310000000427,"failureMessages":[],"meta":{},"tags":[]},{"ancestorTitles":["API admin — contrato funcional (rotas pendentes)"],"fullName":"API admin — contrato funcional (rotas pendentes) backoffices/[id]/faturas — estrutura básica","status":"passed","title":"backoffices/[id]/faturas — estrutura básica","duration":0.339616000000035,"failureMessages":[],"meta":{},"tags":[]},{"ancestorTitles":["API admin — contrato funcional (rotas pendentes)"],"fullName":"API admin — contrato funcional (rotas pendentes) backoffices/[id]/faturas/[faturaId] — módulo existe","status":"passed","title":"backoffices/[id]/faturas/[faturaId] — módulo existe","duration":0.41510499999998274,"failureMessages":[],"meta":{},"tags":[]},{"ancestorTitles":["API admin — contrato funcional (rotas pendentes)"],"fullName":"API admin — contrato funcional (rotas pendentes) admin/usuarios/[id] — módulo existe","status":"passed","title":"admin/usuarios/[id] — módulo existe","duration":0.394094999999993,"failureMessages":[],"meta":{},"tags":[]},{"ancestorTitles":["API admin — contrato funcional (rotas pendentes)"],"fullName":"API admin — contrato funcional (rotas pendentes) admin/usuarios/[id]/delete-info — módulo existe","status":"passed","title":"admin/usuarios/[id]/delete-info — módulo existe","duration":0.2760940000000005,"failureMessages":[],"meta":{},"tags":[]},{"ancestorTitles":["API admin — contrato funcional (rotas pendentes)"],"fullName":"API admin — contrato funcional (rotas pendentes) backoffices/route retorna 200 com admin autenticado","status":"failed","title":"backoffices/route retorna 200 com admin autenticado","duration":56.94648699999999,"failureMessages":["PrismaClientInitializationError: \nInvalid `prisma.backoffice.findMany()` invocation in\n/home/ubuntu/mundoas_current_work/apps/web/app/api/v1/admin/backoffices/route.ts:104:47\n\n  101 const { session, error } = await requireAdmin();\n  102 if (error) return error;\n  103 \n→ 104 const backoffices = await prisma.backoffice.findMany(\nCan't reach database server at `localhost:5432`\n\nPlease make sure your database server is running at `localhost:5432`.\n    at ei.handleRequestError (/home/ubuntu/mundoas_current_work/node_modules/.pnpm/@prisma+client@6.19.2_prisma@6.19.2_typescript@5.9.3__typescript@5.9.3/node_modules/@prisma/client/runtime/library.js:121:7568)\n    at ei.handleAndLogRequestError (/home/ubuntu/mundoas_current_work/node_modules/.pnpm/@prisma+client@6.19.2_prisma@6.19.2_typescript@5.9.3__typescript@5.9.3/node_modules/@prisma/client/runtime/library.js:121:6593)\n    at ei.request (/home/ubuntu/mundoas_current_work/node_modules/.pnpm/@prisma+client@6.19.2_prisma@6.19.2_typescript@5.9.3__typescript@5.9.3/node_modules/@prisma/client/runtime/library.js:121:6300)\n    at a (/home/ubuntu/mundoas_current_work/node_modules/.pnpm/@prisma+client@6.19.2_prisma@6.19.2_typescript@5.9.3__typescript@5.9.3/node_modules/@prisma/client/runtime/library.js:130:9551)\n    at Module.GET (/home/ubuntu/mundoas_current_work/apps/web/app/api/v1/admin/backoffices/route.ts:104:23)\n    at /home/ubuntu/mundoas_current_work/apps/web/app/__tests__/api-admin-functional.test.ts:66:17\n    at file:///home/ubuntu/mundoas_current_work/node_modules/.pnpm/@vitest+runner@4.1.1/node_modules/@vitest/runner/dist/chunk-artifact.js:1893:20"],"meta":{},"tags":[]}],"startTime":1787795100430,"endTime":1787795100523.9465,"status":"failed","message":"","name":"/home/ubuntu/mundoas_current_work/apps/web/app/__tests__/api-admin-functional.test.ts"},{"assertionResults":[{"ancestorTitles":["API backoffice — contrato funcional (rotas pendentes)"],"fullName":"API backoffice — contrato funcional (rotas pendentes) assinatura/route — módulo importado","status":"passed","title":"assinatura/route — módulo importado","duration":1.9069010000000048,"failureMessages":[],"meta":{},"tags":[]},{"ancestorTitles":["API backoffice — contrato funcional (rotas pendentes)"],"fullName":"API backoffice — contrato funcional (rotas pendentes) comerciais/route — módulo importado","status":"passed","title":"comerciais/route — módulo importado","duration":0.35377099999999473,"failureMessages":[],"meta":{},"tags":[]},{"ancestorTitles":["API backoffice — contrato funcional (rotas pendentes)"],"fullName":"API backoffice — contrato funcional (rotas pendentes) pontos/ciclos/route — módulo importado","status":"passed","title":"pontos/ciclos/route — módulo importado","duration":0.19591400000001613,"failureMessages":[],"meta":{},"tags":[]}],"startTime":1787795135421,"endTime":1787795135424.1958,"status":"passed","message":"","name":"/home/ubuntu/mundoas_current_work/apps/web/app/__tests__/api-backoffice-functional.test.ts"},{"assertionResults":[{"ancestorTitles":["API comercial — contrato funcional (rotas pendentes)"],"fullName":"API comercial — contrato funcional (rotas pendentes) minha-comissao/route — módulo importado","status":"passed","title":"minha-comissao/route — módulo importado","duration":1.9417709999999886,"failureMessages":[],"meta":{},"tags":[]},{"ancestorTitles":["API comercial — contrato funcional (rotas pendentes)"],"fullName":"API comercial — contrato funcional (rotas pendentes) parceiros/route — módulo importado","status":"passed","title":"parceiros/route — módulo importado","duration":0.3799070000000029,"failureMessages":[],"meta":{},"tags":[]}],"startTime":1787795136240,"endTime":1787795136242.38,"status":"passed","message":"","name":"/home/ubuntu/mundoas_current_work/apps/web/app/__tests__/api-comercial-functional.test.ts"},{"assertionResults":[{"ancestorTitles":["requireGestorWithScope - Authorization Middleware","Authentication & Authorization"],"fullName":"requireGestorWithScope - Authorization Middleware Authentication & Authorization deve retornar 401 sem sessão","status":"passed","title":"deve retornar 401 sem sessão","duration":1.6669330000000002,"failureMessages":[],"meta":{},"tags":[]},{"ancestorTitles":["requireGestorWithScope - Authorization Middleware","Authentication & Authorization"],"fullName":"requireGestorWithScope - Authorization Middleware Authentication & Authorization deve retornar 403 para tipo não-GESTOR","status":"passed","title":"deve retornar 403 para tipo não-GESTOR","duration":0.1819629999999961,"failureMessages":[],"meta":{},"tags":[]},{"ancestorTitles":["requireGestorWithScope - Authorization Middleware","Scope Resolution"],"fullName":"requireGestorWithScope - Authorization Middleware Scope Resolution deve retornar array vazio para gestor sem consultores atribuídos","status":"passed","title":"deve retornar array vazio para gestor sem consultores atribuídos","duration":0.20096699999999146,"failureMessages":[],"meta":{},"tags":[]},{"ancestorTitles":["requireGestorWithScope - Authorization Middleware","Scope Resolution"],"fullName":"requireGestorWithScope - Authorization Middleware Scope Resolution deve retornar consultorIds atribuídos ao gestor","status":"passed","title":"deve retornar consultorIds atribuídos ao gestor","duration":0.12724900000000616,"failureMessages":[],"meta":{},"tags":[]}],"startTime":1787795133665,"endTime":1787795133667.201,"status":"passed","message":"","name":"/home/ubuntu/mundoas_current_work/apps/web/app/__tests__/api-helpers.test.ts"},{"assertionResults":[{"ancestorTitles":["API lideranca — contrato funcional (rotas pendentes)"],"fullName":"API lideranca — contrato funcional (rotas pendentes) consultores-pf/route — módulo importado","status":"passed","title":"consultores-pf/route — módulo importado","duration":1.872965000000022,"failureMessages":[],"meta":{},"tags":[]},{"ancestorTitles":["API lideranca — contrato funcional (rotas pendentes)"],"fullName":"API lideranca — contrato funcional (rotas pendentes) metas/route — módulo importado","status":"passed","title":"metas/route — módulo importado","duration":0.4309949999999958,"failureMessages":[],"meta":{},"tags":[]}],"startTime":1787795133491,"endTime":1787795133493.431,"status":"passed","message":"","name":"/home/ubuntu/mundoas_current_work/apps/web/app/__tests__/api-lideranca-functional.test.ts"},{"assertionResults":[{"ancestorTitles":["API parceiro — contrato funcional (rotas pendentes)"],"fullName":"API parceiro — contrato funcional (rotas pendentes) dados-pessoais/route — módulo importado","status":"passed","title":"dados-pessoais/route — módulo importado","duration":2.2122870000000034,"failureMessages":[],"meta":{},"tags":[]},{"ancestorTitles":["API parceiro — contrato funcional (rotas pendentes)"],"fullName":"API parceiro — contrato funcional (rotas pendentes) pontos/resgates/route — módulo importado","status":"passed","title":"pontos/resgates/route — módulo importado","duration":0.4168149999999855,"failureMessages":[],"meta":{},"tags":[]}],"startTime":1787795131713,"endTime":1787795131715.4167,"status":"passed","message":"","name":"/home/ubuntu/mundoas_current_work/apps/web/app/__tests__/api-parceiro-functional.test.ts"},{"assertionResults":[{"ancestorTitles":["contratos críticos da auditoria"],"fullName":"contratos críticos da auditoria usa o schema financeiro compartilhado no processador PF","status":"passed","title":"usa o schema financeiro compartilhado no processador PF","duration":1.7765159999999867,"failureMessages":[],"meta":{},"tags":[]},{"ancestorTitles":["contratos críticos da auditoria"],"fullName":"contratos críticos da auditoria não mantém fallback de setores hardcoded no upload de consultores PF","status":"passed","title":"não mantém fallback de setores hardcoded no upload de consultores PF","duration":0.42080799999999385,"failureMessages":[],"meta":{},"tags":[]},{"ancestorTitles":["contratos críticos da auditoria"],"fullName":"contratos críticos da auditoria restringe a criação de setores ao Backoffice da liderança autenticada","status":"passed","title":"restringe a criação de setores ao Backoffice da liderança autenticada","duration":0.2169770000000142,"failureMessages":[],"meta":{},"tags":[]},{"ancestorTitles":["contratos críticos da auditoria"],"fullName":"contratos críticos da auditoria usa placeholders neutros no modelo de planilha","status":"passed","title":"usa placeholders neutros no modelo de planilha","duration":0.40140300000001616,"failureMessages":[],"meta":{},"tags":[]}],"startTime":1787795131204,"endTime":1787795131206.4014,"status":"passed","message":"","name":"/home/ubuntu/mundoas_current_work/apps/web/app/__tests__/audit-financial-contracts.test.ts"},{"assertionResults":[{"ancestorTitles":["API backoffice/assinatura — contrato funcional"],"fullName":"API backoffice/assinatura — contrato funcional retorna 401 sem autenticação","status":"passed","title":"retorna 401 sem autenticação","duration":37.01208500000001,"failureMessages":[],"meta":{},"tags":[]},{"ancestorTitles":["API backoffice/assinatura — contrato funcional"],"fullName":"API backoffice/assinatura — contrato funcional retorna 404 quando a sessão não possui backoffice","status":"passed","title":"retorna 404 quando a sessão não possui backoffice","duration":0.677410999999978,"failureMessages":[],"meta":{},"tags":[]},{"ancestorTitles":["API backoffice/assinatura — contrato funcional"],"fullName":"API backoffice/assinatura — contrato funcional retorna semAssinatura quando a unidade não possui assinatura","status":"passed","title":"retorna semAssinatura quando a unidade não possui assinatura","duration":2.4085699999999974,"failureMessages":[],"meta":{},"tags":[]},{"ancestorTitles":["API backoffice/assinatura — contrato funcional"],"fullName":"API backoffice/assinatura — contrato funcional retorna somente campos públicos da assinatura e das faturas","status":"passed","title":"retorna somente campos públicos da assinatura e das faturas","duration":2.1744629999999745,"failureMessages":[],"meta":{},"tags":[]}],"startTime":1787795114452,"endTime":1787795114495.1746,"status":"passed","message":"","name":"/home/ubuntu/mundoas_current_work/apps/web/app/__tests__/backoffice-assinatura-functional.test.ts"},{"assertionResults":[{"ancestorTitles":["rotas CRUD de ciclos"],"fullName":"rotas CRUD de ciclos cria usando datas sem exigir ou persistir Periodicidade do formulário","status":"passed","title":"cria usando datas sem exigir ou persistir Periodicidade do formulário","duration":9.532273000000004,"failureMessages":[],"meta":{},"tags":[]},{"ancestorTitles":["rotas CRUD de ciclos"],"fullName":"rotas CRUD de ciclos edita o ciclo dentro do backoffice autenticado","status":"passed","title":"edita o ciclo dentro do backoffice autenticado","duration":4.691191000000003,"failureMessages":[],"meta":{},"tags":[]},{"ancestorTitles":["rotas CRUD de ciclos"],"fullName":"rotas CRUD de ciclos nega edição de ciclo pertencente a outro backoffice","status":"passed","title":"nega edição de ciclo pertencente a outro backoffice","duration":1.3408680000000004,"failureMessages":[],"meta":{},"tags":[]},{"ancestorTitles":["rotas CRUD de ciclos"],"fullName":"rotas CRUD de ciclos deleta ciclo sem histórico após confirmação da interface","status":"passed","title":"deleta ciclo sem histórico após confirmação da interface","duration":1.7186929999999734,"failureMessages":[],"meta":{},"tags":[]},{"ancestorTitles":["rotas CRUD de ciclos"],"fullName":"rotas CRUD de ciclos bloqueia exclusão quando há movimentações ou resgates","status":"passed","title":"bloqueia exclusão quando há movimentações ou resgates","duration":1.0572369999999864,"failureMessages":[],"meta":{},"tags":[]}],"startTime":1787795119088,"endTime":1787795119106.0571,"status":"passed","message":"","name":"/home/ubuntu/mundoas_current_work/apps/web/app/__tests__/backoffice-ciclos-crud-route.test.ts"},{"assertionResults":[{"ancestorTitles":["API backoffice/comerciais — proxy funcional"],"fullName":"API backoffice/comerciais — proxy funcional retorna 401 sem escopo de backoffice","status":"passed","title":"retorna 401 sem escopo de backoffice","duration":3.75222100000002,"failureMessages":[],"meta":{},"tags":[]},{"ancestorTitles":["API backoffice/comerciais — proxy funcional"],"fullName":"API backoffice/comerciais — proxy funcional lista comerciais próprios e subordinados com shape legado","status":"passed","title":"lista comerciais próprios e subordinados com shape legado","duration":2.8346469999999897,"failureMessages":[],"meta":{},"tags":[]},{"ancestorTitles":["API backoffice/comerciais — proxy funcional"],"fullName":"API backoffice/comerciais — proxy funcional adapta POST legado para equipe com tipo comercial","status":"passed","title":"adapta POST legado para equipe com tipo comercial","duration":4.495913999999999,"failureMessages":[],"meta":{},"tags":[]}],"startTime":1787795124603,"endTime":1787795124614.4958,"status":"passed","message":"","name":"/home/ubuntu/mundoas_current_work/apps/web/app/__tests__/backoffice-comerciais-proxy-functional.test.ts"},{"assertionResults":[{"ancestorTitles":["APIs backoffice/comerciais — contrato funcional"],"fullName":"APIs backoffice/comerciais — contrato funcional rejeita cálculo sem escopo","status":"passed","title":"rejeita cálculo sem escopo","duration":5.956805000000003,"failureMessages":[],"meta":{},"tags":[]},{"ancestorTitles":["APIs backoffice/comerciais — contrato funcional"],"fullName":"APIs backoffice/comerciais — contrato funcional valida campos obrigatórios do cálculo","status":"passed","title":"valida campos obrigatórios do cálculo","duration":2.2469059999999956,"failureMessages":[],"meta":{},"tags":[]},{"ancestorTitles":["APIs backoffice/comerciais — contrato funcional"],"fullName":"APIs backoffice/comerciais — contrato funcional retorna o cálculo com os dados normalizados","status":"passed","title":"retorna o cálculo com os dados normalizados","duration":3.4278710000000103,"failureMessages":[],"meta":{},"tags":[]},{"ancestorTitles":["APIs backoffice/comerciais — contrato funcional"],"fullName":"APIs backoffice/comerciais — contrato funcional converte erro do cálculo em 400","status":"passed","title":"converte erro do cálculo em 400","duration":1.4989860000000022,"failureMessages":[],"meta":{},"tags":[]},{"ancestorTitles":["APIs backoffice/comerciais — contrato funcional"],"fullName":"APIs backoffice/comerciais — contrato funcional retorna 401 no GET do comercial sem escopo","status":"passed","title":"retorna 401 no GET do comercial sem escopo","duration":0.7643329999999935,"failureMessages":[],"meta":{},"tags":[]},{"ancestorTitles":["APIs backoffice/comerciais — contrato funcional"],"fullName":"APIs backoffice/comerciais — contrato funcional nega GET de comercial pertencente a outro backoffice","status":"passed","title":"nega GET de comercial pertencente a outro backoffice","duration":0.8259230000000173,"failureMessages":[],"meta":{},"tags":[]},{"ancestorTitles":["APIs backoffice/comerciais — contrato funcional"],"fullName":"APIs backoffice/comerciais — contrato funcional adapta PATCH legado para a rota unificada","status":"passed","title":"adapta PATCH legado para a rota unificada","duration":1.2234709999999893,"failureMessages":[],"meta":{},"tags":[]}],"startTime":1787795120289,"endTime":1787795120305.2234,"status":"passed","message":"","name":"/home/ubuntu/mundoas_current_work/apps/web/app/__tests__/backoffice-comercial-functional.test.ts"},{"assertionResults":[{"ancestorTitles":["API backoffice/consultores-pf/comissoes — contrato funcional"],"fullName":"API backoffice/consultores-pf/comissoes — contrato funcional retorna 401 sem escopo no GET","status":"passed","title":"retorna 401 sem escopo no GET","duration":5.678048000000018,"failureMessages":[],"meta":{},"tags":[]},{"ancestorTitles":["API backoffice/consultores-pf/comissoes — contrato funcional"],"fullName":"API backoffice/consultores-pf/comissoes — contrato funcional lista comissões e consultores com paginação","status":"passed","title":"lista comissões e consultores com paginação","duration":5.265822000000014,"failureMessages":[],"meta":{},"tags":[]},{"ancestorTitles":["API backoffice/consultores-pf/comissoes — contrato funcional"],"fullName":"API backoffice/consultores-pf/comissoes — contrato funcional rejeita cálculo sem campos obrigatórios","status":"passed","title":"rejeita cálculo sem campos obrigatórios","duration":1.5488169999999855,"failureMessages":[],"meta":{},"tags":[]},{"ancestorTitles":["API backoffice/consultores-pf/comissoes — contrato funcional"],"fullName":"API backoffice/consultores-pf/comissoes — contrato funcional calcula comissão com valor string normalizado","status":"passed","title":"calcula comissão com valor string normalizado","duration":1.7356580000000008,"failureMessages":[],"meta":{},"tags":[]},{"ancestorTitles":["API backoffice/consultores-pf/comissoes — contrato funcional"],"fullName":"API backoffice/consultores-pf/comissoes — contrato funcional converte falha de cálculo em 400","status":"passed","title":"converte falha de cálculo em 400","duration":1.3330009999999959,"failureMessages":[],"meta":{},"tags":[]}],"startTime":1787795121213,"endTime":1787795121229.333,"status":"passed","message":"","name":"/home/ubuntu/mundoas_current_work/apps/web/app/__tests__/backoffice-consultor-pf-comissoes-functional.test.ts"},{"assertionResults":[{"ancestorTitles":["API backoffice/consultores-pf/:id — contrato funcional"],"fullName":"API backoffice/consultores-pf/:id — contrato funcional retorna 401 sem escopo","status":"passed","title":"retorna 401 sem escopo","duration":5.717431000000033,"failureMessages":[],"meta":{},"tags":[]},{"ancestorTitles":["API backoffice/consultores-pf/:id — contrato funcional"],"fullName":"API backoffice/consultores-pf/:id — contrato funcional retorna 404 para consultor de outro backoffice","status":"passed","title":"retorna 404 para consultor de outro backoffice","duration":1.07664299999999,"failureMessages":[],"meta":{},"tags":[]},{"ancestorTitles":["API backoffice/consultores-pf/:id — contrato funcional"],"fullName":"API backoffice/consultores-pf/:id — contrato funcional retorna dados públicos do consultor da unidade","status":"passed","title":"retorna dados públicos do consultor da unidade","duration":3.109251000000029,"failureMessages":[],"meta":{},"tags":[]},{"ancestorTitles":["API backoffice/consultores-pf/:id — contrato funcional"],"fullName":"API backoffice/consultores-pf/:id — contrato funcional rejeita atualização com setor inválido","status":"passed","title":"rejeita atualização com setor inválido","duration":2.925482000000045,"failureMessages":[],"meta":{},"tags":[]},{"ancestorTitles":["API backoffice/consultores-pf/:id — contrato funcional"],"fullName":"API backoffice/consultores-pf/:id — contrato funcional atualiza o consultor e desativa em transação no DELETE","status":"passed","title":"atualiza o consultor e desativa em transação no DELETE","duration":3.4045660000000453,"failureMessages":[],"meta":{},"tags":[]}],"startTime":1787795122317,"endTime":1787795122334.4045,"status":"passed","message":"","name":"/home/ubuntu/mundoas_current_work/apps/web/app/__tests__/backoffice-consultor-pf-id-functional.test.ts"},{"assertionResults":[{"ancestorTitles":["API backoffice/equipe — contrato funcional"],"fullName":"API backoffice/equipe — contrato funcional retorna 401 sem escopo","status":"passed","title":"retorna 401 sem escopo","duration":5.521903000000009,"failureMessages":[],"meta":{},"tags":[]},{"ancestorTitles":["API backoffice/equipe — contrato funcional"],"fullName":"API backoffice/equipe — contrato funcional separa lideranças e comerciais na listagem","status":"passed","title":"separa lideranças e comerciais na listagem","duration":3.0483549999999866,"failureMessages":[],"meta":{},"tags":[]},{"ancestorTitles":["API backoffice/equipe — contrato funcional"],"fullName":"API backoffice/equipe — contrato funcional rejeita liderança sem tipo de liderança","status":"passed","title":"rejeita liderança sem tipo de liderança","duration":3.893074999999982,"failureMessages":[],"meta":{},"tags":[]},{"ancestorTitles":["API backoffice/equipe — contrato funcional"],"fullName":"API backoffice/equipe — contrato funcional rejeita email duplicado","status":"passed","title":"rejeita email duplicado","duration":1.7541219999999953,"failureMessages":[],"meta":{},"tags":[]},{"ancestorTitles":["API backoffice/equipe — contrato funcional"],"fullName":"API backoffice/equipe — contrato funcional cria membro e usuário em transação","status":"passed","title":"cria membro e usuário em transação","duration":3.234704000000022,"failureMessages":[],"meta":{},"tags":[]}],"startTime":1787795120751,"endTime":1787795120768.2346,"status":"passed","message":"","name":"/home/ubuntu/mundoas_current_work/apps/web/app/__tests__/backoffice-equipe-functional.test.ts"},{"assertionResults":[{"ancestorTitles":["API backoffice/lembrete-financeiro — contrato funcional"],"fullName":"API backoffice/lembrete-financeiro — contrato funcional retorna 401 sem autenticação","status":"passed","title":"retorna 401 sem autenticação","duration":36.403884000000005,"failureMessages":[],"meta":{},"tags":[]},{"ancestorTitles":["API backoffice/lembrete-financeiro — contrato funcional"],"fullName":"API backoffice/lembrete-financeiro — contrato funcional retorna mostrar=false quando a sessão não possui backoffice","status":"passed","title":"retorna mostrar=false quando a sessão não possui backoffice","duration":2.7354660000000024,"failureMessages":[],"meta":{},"tags":[]},{"ancestorTitles":["API backoffice/lembrete-financeiro — contrato funcional"],"fullName":"API backoffice/lembrete-financeiro — contrato funcional retorna mostrar=false quando a unidade não possui assinatura","status":"passed","title":"retorna mostrar=false quando a unidade não possui assinatura","duration":0.7604980000000126,"failureMessages":[],"meta":{},"tags":[]},{"ancestorTitles":["API backoffice/lembrete-financeiro — contrato funcional"],"fullName":"API backoffice/lembrete-financeiro — contrato funcional retorna mostrar=true enquanto existir fatura pendente (status Pendente no financeiro)","status":"passed","title":"retorna mostrar=true enquanto existir fatura pendente (status Pendente no financeiro)","duration":1.7991569999999797,"failureMessages":[],"meta":{},"tags":[]},{"ancestorTitles":["API backoffice/lembrete-financeiro — contrato funcional"],"fullName":"API backoffice/lembrete-financeiro — contrato funcional retorna mostrar=false quando não há nenhuma fatura pendente","status":"passed","title":"retorna mostrar=false quando não há nenhuma fatura pendente","duration":1.2679329999999993,"failureMessages":[],"meta":{},"tags":[]}],"startTime":1787795114688,"endTime":1787795114731.2678,"status":"passed","message":"","name":"/home/ubuntu/mundoas_current_work/apps/web/app/__tests__/backoffice-lembrete-financeiro-functional.test.ts"},{"assertionResults":[{"ancestorTitles":["API backoffice/liderancas — proxy funcional"],"fullName":"API backoffice/liderancas — proxy funcional retorna 401 sem escopo","status":"passed","title":"retorna 401 sem escopo","duration":5.635401999999999,"failureMessages":[],"meta":{},"tags":[]},{"ancestorTitles":["API backoffice/liderancas — proxy funcional"],"fullName":"API backoffice/liderancas — proxy funcional aplica filtros e retorna contadores no shape legado","status":"passed","title":"aplica filtros e retorna contadores no shape legado","duration":4.932332000000002,"failureMessages":[],"meta":{},"tags":[]},{"ancestorTitles":["API backoffice/liderancas — proxy funcional"],"fullName":"API backoffice/liderancas — proxy funcional adapta POST legado de liderança comercial para equipe","status":"passed","title":"adapta POST legado de liderança comercial para equipe","duration":2.405889000000002,"failureMessages":[],"meta":{},"tags":[]}],"startTime":1787795123320,"endTime":1787795123333.406,"status":"passed","message":"","name":"/home/ubuntu/mundoas_current_work/apps/web/app/__tests__/backoffice-liderancas-proxy-functional.test.ts"},{"assertionResults":[{"ancestorTitles":["API - Backoffice Pontos Distribuir","POST /distribuir"],"fullName":"API - Backoffice Pontos Distribuir POST /distribuir deve retornar 401 quando não autenticado","status":"failed","title":"deve retornar 401 quando não autenticado","duration":276.41745199999997,"failureMessages":["PrismaClientInitializationError: \nInvalid `prisma.usuario.create()` invocation in\n/home/ubuntu/mundoas_current_work/apps/web/app/__tests__/test-helpers.ts:33:40\n\n  30  * Cria um backoffice de teste com dados únicos\n  31  */\n  32 export async function createTestBackoffice() {\n→ 33   const usuario = await prisma.usuario.create(\nCan't reach database server at `localhost:5432`\n\nPlease make sure your database server is running at `localhost:5432`.\n    at ei.handleRequestError (/home/ubuntu/mundoas_current_work/node_modules/.pnpm/@prisma+client@6.19.2_prisma@6.19.2_typescript@5.9.3__typescript@5.9.3/node_modules/@prisma/client/runtime/library.js:121:7568)\n    at ei.handleAndLogRequestError (/home/ubuntu/mundoas_current_work/node_modules/.pnpm/@prisma+client@6.19.2_prisma@6.19.2_typescript@5.9.3__typescript@5.9.3/node_modules/@prisma/client/runtime/library.js:121:6593)\n    at ei.request (/home/ubuntu/mundoas_current_work/node_modules/.pnpm/@prisma+client@6.19.2_prisma@6.19.2_typescript@5.9.3__typescript@5.9.3/node_modules/@prisma/client/runtime/library.js:121:6300)\n    at a (/home/ubuntu/mundoas_current_work/node_modules/.pnpm/@prisma+client@6.19.2_prisma@6.19.2_typescript@5.9.3__typescript@5.9.3/node_modules/@prisma/client/runtime/library.js:130:9551)\n    at createTestBackoffice (/home/ubuntu/mundoas_current_work/apps/web/app/__tests__/test-helpers.ts:33:19)\n    at /home/ubuntu/mundoas_current_work/apps/web/app/__tests__/backoffice-pontos-distribuir-route.test.ts:48:37"],"meta":{},"tags":[]},{"ancestorTitles":["API - Backoffice Pontos Distribuir","POST /distribuir"],"fullName":"API - Backoffice Pontos Distribuir POST /distribuir deve retornar 400 quando producaoId é obrigatório","status":"failed","title":"deve retornar 400 quando producaoId é obrigatório","duration":264.208391,"failureMessages":["PrismaClientInitializationError: \nInvalid `prisma.usuario.create()` invocation in\n/home/ubuntu/mundoas_current_work/apps/web/app/__tests__/test-helpers.ts:33:40\n\n  30  * Cria um backoffice de teste com dados únicos\n  31  */\n  32 export async function createTestBackoffice() {\n→ 33   const usuario = await prisma.usuario.create(\nCan't reach database server at `localhost:5432`\n\nPlease make sure your database server is running at `localhost:5432`.\n    at ei.handleRequestError (/home/ubuntu/mundoas_current_work/node_modules/.pnpm/@prisma+client@6.19.2_prisma@6.19.2_typescript@5.9.3__typescript@5.9.3/node_modules/@prisma/client/runtime/library.js:121:7568)\n    at ei.handleAndLogRequestError (/home/ubuntu/mundoas_current_work/node_modules/.pnpm/@prisma+client@6.19.2_prisma@6.19.2_typescript@5.9.3__typescript@5.9.3/node_modules/@prisma/client/runtime/library.js:121:6593)\n    at ei.request (/home/ubuntu/mundoas_current_work/node_modules/.pnpm/@prisma+client@6.19.2_prisma@6.19.2_typescript@5.9.3__typescript@5.9.3/node_modules/@prisma/client/runtime/library.js:121:6300)\n    at a (/home/ubuntu/mundoas_current_work/node_modules/.pnpm/@prisma+client@6.19.2_prisma@6.19.2_typescript@5.9.3__typescript@5.9.3/node_modules/@prisma/client/runtime/library.js:130:9551)\n    at createTestBackoffice (/home/ubuntu/mundoas_current_work/apps/web/app/__tests__/test-helpers.ts:33:19)\n    at /home/ubuntu/mundoas_current_work/apps/web/app/__tests__/backoffice-pontos-distribuir-route.test.ts:48:37"],"meta":{},"tags":[]},{"ancestorTitles":["API - Backoffice Pontos Distribuir","POST /distribuir"],"fullName":"API - Backoffice Pontos Distribuir POST /distribuir deve retornar 400 quando produção não existe","status":"failed","title":"deve retornar 400 quando produção não existe","duration":259.71972100000005,"failureMessages":["PrismaClientInitializationError: \nInvalid `prisma.usuario.create()` invocation in\n/home/ubuntu/mundoas_current_work/apps/web/app/__tests__/test-helpers.ts:33:40\n\n  30  * Cria um backoffice de teste com dados únicos\n  31  */\n  32 export async function createTestBackoffice() {\n→ 33   const usuario = await prisma.usuario.create(\nCan't reach database server at `localhost:5432`\n\nPlease make sure your database server is running at `localhost:5432`.\n    at ei.handleRequestError (/home/ubuntu/mundoas_current_work/node_modules/.pnpm/@prisma+client@6.19.2_prisma@6.19.2_typescript@5.9.3__typescript@5.9.3/node_modules/@prisma/client/runtime/library.js:121:7568)\n    at ei.handleAndLogRequestError (/home/ubuntu/mundoas_current_work/node_modules/.pnpm/@prisma+client@6.19.2_prisma@6.19.2_typescript@5.9.3__typescript@5.9.3/node_modules/@prisma/client/runtime/library.js:121:6593)\n    at ei.request (/home/ubuntu/mundoas_current_work/node_modules/.pnpm/@prisma+client@6.19.2_prisma@6.19.2_typescript@5.9.3__typescript@5.9.3/node_modules/@prisma/client/runtime/library.js:121:6300)\n    at a (/home/ubuntu/mundoas_current_work/node_modules/.pnpm/@prisma+client@6.19.2_prisma@6.19.2_typescript@5.9.3__typescript@5.9.3/node_modules/@prisma/client/runtime/library.js:130:9551)\n    at createTestBackoffice (/home/ubuntu/mundoas_current_work/apps/web/app/__tests__/test-helpers.ts:33:19)\n    at /home/ubuntu/mundoas_current_work/apps/web/app/__tests__/backoffice-pontos-distribuir-route.test.ts:48:37"],"meta":{},"tags":[]},{"ancestorTitles":["API - Backoffice Pontos Distribuir","POST /distribuir"],"fullName":"API - Backoffice Pontos Distribuir POST /distribuir deve distribuir pontos e criar movimentação de crédito","status":"failed","title":"deve distribuir pontos e criar movimentação de crédito","duration":260.3752200000001,"failureMessages":["PrismaClientInitializationError: \nInvalid `prisma.usuario.create()` invocation in\n/home/ubuntu/mundoas_current_work/apps/web/app/__tests__/test-helpers.ts:33:40\n\n  30  * Cria um backoffice de teste com dados únicos\n  31  */\n  32 export async function createTestBackoffice() {\n→ 33   const usuario = await prisma.usuario.create(\nCan't reach database server at `localhost:5432`\n\nPlease make sure your database server is running at `localhost:5432`.\n    at ei.handleRequestError (/home/ubuntu/mundoas_current_work/node_modules/.pnpm/@prisma+client@6.19.2_prisma@6.19.2_typescript@5.9.3__typescript@5.9.3/node_modules/@prisma/client/runtime/library.js:121:7568)\n    at ei.handleAndLogRequestError (/home/ubuntu/mundoas_current_work/node_modules/.pnpm/@prisma+client@6.19.2_prisma@6.19.2_typescript@5.9.3__typescript@5.9.3/node_modules/@prisma/client/runtime/library.js:121:6593)\n    at ei.request (/home/ubuntu/mundoas_current_work/node_modules/.pnpm/@prisma+client@6.19.2_prisma@6.19.2_typescript@5.9.3__typescript@5.9.3/node_modules/@prisma/client/runtime/library.js:121:6300)\n    at a (/home/ubuntu/mundoas_current_work/node_modules/.pnpm/@prisma+client@6.19.2_prisma@6.19.2_typescript@5.9.3__typescript@5.9.3/node_modules/@prisma/client/runtime/library.js:130:9551)\n    at createTestBackoffice (/home/ubuntu/mundoas_current_work/apps/web/app/__tests__/test-helpers.ts:33:19)\n    at /home/ubuntu/mundoas_current_work/apps/web/app/__tests__/backoffice-pontos-distribuir-route.test.ts:48:37"],"meta":{},"tags":[]},{"ancestorTitles":["API - Backoffice Pontos Distribuir","POST /distribuir"],"fullName":"API - Backoffice Pontos Distribuir POST /distribuir deve retornar 400 quando pontos já foram distribuídos","status":"failed","title":"deve retornar 400 quando pontos já foram distribuídos","duration":259.94138599999997,"failureMessages":["PrismaClientInitializationError: \nInvalid `prisma.usuario.create()` invocation in\n/home/ubuntu/mundoas_current_work/apps/web/app/__tests__/test-helpers.ts:33:40\n\n  30  * Cria um backoffice de teste com dados únicos\n  31  */\n  32 export async function createTestBackoffice() {\n→ 33   const usuario = await prisma.usuario.create(\nCan't reach database server at `localhost:5432`\n\nPlease make sure your database server is running at `localhost:5432`.\n    at ei.handleRequestError (/home/ubuntu/mundoas_current_work/node_modules/.pnpm/@prisma+client@6.19.2_prisma@6.19.2_typescript@5.9.3__typescript@5.9.3/node_modules/@prisma/client/runtime/library.js:121:7568)\n    at ei.handleAndLogRequestError (/home/ubuntu/mundoas_current_work/node_modules/.pnpm/@prisma+client@6.19.2_prisma@6.19.2_typescript@5.9.3__typescript@5.9.3/node_modules/@prisma/client/runtime/library.js:121:6593)\n    at ei.request (/home/ubuntu/mundoas_current_work/node_modules/.pnpm/@prisma+client@6.19.2_prisma@6.19.2_typescript@5.9.3__typescript@5.9.3/node_modules/@prisma/client/runtime/library.js:121:6300)\n    at a (/home/ubuntu/mundoas_current_work/node_modules/.pnpm/@prisma+client@6.19.2_prisma@6.19.2_typescript@5.9.3__typescript@5.9.3/node_modules/@prisma/client/runtime/library.js:130:9551)\n    at createTestBackoffice (/home/ubuntu/mundoas_current_work/apps/web/app/__tests__/test-helpers.ts:33:19)\n    at /home/ubuntu/mundoas_current_work/apps/web/app/__tests__/backoffice-pontos-distribuir-route.test.ts:48:37"],"meta":{},"tags":[]},{"ancestorTitles":["API - Backoffice Pontos Distribuir","GET /distribuir"],"fullName":"API - Backoffice Pontos Distribuir GET /distribuir deve retornar 401 quando não autenticado","status":"failed","title":"deve retornar 401 quando não autenticado","duration":258.51685099999986,"failureMessages":["PrismaClientInitializationError: \nInvalid `prisma.usuario.create()` invocation in\n/home/ubuntu/mundoas_current_work/apps/web/app/__tests__/test-helpers.ts:33:40\n\n  30  * Cria um backoffice de teste com dados únicos\n  31  */\n  32 export async function createTestBackoffice() {\n→ 33   const usuario = await prisma.usuario.create(\nCan't reach database server at `localhost:5432`\n\nPlease make sure your database server is running at `localhost:5432`.\n    at ei.handleRequestError (/home/ubuntu/mundoas_current_work/node_modules/.pnpm/@prisma+client@6.19.2_prisma@6.19.2_typescript@5.9.3__typescript@5.9.3/node_modules/@prisma/client/runtime/library.js:121:7568)\n    at ei.handleAndLogRequestError (/home/ubuntu/mundoas_current_work/node_modules/.pnpm/@prisma+client@6.19.2_prisma@6.19.2_typescript@5.9.3__typescript@5.9.3/node_modules/@prisma/client/runtime/library.js:121:6593)\n    at ei.request (/home/ubuntu/mundoas_current_work/node_modules/.pnpm/@prisma+client@6.19.2_prisma@6.19.2_typescript@5.9.3__typescript@5.9.3/node_modules/@prisma/client/runtime/library.js:121:6300)\n    at a (/home/ubuntu/mundoas_current_work/node_modules/.pnpm/@prisma+client@6.19.2_prisma@6.19.2_typescript@5.9.3__typescript@5.9.3/node_modules/@prisma/client/runtime/library.js:130:9551)\n    at createTestBackoffice (/home/ubuntu/mundoas_current_work/apps/web/app/__tests__/test-helpers.ts:33:19)\n    at /home/ubuntu/mundoas_current_work/apps/web/app/__tests__/backoffice-pontos-distribuir-route.test.ts:48:37"],"meta":{},"tags":[]},{"ancestorTitles":["API - Backoffice Pontos Distribuir","GET /distribuir"],"fullName":"API - Backoffice Pontos Distribuir GET /distribuir deve retornar 400 quando não há ciclo vigente","status":"failed","title":"deve retornar 400 quando não há ciclo vigente","duration":271.330238,"failureMessages":["PrismaClientInitializationError: \nInvalid `prisma.usuario.create()` invocation in\n/home/ubuntu/mundoas_current_work/apps/web/app/__tests__/test-helpers.ts:33:40\n\n  30  * Cria um backoffice de teste com dados únicos\n  31  */\n  32 export async function createTestBackoffice() {\n→ 33   const usuario = await prisma.usuario.create(\nCan't reach database server at `localhost:5432`\n\nPlease make sure your database server is running at `localhost:5432`.\n    at ei.handleRequestError (/home/ubuntu/mundoas_current_work/node_modules/.pnpm/@prisma+client@6.19.2_prisma@6.19.2_typescript@5.9.3__typescript@5.9.3/node_modules/@prisma/client/runtime/library.js:121:7568)\n    at ei.handleAndLogRequestError (/home/ubuntu/mundoas_current_work/node_modules/.pnpm/@prisma+client@6.19.2_prisma@6.19.2_typescript@5.9.3__typescript@5.9.3/node_modules/@prisma/client/runtime/library.js:121:6593)\n    at ei.request (/home/ubuntu/mundoas_current_work/node_modules/.pnpm/@prisma+client@6.19.2_prisma@6.19.2_typescript@5.9.3__typescript@5.9.3/node_modules/@prisma/client/runtime/library.js:121:6300)\n    at a (/home/ubuntu/mundoas_current_work/node_modules/.pnpm/@prisma+client@6.19.2_prisma@6.19.2_typescript@5.9.3__typescript@5.9.3/node_modules/@prisma/client/runtime/library.js:130:9551)\n    at createTestBackoffice (/home/ubuntu/mundoas_current_work/apps/web/app/__tests__/test-helpers.ts:33:19)\n    at /home/ubuntu/mundoas_current_work/apps/web/app/__tests__/backoffice-pontos-distribuir-route.test.ts:48:37"],"meta":{},"tags":[]},{"ancestorTitles":["API - Backoffice Pontos Distribuir","GET /distribuir"],"fullName":"API - Backoffice Pontos Distribuir GET /distribuir deve listar produções com pontos potenciais","status":"failed","title":"deve listar produções com pontos potenciais","duration":256.1749829999999,"failureMessages":["PrismaClientInitializationError: \nInvalid `prisma.usuario.create()` invocation in\n/home/ubuntu/mundoas_current_work/apps/web/app/__tests__/test-helpers.ts:33:40\n\n  30  * Cria um backoffice de teste com dados únicos\n  31  */\n  32 export async function createTestBackoffice() {\n→ 33   const usuario = await prisma.usuario.create(\nCan't reach database server at `localhost:5432`\n\nPlease make sure your database server is running at `localhost:5432`.\n    at ei.handleRequestError (/home/ubuntu/mundoas_current_work/node_modules/.pnpm/@prisma+client@6.19.2_prisma@6.19.2_typescript@5.9.3__typescript@5.9.3/node_modules/@prisma/client/runtime/library.js:121:7568)\n    at ei.handleAndLogRequestError (/home/ubuntu/mundoas_current_work/node_modules/.pnpm/@prisma+client@6.19.2_prisma@6.19.2_typescript@5.9.3__typescript@5.9.3/node_modules/@prisma/client/runtime/library.js:121:6593)\n    at ei.request (/home/ubuntu/mundoas_current_work/node_modules/.pnpm/@prisma+client@6.19.2_prisma@6.19.2_typescript@5.9.3__typescript@5.9.3/node_modules/@prisma/client/runtime/library.js:121:6300)\n    at a (/home/ubuntu/mundoas_current_work/node_modules/.pnpm/@prisma+client@6.19.2_prisma@6.19.2_typescript@5.9.3__typescript@5.9.3/node_modules/@prisma/client/runtime/library.js:130:9551)\n    at createTestBackoffice (/home/ubuntu/mundoas_current_work/apps/web/app/__tests__/test-helpers.ts:33:19)\n    at /home/ubuntu/mundoas_current_work/apps/web/app/__tests__/backoffice-pontos-distribuir-route.test.ts:48:37"],"meta":{},"tags":[]}],"startTime":1787795077390,"endTime":1787795079498.175,"status":"failed","message":"","name":"/home/ubuntu/mundoas_current_work/apps/web/app/__tests__/backoffice-pontos-distribuir-route.test.ts"},{"assertionResults":[{"ancestorTitles":["API - Backoffice Pontos Distribuir Todos"],"fullName":"API - Backoffice Pontos Distribuir Todos deve retornar 401 quando não autenticado","status":"failed","title":"deve retornar 401 quando não autenticado","duration":311.83176199999997,"failureMessages":["PrismaClientInitializationError: \nInvalid `prisma.usuario.create()` invocation in\n/home/ubuntu/mundoas_current_work/apps/web/app/__tests__/test-helpers.ts:33:40\n\n  30  * Cria um backoffice de teste com dados únicos\n  31  */\n  32 export async function createTestBackoffice() {\n→ 33   const usuario = await prisma.usuario.create(\nCan't reach database server at `localhost:5432`\n\nPlease make sure your database server is running at `localhost:5432`.\n    at ei.handleRequestError (/home/ubuntu/mundoas_current_work/node_modules/.pnpm/@prisma+client@6.19.2_prisma@6.19.2_typescript@5.9.3__typescript@5.9.3/node_modules/@prisma/client/runtime/library.js:121:7568)\n    at ei.handleAndLogRequestError (/home/ubuntu/mundoas_current_work/node_modules/.pnpm/@prisma+client@6.19.2_prisma@6.19.2_typescript@5.9.3__typescript@5.9.3/node_modules/@prisma/client/runtime/library.js:121:6593)\n    at ei.request (/home/ubuntu/mundoas_current_work/node_modules/.pnpm/@prisma+client@6.19.2_prisma@6.19.2_typescript@5.9.3__typescript@5.9.3/node_modules/@prisma/client/runtime/library.js:121:6300)\n    at a (/home/ubuntu/mundoas_current_work/node_modules/.pnpm/@prisma+client@6.19.2_prisma@6.19.2_typescript@5.9.3__typescript@5.9.3/node_modules/@prisma/client/runtime/library.js:130:9551)\n    at createTestBackoffice (/home/ubuntu/mundoas_current_work/apps/web/app/__tests__/test-helpers.ts:33:19)\n    at /home/ubuntu/mundoas_current_work/apps/web/app/__tests__/backoffice-pontos-distribuir-todos-route.test.ts:37:37"],"meta":{},"tags":[]},{"ancestorTitles":["API - Backoffice Pontos Distribuir Todos"],"fullName":"API - Backoffice Pontos Distribuir Todos deve retornar 400 quando não há ciclo vigente","status":"failed","title":"deve retornar 400 quando não há ciclo vigente","duration":302.512689,"failureMessages":["PrismaClientInitializationError: \nInvalid `prisma.usuario.create()` invocation in\n/home/ubuntu/mundoas_current_work/apps/web/app/__tests__/test-helpers.ts:33:40\n\n  30  * Cria um backoffice de teste com dados únicos\n  31  */\n  32 export async function createTestBackoffice() {\n→ 33   const usuario = await prisma.usuario.create(\nCan't reach database server at `localhost:5432`\n\nPlease make sure your database server is running at `localhost:5432`.\n    at ei.handleRequestError (/home/ubuntu/mundoas_current_work/node_modules/.pnpm/@prisma+client@6.19.2_prisma@6.19.2_typescript@5.9.3__typescript@5.9.3/node_modules/@prisma/client/runtime/library.js:121:7568)\n    at ei.handleAndLogRequestError (/home/ubuntu/mundoas_current_work/node_modules/.pnpm/@prisma+client@6.19.2_prisma@6.19.2_typescript@5.9.3__typescript@5.9.3/node_modules/@prisma/client/runtime/library.js:121:6593)\n    at ei.request (/home/ubuntu/mundoas_current_work/node_modules/.pnpm/@prisma+client@6.19.2_prisma@6.19.2_typescript@5.9.3__typescript@5.9.3/node_modules/@prisma/client/runtime/library.js:121:6300)\n    at a (/home/ubuntu/mundoas_current_work/node_modules/.pnpm/@prisma+client@6.19.2_prisma@6.19.2_typescript@5.9.3__typescript@5.9.3/node_modules/@prisma/client/runtime/library.js:130:9551)\n    at createTestBackoffice (/home/ubuntu/mundoas_current_work/apps/web/app/__tests__/test-helpers.ts:33:19)\n    at /home/ubuntu/mundoas_current_work/apps/web/app/__tests__/backoffice-pontos-distribuir-todos-route.test.ts:37:37"],"meta":{},"tags":[]},{"ancestorTitles":["API - Backoffice Pontos Distribuir Todos"],"fullName":"API - Backoffice Pontos Distribuir Todos deve distribuir pontos de todas as produções pendentes de uma vez","status":"failed","title":"deve distribuir pontos de todas as produções pendentes de uma vez","duration":280.157785,"failureMessages":["PrismaClientInitializationError: \nInvalid `prisma.usuario.create()` invocation in\n/home/ubuntu/mundoas_current_work/apps/web/app/__tests__/test-helpers.ts:33:40\n\n  30  * Cria um backoffice de teste com dados únicos\n  31  */\n  32 export async function createTestBackoffice() {\n→ 33   const usuario = await prisma.usuario.create(\nCan't reach database server at `localhost:5432`\n\nPlease make sure your database server is running at `localhost:5432`.\n    at ei.handleRequestError (/home/ubuntu/mundoas_current_work/node_modules/.pnpm/@prisma+client@6.19.2_prisma@6.19.2_typescript@5.9.3__typescript@5.9.3/node_modules/@prisma/client/runtime/library.js:121:7568)\n    at ei.handleAndLogRequestError (/home/ubuntu/mundoas_current_work/node_modules/.pnpm/@prisma+client@6.19.2_prisma@6.19.2_typescript@5.9.3__typescript@5.9.3/node_modules/@prisma/client/runtime/library.js:121:6593)\n    at ei.request (/home/ubuntu/mundoas_current_work/node_modules/.pnpm/@prisma+client@6.19.2_prisma@6.19.2_typescript@5.9.3__typescript@5.9.3/node_modules/@prisma/client/runtime/library.js:121:6300)\n    at a (/home/ubuntu/mundoas_current_work/node_modules/.pnpm/@prisma+client@6.19.2_prisma@6.19.2_typescript@5.9.3__typescript@5.9.3/node_modules/@prisma/client/runtime/library.js:130:9551)\n    at createTestBackoffice (/home/ubuntu/mundoas_current_work/apps/web/app/__tests__/test-helpers.ts:33:19)\n    at /home/ubuntu/mundoas_current_work/apps/web/app/__tests__/backoffice-pontos-distribuir-todos-route.test.ts:37:37"],"meta":{},"tags":[]},{"ancestorTitles":["API - Backoffice Pontos Distribuir Todos"],"fullName":"API - Backoffice Pontos Distribuir Todos deve pular produções já distribuídas e creditar apenas as pendentes","status":"failed","title":"deve pular produções já distribuídas e creditar apenas as pendentes","duration":262.86494100000004,"failureMessages":["PrismaClientInitializationError: \nInvalid `prisma.usuario.create()` invocation in\n/home/ubuntu/mundoas_current_work/apps/web/app/__tests__/test-helpers.ts:33:40\n\n  30  * Cria um backoffice de teste com dados únicos\n  31  */\n  32 export async function createTestBackoffice() {\n→ 33   const usuario = await prisma.usuario.create(\nCan't reach database server at `localhost:5432`\n\nPlease make sure your database server is running at `localhost:5432`.\n    at ei.handleRequestError (/home/ubuntu/mundoas_current_work/node_modules/.pnpm/@prisma+client@6.19.2_prisma@6.19.2_typescript@5.9.3__typescript@5.9.3/node_modules/@prisma/client/runtime/library.js:121:7568)\n    at ei.handleAndLogRequestError (/home/ubuntu/mundoas_current_work/node_modules/.pnpm/@prisma+client@6.19.2_prisma@6.19.2_typescript@5.9.3__typescript@5.9.3/node_modules/@prisma/client/runtime/library.js:121:6593)\n    at ei.request (/home/ubuntu/mundoas_current_work/node_modules/.pnpm/@prisma+client@6.19.2_prisma@6.19.2_typescript@5.9.3__typescript@5.9.3/node_modules/@prisma/client/runtime/library.js:121:6300)\n    at a (/home/ubuntu/mundoas_current_work/node_modules/.pnpm/@prisma+client@6.19.2_prisma@6.19.2_typescript@5.9.3__typescript@5.9.3/node_modules/@prisma/client/runtime/library.js:130:9551)\n    at createTestBackoffice (/home/ubuntu/mundoas_current_work/apps/web/app/__tests__/test-helpers.ts:33:19)\n    at /home/ubuntu/mundoas_current_work/apps/web/app/__tests__/backoffice-pontos-distribuir-todos-route.test.ts:37:37"],"meta":{},"tags":[]},{"ancestorTitles":["API - Backoffice Pontos Distribuir Todos"],"fullName":"API - Backoffice Pontos Distribuir Todos segunda execução não deve duplicar pontos (idempotente)","status":"failed","title":"segunda execução não deve duplicar pontos (idempotente)","duration":270.8311759999999,"failureMessages":["PrismaClientInitializationError: \nInvalid `prisma.usuario.create()` invocation in\n/home/ubuntu/mundoas_current_work/apps/web/app/__tests__/test-helpers.ts:33:40\n\n  30  * Cria um backoffice de teste com dados únicos\n  31  */\n  32 export async function createTestBackoffice() {\n→ 33   const usuario = await prisma.usuario.create(\nCan't reach database server at `localhost:5432`\n\nPlease make sure your database server is running at `localhost:5432`.\n    at ei.handleRequestError (/home/ubuntu/mundoas_current_work/node_modules/.pnpm/@prisma+client@6.19.2_prisma@6.19.2_typescript@5.9.3__typescript@5.9.3/node_modules/@prisma/client/runtime/library.js:121:7568)\n    at ei.handleAndLogRequestError (/home/ubuntu/mundoas_current_work/node_modules/.pnpm/@prisma+client@6.19.2_prisma@6.19.2_typescript@5.9.3__typescript@5.9.3/node_modules/@prisma/client/runtime/library.js:121:6593)\n    at ei.request (/home/ubuntu/mundoas_current_work/node_modules/.pnpm/@prisma+client@6.19.2_prisma@6.19.2_typescript@5.9.3__typescript@5.9.3/node_modules/@prisma/client/runtime/library.js:121:6300)\n    at a (/home/ubuntu/mundoas_current_work/node_modules/.pnpm/@prisma+client@6.19.2_prisma@6.19.2_typescript@5.9.3__typescript@5.9.3/node_modules/@prisma/client/runtime/library.js:130:9551)\n    at createTestBackoffice (/home/ubuntu/mundoas_current_work/apps/web/app/__tests__/test-helpers.ts:33:19)\n    at /home/ubuntu/mundoas_current_work/apps/web/app/__tests__/backoffice-pontos-distribuir-todos-route.test.ts:37:37"],"meta":{},"tags":[]},{"ancestorTitles":["API - Backoffice Pontos Distribuir Todos"],"fullName":"API - Backoffice Pontos Distribuir Todos não deve distribuir produções fora do período de acumulo do ciclo","status":"failed","title":"não deve distribuir produções fora do período de acumulo do ciclo","duration":266.81629399999997,"failureMessages":["PrismaClientInitializationError: \nInvalid `prisma.usuario.create()` invocation in\n/home/ubuntu/mundoas_current_work/apps/web/app/__tests__/test-helpers.ts:33:40\n\n  30  * Cria um backoffice de teste com dados únicos\n  31  */\n  32 export async function createTestBackoffice() {\n→ 33   const usuario = await prisma.usuario.create(\nCan't reach database server at `localhost:5432`\n\nPlease make sure your database server is running at `localhost:5432`.\n    at ei.handleRequestError (/home/ubuntu/mundoas_current_work/node_modules/.pnpm/@prisma+client@6.19.2_prisma@6.19.2_typescript@5.9.3__typescript@5.9.3/node_modules/@prisma/client/runtime/library.js:121:7568)\n    at ei.handleAndLogRequestError (/home/ubuntu/mundoas_current_work/node_modules/.pnpm/@prisma+client@6.19.2_prisma@6.19.2_typescript@5.9.3__typescript@5.9.3/node_modules/@prisma/client/runtime/library.js:121:6593)\n    at ei.request (/home/ubuntu/mundoas_current_work/node_modules/.pnpm/@prisma+client@6.19.2_prisma@6.19.2_typescript@5.9.3__typescript@5.9.3/node_modules/@prisma/client/runtime/library.js:121:6300)\n    at a (/home/ubuntu/mundoas_current_work/node_modules/.pnpm/@prisma+client@6.19.2_prisma@6.19.2_typescript@5.9.3__typescript@5.9.3/node_modules/@prisma/client/runtime/library.js:130:9551)\n    at createTestBackoffice (/home/ubuntu/mundoas_current_work/apps/web/app/__tests__/test-helpers.ts:33:19)\n    at /home/ubuntu/mundoas_current_work/apps/web/app/__tests__/backoffice-pontos-distribuir-todos-route.test.ts:37:37"],"meta":{},"tags":[]},{"ancestorTitles":["API - Backoffice Pontos Distribuir Todos"],"fullName":"API - Backoffice Pontos Distribuir Todos deve registrar erro para produção com valor total zero e seguir com as demais","status":"failed","title":"deve registrar erro para produção com valor total zero e seguir com as demais","duration":268.50891999999976,"failureMessages":["PrismaClientInitializationError: \nInvalid `prisma.usuario.create()` invocation in\n/home/ubuntu/mundoas_current_work/apps/web/app/__tests__/test-helpers.ts:33:40\n\n  30  * Cria um backoffice de teste com dados únicos\n  31  */\n  32 export async function createTestBackoffice() {\n→ 33   const usuario = await prisma.usuario.create(\nCan't reach database server at `localhost:5432`\n\nPlease make sure your database server is running at `localhost:5432`.\n    at ei.handleRequestError (/home/ubuntu/mundoas_current_work/node_modules/.pnpm/@prisma+client@6.19.2_prisma@6.19.2_typescript@5.9.3__typescript@5.9.3/node_modules/@prisma/client/runtime/library.js:121:7568)\n    at ei.handleAndLogRequestError (/home/ubuntu/mundoas_current_work/node_modules/.pnpm/@prisma+client@6.19.2_prisma@6.19.2_typescript@5.9.3__typescript@5.9.3/node_modules/@prisma/client/runtime/library.js:121:6593)\n    at ei.request (/home/ubuntu/mundoas_current_work/node_modules/.pnpm/@prisma+client@6.19.2_prisma@6.19.2_typescript@5.9.3__typescript@5.9.3/node_modules/@prisma/client/runtime/library.js:121:6300)\n    at a (/home/ubuntu/mundoas_current_work/node_modules/.pnpm/@prisma+client@6.19.2_prisma@6.19.2_typescript@5.9.3__typescript@5.9.3/node_modules/@prisma/client/runtime/library.js:130:9551)\n    at createTestBackoffice (/home/ubuntu/mundoas_current_work/apps/web/app/__tests__/test-helpers.ts:33:19)\n    at /home/ubuntu/mundoas_current_work/apps/web/app/__tests__/backoffice-pontos-distribuir-todos-route.test.ts:37:37"],"meta":{},"tags":[]}],"startTime":1787795086171,"endTime":1787795088135.509,"status":"failed","message":"","name":"/home/ubuntu/mundoas_current_work/apps/web/app/__tests__/backoffice-pontos-distribuir-todos-route.test.ts"},{"assertionResults":[{"ancestorTitles":["ParceirosPontos - clientes indicados (expansão do parceiro)"],"fullName":"ParceirosPontos - clientes indicados (expansão do parceiro) não exibe a coluna Telefone na tabela de clientes indicados","status":"passed","title":"não exibe a coluna Telefone na tabela de clientes indicados","duration":231.04487599999993,"failureMessages":[],"meta":{},"tags":[]},{"ancestorTitles":["ParceirosPontos - clientes indicados (expansão do parceiro)"],"fullName":"ParceirosPontos - clientes indicados (expansão do parceiro) exibe os dados do indicado sem telefone","status":"passed","title":"exibe os dados do indicado sem telefone","duration":54.974148000000014,"failureMessages":[],"meta":{},"tags":[]}],"startTime":1787795105300,"endTime":1787795105586.974,"status":"passed","message":"","name":"/home/ubuntu/mundoas_current_work/apps/web/app/__tests__/backoffice-pontos-parceiros-indicados.test.tsx"},{"assertionResults":[{"ancestorTitles":["API - Backoffice Pontos Ranking","GET /api/v1/backoffice/pontos/ranking"],"fullName":"API - Backoffice Pontos Ranking GET /api/v1/backoffice/pontos/ranking deve retornar 401 quando usuário não está autenticado","status":"failed","title":"deve retornar 401 quando usuário não está autenticado","duration":98.57436599999997,"failureMessages":["PrismaClientInitializationError: \nInvalid `prisma.usuario.create()` invocation in\n/home/ubuntu/mundoas_current_work/apps/web/app/__tests__/test-helpers.ts:33:40\n\n  30  * Cria um backoffice de teste com dados únicos\n  31  */\n  32 export async function createTestBackoffice() {\n→ 33   const usuario = await prisma.usuario.create(\nCan't reach database server at `localhost:5432`\n\nPlease make sure your database server is running at `localhost:5432`.\n    at ei.handleRequestError (/home/ubuntu/mundoas_current_work/node_modules/.pnpm/@prisma+client@6.19.2_prisma@6.19.2_typescript@5.9.3__typescript@5.9.3/node_modules/@prisma/client/runtime/library.js:121:7568)\n    at ei.handleAndLogRequestError (/home/ubuntu/mundoas_current_work/node_modules/.pnpm/@prisma+client@6.19.2_prisma@6.19.2_typescript@5.9.3__typescript@5.9.3/node_modules/@prisma/client/runtime/library.js:121:6593)\n    at ei.request (/home/ubuntu/mundoas_current_work/node_modules/.pnpm/@prisma+client@6.19.2_prisma@6.19.2_typescript@5.9.3__typescript@5.9.3/node_modules/@prisma/client/runtime/library.js:121:6300)\n    at a (/home/ubuntu/mundoas_current_work/node_modules/.pnpm/@prisma+client@6.19.2_prisma@6.19.2_typescript@5.9.3__typescript@5.9.3/node_modules/@prisma/client/runtime/library.js:130:9551)\n    at createTestBackoffice (/home/ubuntu/mundoas_current_work/apps/web/app/__tests__/test-helpers.ts:33:19)\n    at /home/ubuntu/mundoas_current_work/apps/web/app/__tests__/backoffice-pontos-ranking.test.ts:37:37","PrismaClientInitializationError: \nInvalid `prisma.cicloPontos.deleteMany()` invocation in\n/home/ubuntu/mundoas_current_work/apps/web/app/__tests__/backoffice-pontos-ranking.test.ts:88:30\n\n  85     where: { cicloPontosId: { in: cicloIdsToClean } },\n  86   });\n  87 }\n→ 88 await prisma.cicloPontos.deleteMany(\nCan't reach database server at `localhost:5432`\n\nPlease make sure your database server is running at `localhost:5432`.\n    at ei.handleRequestError (/home/ubuntu/mundoas_current_work/node_modules/.pnpm/@prisma+client@6.19.2_prisma@6.19.2_typescript@5.9.3__typescript@5.9.3/node_modules/@prisma/client/runtime/library.js:121:7568)\n    at ei.handleAndLogRequestError (/home/ubuntu/mundoas_current_work/node_modules/.pnpm/@prisma+client@6.19.2_prisma@6.19.2_typescript@5.9.3__typescript@5.9.3/node_modules/@prisma/client/runtime/library.js:121:6593)\n    at ei.request (/home/ubuntu/mundoas_current_work/node_modules/.pnpm/@prisma+client@6.19.2_prisma@6.19.2_typescript@5.9.3__typescript@5.9.3/node_modules/@prisma/client/runtime/library.js:121:6300)\n    at a (/home/ubuntu/mundoas_current_work/node_modules/.pnpm/@prisma+client@6.19.2_prisma@6.19.2_typescript@5.9.3__typescript@5.9.3/node_modules/@prisma/client/runtime/library.js:130:9551)\n    at /home/ubuntu/mundoas_current_work/apps/web/app/__tests__/backoffice-pontos-ranking.test.ts:88:5"],"meta":{},"tags":[]},{"ancestorTitles":["API - Backoffice Pontos Ranking","GET /api/v1/backoffice/pontos/ranking"],"fullName":"API - Backoffice Pontos Ranking GET /api/v1/backoffice/pontos/ranking deve retornar 403 quando usuário não é BACKOFFICE","status":"failed","title":"deve retornar 403 quando usuário não é BACKOFFICE","duration":87.30028600000003,"failureMessages":["PrismaClientInitializationError: \nInvalid `prisma.usuario.create()` invocation in\n/home/ubuntu/mundoas_current_work/apps/web/app/__tests__/test-helpers.ts:33:40\n\n  30  * Cria um backoffice de teste com dados únicos\n  31  */\n  32 export async function createTestBackoffice() {\n→ 33   const usuario = await prisma.usuario.create(\nCan't reach database server at `localhost:5432`\n\nPlease make sure your database server is running at `localhost:5432`.\n    at ei.handleRequestError (/home/ubuntu/mundoas_current_work/node_modules/.pnpm/@prisma+client@6.19.2_prisma@6.19.2_typescript@5.9.3__typescript@5.9.3/node_modules/@prisma/client/runtime/library.js:121:7568)\n    at ei.handleAndLogRequestError (/home/ubuntu/mundoas_current_work/node_modules/.pnpm/@prisma+client@6.19.2_prisma@6.19.2_typescript@5.9.3__typescript@5.9.3/node_modules/@prisma/client/runtime/library.js:121:6593)\n    at ei.request (/home/ubuntu/mundoas_current_work/node_modules/.pnpm/@prisma+client@6.19.2_prisma@6.19.2_typescript@5.9.3__typescript@5.9.3/node_modules/@prisma/client/runtime/library.js:121:6300)\n    at a (/home/ubuntu/mundoas_current_work/node_modules/.pnpm/@prisma+client@6.19.2_prisma@6.19.2_typescript@5.9.3__typescript@5.9.3/node_modules/@prisma/client/runtime/library.js:130:9551)\n    at createTestBackoffice (/home/ubuntu/mundoas_current_work/apps/web/app/__tests__/test-helpers.ts:33:19)\n    at /home/ubuntu/mundoas_current_work/apps/web/app/__tests__/backoffice-pontos-ranking.test.ts:37:37","PrismaClientInitializationError: \nInvalid `prisma.cicloPontos.deleteMany()` invocation in\n/home/ubuntu/mundoas_current_work/apps/web/app/__tests__/backoffice-pontos-ranking.test.ts:88:30\n\n  85     where: { cicloPontosId: { in: cicloIdsToClean } },\n  86   });\n  87 }\n→ 88 await prisma.cicloPontos.deleteMany(\nCan't reach database server at `localhost:5432`\n\nPlease make sure your database server is running at `localhost:5432`.\n    at ei.handleRequestError (/home/ubuntu/mundoas_current_work/node_modules/.pnpm/@prisma+client@6.19.2_prisma@6.19.2_typescript@5.9.3__typescript@5.9.3/node_modules/@prisma/client/runtime/library.js:121:7568)\n    at ei.handleAndLogRequestError (/home/ubuntu/mundoas_current_work/node_modules/.pnpm/@prisma+client@6.19.2_prisma@6.19.2_typescript@5.9.3__typescript@5.9.3/node_modules/@prisma/client/runtime/library.js:121:6593)\n    at ei.request (/home/ubuntu/mundoas_current_work/node_modules/.pnpm/@prisma+client@6.19.2_prisma@6.19.2_typescript@5.9.3__typescript@5.9.3/node_modules/@prisma/client/runtime/library.js:121:6300)\n    at a (/home/ubuntu/mundoas_current_work/node_modules/.pnpm/@prisma+client@6.19.2_prisma@6.19.2_typescript@5.9.3__typescript@5.9.3/node_modules/@prisma/client/runtime/library.js:130:9551)\n    at /home/ubuntu/mundoas_current_work/apps/web/app/__tests__/backoffice-pontos-ranking.test.ts:88:5"],"meta":{},"tags":[]},{"ancestorTitles":["API - Backoffice Pontos Ranking","GET /api/v1/backoffice/pontos/ranking"],"fullName":"API - Backoffice Pontos Ranking GET /api/v1/backoffice/pontos/ranking deve retornar 400 quando não há ciclo vigente","status":"failed","title":"deve retornar 400 quando não há ciclo vigente","duration":84.808041,"failureMessages":["PrismaClientInitializationError: \nInvalid `prisma.usuario.create()` invocation in\n/home/ubuntu/mundoas_current_work/apps/web/app/__tests__/test-helpers.ts:33:40\n\n  30  * Cria um backoffice de teste com dados únicos\n  31  */\n  32 export async function createTestBackoffice() {\n→ 33   const usuario = await prisma.usuario.create(\nCan't reach database server at `localhost:5432`\n\nPlease make sure your database server is running at `localhost:5432`.\n    at ei.handleRequestError (/home/ubuntu/mundoas_current_work/node_modules/.pnpm/@prisma+client@6.19.2_prisma@6.19.2_typescript@5.9.3__typescript@5.9.3/node_modules/@prisma/client/runtime/library.js:121:7568)\n    at ei.handleAndLogRequestError (/home/ubuntu/mundoas_current_work/node_modules/.pnpm/@prisma+client@6.19.2_prisma@6.19.2_typescript@5.9.3__typescript@5.9.3/node_modules/@prisma/client/runtime/library.js:121:6593)\n    at ei.request (/home/ubuntu/mundoas_current_work/node_modules/.pnpm/@prisma+client@6.19.2_prisma@6.19.2_typescript@5.9.3__typescript@5.9.3/node_modules/@prisma/client/runtime/library.js:121:6300)\n    at a (/home/ubuntu/mundoas_current_work/node_modules/.pnpm/@prisma+client@6.19.2_prisma@6.19.2_typescript@5.9.3__typescript@5.9.3/node_modules/@prisma/client/runtime/library.js:130:9
[...]
ation":2.0177639999999997,"failureMessages":[],"meta":{},"tags":[]}],"startTime":1787795139882,"endTime":1787795139884.0178,"status":"passed","message":"","name":"/home/ubuntu/mundoas_current_work/apps/web/app/__tests__/app/api/v1/backoffice/parceiros/reactivate/route.test.ts"},{"assertionResults":[{"ancestorTitles":["API route"],"fullName":"API route rota alterada existe","status":"passed","title":"rota alterada existe","duration":1.5680590000000052,"failureMessages":[],"meta":{},"tags":[]}],"startTime":1787795145144,"endTime":1787795145145.568,"status":"passed","message":"","name":"/home/ubuntu/mundoas_current_work/apps/web/app/__tests__/app/api/v1/backoffice/pontos/ciclos/route.test.ts"},{"assertionResults":[{"ancestorTitles":["API route"],"fullName":"API route rota alterada existe","status":"passed","title":"rota alterada existe","duration":2.3042700000000025,"failureMessages":[],"meta":{},"tags":[]}],"startTime":1787795153537,"endTime":1787795153539.3042,"status":"passed","message":"","name":"/home/ubuntu/mundoas_current_work/apps/web/app/__tests__/app/api/v1/backoffice/pontos/configuracao/route.test.ts"},{"assertionResults":[{"ancestorTitles":["API route"],"fullName":"API route rota alterada existe","status":"passed","title":"rota alterada existe","duration":1.606948999999986,"failureMessages":[],"meta":{},"tags":[]}],"startTime":1787795147010,"endTime":1787795147011.607,"status":"passed","message":"","name":"/home/ubuntu/mundoas_current_work/apps/web/app/__tests__/app/api/v1/backoffice/metas-vendas/auditoria-realizado/route.test.ts"},{"assertionResults":[{"ancestorTitles":["API route"],"fullName":"API route rota alterada existe","status":"passed","title":"rota alterada existe","duration":1.9298489999999902,"failureMessages":[],"meta":{},"tags":[]}],"startTime":1787795138074,"endTime":1787795138075.93,"status":"passed","message":"","name":"/home/ubuntu/mundoas_current_work/apps/web/app/__tests__/app/api/v1/backoffice/pontos/premios/route.test.ts"},{"assertionResults":[{"ancestorTitles":["API route"],"fullName":"API route rota alterada existe","status":"passed","title":"rota alterada existe","duration":1.6695660000000032,"failureMessages":[],"meta":{},"tags":[]}],"startTime":1787795144597,"endTime":1787795144598.6697,"status":"passed","message":"","name":"/home/ubuntu/mundoas_current_work/apps/web/app/__tests__/app/api/v1/backoffice/pontos/distribuir/route.test.ts"},{"assertionResults":[{"ancestorTitles":["API route"],"fullName":"API route rota alterada existe","status":"passed","title":"rota alterada existe","duration":1.952606000000003,"failureMessages":[],"meta":{},"tags":[]}],"startTime":1787795134928,"endTime":1787795134929.9526,"status":"passed","message":"","name":"/home/ubuntu/mundoas_current_work/apps/web/app/__tests__/app/api/v1/backoffice/uploads/id/route.test.ts"},{"assertionResults":[{"ancestorTitles":["API route"],"fullName":"API route rota alterada existe","status":"passed","title":"rota alterada existe","duration":1.9492620000000045,"failureMessages":[],"meta":{},"tags":[]}],"startTime":1787795146445,"endTime":1787795146446.9492,"status":"passed","message":"","name":"/home/ubuntu/mundoas_current_work/apps/web/app/__tests__/app/api/v1/backoffice/uploads/preview/route.test.ts"},{"assertionResults":[{"ancestorTitles":["API route"],"fullName":"API route rota alterada existe","status":"passed","title":"rota alterada existe","duration":1.519957000000005,"failureMessages":[],"meta":{},"tags":[]}],"startTime":1787795150739,"endTime":1787795150740.52,"status":"passed","message":"","name":"/home/ubuntu/mundoas_current_work/apps/web/app/__tests__/app/api/v1/backoffice/pontos/resgates/route.test.ts"},{"assertionResults":[{"ancestorTitles":["API route"],"fullName":"API route rota alterada existe","status":"passed","title":"rota alterada existe","duration":1.899768999999992,"failureMessages":[],"meta":{},"tags":[]}],"startTime":1787795141145,"endTime":1787795141146.8997,"status":"passed","message":"","name":"/home/ubuntu/mundoas_current_work/apps/web/app/__tests__/app/api/v1/parceiro/indicados/check-cpf/route.test.ts"},{"assertionResults":[{"ancestorTitles":["API route"],"fullName":"API route rota alterada existe","status":"passed","title":"rota alterada existe","duration":1.8693680000000086,"failureMessages":[],"meta":{},"tags":[]}],"startTime":1787795154082,"endTime":1787795154083.8694,"status":"passed","message":"","name":"/home/ubuntu/mundoas_current_work/apps/web/app/__tests__/app/api/v1/backoffice/pontos/ranking/route.test.ts"},{"assertionResults":[{"ancestorTitles":["API route"],"fullName":"API route rota alterada existe","status":"passed","title":"rota alterada existe","duration":2.0155090000000087,"failureMessages":[],"meta":{},"tags":[]}],"startTime":1787795140605,"endTime":1787795140607.0156,"status":"passed","message":"","name":"/home/ubuntu/mundoas_current_work/apps/web/app/__tests__/app/api/v1/parceiro/pontos/extrato/route.test.ts"},{"assertionResults":[{"ancestorTitles":["API route"],"fullName":"API route rota alterada existe","status":"passed","title":"rota alterada existe","duration":1.839332000000013,"failureMessages":[],"meta":{},"tags":[]}],"startTime":1787795147729,"endTime":1787795147730.8394,"status":"passed","message":"","name":"/home/ubuntu/mundoas_current_work/apps/web/app/__tests__/app/api/v1/parceiro/pontos/carteira/route.test.ts"},{"assertionResults":[{"ancestorTitles":["API route"],"fullName":"API route rota alterada existe","status":"passed","title":"rota alterada existe","duration":1.8079180000000008,"failureMessages":[],"meta":{},"tags":[]}],"startTime":1787795147190,"endTime":1787795147191.8079,"status":"passed","message":"","name":"/home/ubuntu/mundoas_current_work/apps/web/app/__tests__/app/api/v1/parceiro/pontos/premios/route.test.ts"},{"assertionResults":[{"ancestorTitles":["API route"],"fullName":"API route rota alterada existe","status":"passed","title":"rota alterada existe","duration":1.734168000000011,"failureMessages":[],"meta":{},"tags":[]}],"startTime":1787795152783,"endTime":1787795152784.7341,"status":"passed","message":"","name":"/home/ubuntu/mundoas_current_work/apps/web/app/__tests__/app/api/v1/comercial/minha-comissao/comissoes/route.test.ts"},{"assertionResults":[{"ancestorTitles":["API route"],"fullName":"API route rota alterada existe","status":"passed","title":"rota alterada existe","duration":1.736235999999991,"failureMessages":[],"meta":{},"tags":[]}],"startTime":1787795139701,"endTime":1787795139702.7363,"status":"passed","message":"","name":"/home/ubuntu/mundoas_current_work/apps/web/app/__tests__/app/api/v1/parceiro/pontos/resgates/route.test.ts"},{"assertionResults":[{"ancestorTitles":["API route"],"fullName":"API route rota alterada existe","status":"passed","title":"rota alterada existe","duration":1.7283359999999846,"failureMessages":[],"meta":{},"tags":[]}],"startTime":1787795146266,"endTime":1787795146267.7283,"status":"passed","message":"","name":"/home/ubuntu/mundoas_current_work/apps/web/app/__tests__/app/api/v1/parceiro/pontos/preferencia-ciclo/route.test.ts"},{"assertionResults":[{"ancestorTitles":["API route"],"fullName":"API route rota alterada existe","status":"passed","title":"rota alterada existe","duration":1.53681899999998,"failureMessages":[],"meta":{},"tags":[]}],"startTime":1787795146827,"endTime":1787795146828.5369,"status":"passed","message":"","name":"/home/ubuntu/mundoas_current_work/apps/web/app/__tests__/app/api/v1/admin/backoffices/id/assinatura/route.test.ts"},{"assertionResults":[{"ancestorTitles":["API route"],"fullName":"API route rota alterada existe","status":"passed","title":"rota alterada existe","duration":2.2696719999999857,"failureMessages":[],"meta":{},"tags":[]}],"startTime":1787795138435,"endTime":1787795138437.2698,"status":"passed","message":"","name":"/home/ubuntu/mundoas_current_work/apps/web/app/__tests__/app/api/v1/admin/backoffices/id/faturas/route.test.ts"},{"assertionResults":[{"ancestorTitles":["API route"],"fullName":"API route rota alterada existe","status":"passed","title":"rota alterada existe","duration":1.5852749999999958,"failureMessages":[],"meta":{},"tags":[]}],"startTime":1787795145883,"endTime":1787795145884.5852,"status":"passed","message":"","name":"/home/ubuntu/mundoas_current_work/apps/web/app/__tests__/app/api/v1/parceiro/pontos/ranking/route.test.ts"},{"assertionResults":[{"ancestorTitles":["GET /api/v1/admin/usuarios/[id]/delete-info"],"fullName":"GET /api/v1/admin/usuarios/[id]/delete-info retorna 401 e não consulta Prisma sem administrador","status":"passed","title":"retorna 401 e não consulta Prisma sem administrador","duration":6.169637000000023,"failureMessages":[],"meta":{},"tags":[]},{"ancestorTitles":["GET /api/v1/admin/usuarios/[id]/delete-info"],"fullName":"GET /api/v1/admin/usuarios/[id]/delete-info retorna a quantidade de comissões do Consultor PF","status":"passed","title":"retorna a quantidade de comissões do Consultor PF","duration":4.309988000000004,"failureMessages":[],"meta":{},"tags":[]},{"ancestorTitles":["GET /api/v1/admin/usuarios/[id]/delete-info"],"fullName":"GET /api/v1/admin/usuarios/[id]/delete-info retorna zero quando o usuário não é Consultor PF","status":"passed","title":"retorna zero quando o usuário não é Consultor PF","duration":1.3260999999999967,"failureMessages":[],"meta":{},"tags":[]},{"ancestorTitles":["GET /api/v1/admin/usuarios/[id]/delete-info"],"fullName":"GET /api/v1/admin/usuarios/[id]/delete-info rejeita tipos de usuário que a tela não suporta","status":"passed","title":"rejeita tipos de usuário que a tela não suporta","duration":1.4591289999999901,"failureMessages":[],"meta":{},"tags":[]}],"startTime":1787795125118,"endTime":1787795125131.4592,"status":"passed","message":"","name":"/home/ubuntu/mundoas_current_work/apps/web/app/__tests__/app/api/v1/admin/usuarios/id/delete-info/route.test.ts"},{"assertionResults":[{"ancestorTitles":["API route"],"fullName":"API route rota alterada existe","status":"passed","title":"rota alterada existe","duration":1.5873220000000003,"failureMessages":[],"meta":{},"tags":[]}],"startTime":1787795147555,"endTime":1787795147556.5874,"status":"passed","message":"","name":"/home/ubuntu/mundoas_current_work/apps/web/app/__tests__/app/api/v1/admin/usuarios/id/reset-password/route.test.ts"},{"assertionResults":[{"ancestorTitles":["API route"],"fullName":"API route rota alterada existe","status":"passed","title":"rota alterada existe","duration":1.5928559999999834,"failureMessages":[],"meta":{},"tags":[]}],"startTime":1787795139522,"endTime":1787795139523.5928,"status":"passed","message":"","name":"/home/ubuntu/mundoas_current_work/apps/web/app/__tests__/app/api/v1/lideranca/consultores-pf/id/route.test.ts"},{"assertionResults":[{"ancestorTitles":["API route"],"fullName":"API route rota alterada existe","status":"passed","title":"rota alterada existe","duration":1.5840590000000248,"failureMessages":[],"meta":{},"tags":[]}],"startTime":1787795149420,"endTime":1787795149421.584,"status":"passed","message":"","name":"/home/ubuntu/mundoas_current_work/apps/web/app/__tests__/app/api/v1/lideranca/equipe/importar/route.test.ts"},{"assertionResults":[{"ancestorTitles":["API route"],"fullName":"API route rota alterada existe","status":"passed","title":"rota alterada existe","duration":2.0419650000000047,"failureMessages":[],"meta":{},"tags":[]}],"startTime":1787795152972,"endTime":1787795152974.042,"status":"passed","message":"","name":"/home/ubuntu/mundoas_current_work/apps/web/app/__tests__/app/api/v1/lideranca/consultores-pf/producao/route.test.ts"},{"assertionResults":[{"ancestorTitles":["API backoffice/comissionamento/validacao/[mesReferencia] — produção real de consultores PF"],"fullName":"API backoffice/comissionamento/validacao/[mesReferencia] — produção real de consultores PF retorna 401 sem escopo de backoffice","status":"passed","title":"retorna 401 sem escopo de backoffice","duration":6.560305000000028,"failureMessages":[],"meta":{},"tags":[]},{"ancestorTitles":["API backoffice/comissionamento/validacao/[mesReferencia] — produção real de consultores PF"],"fullName":"API backoffice/comissionamento/validacao/[mesReferencia] — produção real de consultores PF retorna 404 para mesReferencia inválido","status":"passed","title":"retorna 404 para mesReferencia inválido","duration":1.1955130000000054,"failureMessages":[],"meta":{},"tags":[]},{"ancestorTitles":["API backoffice/comissionamento/validacao/[mesReferencia] — produção real de consultores PF"],"fullName":"API backoffice/comissionamento/validacao/[mesReferencia] — produção real de consultores PF usa a regra personalizada da liderança para calcular a projeção","status":"passed","title":"usa a regra personalizada da liderança para calcular a projeção","duration":5.07817,"failureMessages":[],"meta":{},"tags":[]},{"ancestorTitles":["API backoffice/comissionamento/validacao/[mesReferencia] — produção real de consultores PF"],"fullName":"API backoffice/comissionamento/validacao/[mesReferencia] — produção real de consultores PF usa produção real (valorTotal dos procedimentos) para consultores PF em vez de meta.valorAtingido","status":"passed","title":"usa produção real (valorTotal dos procedimentos) para consultores PF em vez de meta.valorAtingido","duration":1.9397849999999721,"failureMessages":[],"meta":{},"tags":[]}],"startTime":1787795123055,"endTime":1787795123069.9397,"status":"passed","message":"","name":"/home/ubuntu/mundoas_current_work/apps/web/app/__tests__/app/api/v1/backoffice/comissionamento/validacao/mesReferencia/route.test.ts"},{"assertionResults":[{"ancestorTitles":["API route"],"fullName":"API route rota alterada existe","status":"passed","title":"rota alterada existe","duration":1.6239850000000047,"failureMessages":[],"meta":{},"tags":[]}],"startTime":1787795155175,"endTime":1787795155176.624,"status":"passed","message":"","name":"/home/ubuntu/mundoas_current_work/apps/web/app/__tests__/app/api/v1/backoffice/equipe/id/equipe/route.test.ts"},{"assertionResults":[{"ancestorTitles":["API route"],"fullName":"API route rota alterada existe","status":"passed","title":"rota alterada existe","duration":1.8748980000000017,"failureMessages":[],"meta":{},"tags":[]}],"startTime":1787795153718,"endTime":1787795153719.875,"status":"passed","message":"","name":"/home/ubuntu/mundoas_current_work/apps/web/app/__tests__/app/api/v1/backoffice/comerciais/id/comissoes/route.test.ts"},{"assertionResults":[{"ancestorTitles":["API route"],"fullName":"API route rota alterada existe","status":"passed","title":"rota alterada existe","duration":2.027803000000006,"failureMessages":[],"meta":{},"tags":[]}],"startTime":1787795134567,"endTime":1787795134569.0278,"status":"passed","message":"","name":"/home/ubuntu/mundoas_current_work/apps/web/app/__tests__/app/api/v1/backoffice/comerciais/id/metas/route.test.ts"},{"assertionResults":[{"ancestorTitles":["API route"],"fullName":"API route rota alterada existe","status":"passed","title":"rota alterada existe","duration":1.6926559999999995,"failureMessages":[],"meta":{},"tags":[]}],"startTime":1787795145508,"endTime":1787795145509.6926,"status":"passed","message":"","name":"/home/ubuntu/mundoas_current_work/apps/web/app/__tests__/app/api/v1/backoffice/equipe/id/comissoes/route.test.ts"},{"assertionResults":[{"ancestorTitles":["API route"],"fullName":"API route rota alterada existe","status":"passed","title":"rota alterada existe","duration":1.8491820000000132,"failureMessages":[],"meta":{},"tags":[]}],"startTime":1787795140245,"endTime":1787795140246.849,"status":"passed","message":"","name":"/home/ubuntu/mundoas_current_work/apps/web/app/__tests__/app/api/v1/backoffice/equipe/id/metas/route.test.ts"},{"assertionResults":[{"ancestorTitles":["API route"],"fullName":"API route rota alterada existe","status":"passed","title":"rota alterada existe","duration":1.8323800000000006,"failureMessages":[],"meta":{},"tags":[]}],"startTime":1787795154809,"endTime":1787795154810.8323,"status":"passed","message":"","name":"/home/ubuntu/mundoas_current_work/apps/web/app/__tests__/app/api/v1/backoffice/liderancas/id/equipe/route.test.ts"},{"assertionResults":[{"ancestorTitles":["API route"],"fullName":"API route rota alterada existe","status":"passed","title":"rota alterada existe","duration":1.8277989999999988,"failureMessages":[],"meta":{},"tags":[]}],"startTime":1787795139341,"endTime":1787795139342.828,"status":"passed","message":"","name":"/home/ubuntu/mundoas_current_work/apps/web/app/__tests__/app/api/v1/backoffice/pontos/resgates/id/route.test.ts"},{"assertionResults":[{"ancestorTitles":["API route"],"fullName":"API route rota alterada existe","status":"passed","title":"rota alterada existe","duration":1.8311569999999904,"failureMessages":[],"meta":{},"tags":[]}],"startTime":1787795143685,"endTime":1787795143686.831,"status":"passed","message":"","name":"/home/ubuntu/mundoas_current_work/apps/web/app/__tests__/app/api/v1/parceiro/pontos/resgates/id/route.test.ts"},{"assertionResults":[{"ancestorTitles":["API route"],"fullName":"API route rota alterada existe","status":"passed","title":"rota alterada existe","duration":1.924256999999983,"failureMessages":[],"meta":{},"tags":[]}],"startTime":1787795149041,"endTime":1787795149042.9243,"status":"passed","message":"","name":"/home/ubuntu/mundoas_current_work/apps/web/app/__tests__/app/api/v1/backoffice/uploads/id/arquivo/route.test.ts"},{"assertionResults":[{"ancestorTitles":["API route"],"fullName":"API route rota alterada existe","status":"passed","title":"rota alterada existe","duration":1.8555729999999926,"failureMessages":[],"meta":{},"tags":[]}],"startTime":1787795142959,"endTime":1787795142960.8555,"status":"passed","message":"","name":"/home/ubuntu/mundoas_current_work/apps/web/app/__tests__/app/api/v1/backoffice/pontos/ciclos/id/route.test.ts"},{"assertionResults":[{"ancestorTitles":["API route"],"fullName":"API route rota alterada existe","status":"passed","title":"rota alterada existe","duration":1.654783999999978,"failureMessages":[],"meta":{},"tags":[]}],"startTime":1787795141504,"endTime":1787795141505.6548,"status":"passed","message":"","name":"/home/ubuntu/mundoas_current_work/apps/web/app/__tests__/app/api/v1/admin/backoffices/id/faturas/faturaId/route.test.ts"},{"assertionResults":[{"ancestorTitles":["API route"],"fullName":"API route rota alterada existe","status":"passed","title":"rota alterada existe","duration":1.5564060000000097,"failureMessages":[],"meta":{},"tags":[]}],"startTime":1787795140425,"endTime":1787795140426.5564,"status":"passed","message":"","name":"/home/ubuntu/mundoas_current_work/apps/web/app/__tests__/app/api/v1/lideranca/consultores-pf/id/comissoes/route.test.ts"},{"assertionResults":[{"ancestorTitles":["API route"],"fullName":"API route rota alterada existe","status":"passed","title":"rota alterada existe","duration":2.0326980000000106,"failureMessages":[],"meta":{},"tags":[]}],"startTime":1787795155542,"endTime":1787795155544.0327,"status":"passed","message":"","name":"/home/ubuntu/mundoas_current_work/apps/web/app/__tests__/app/api/v1/lideranca/consultores-pf/id/metas/route.test.ts"},{"assertionResults":[{"ancestorTitles":["API route"],"fullName":"API route rota alterada existe","status":"passed","title":"rota alterada existe","duration":1.9398750000000007,"failureMessages":[],"meta":{},"tags":[]}],"startTime":1787795134202,"endTime":1787795134203.94,"status":"passed","message":"","name":"/home/ubuntu/mundoas_current_work/apps/web/app/__tests__/app/api/v1/lideranca/consultores-pf/producao/procedimentos/route.test.ts"},{"assertionResults":[{"ancestorTitles":["API route"],"fullName":"API route rota alterada existe","status":"passed","title":"rota alterada existe","duration":1.8735969999999895,"failureMessages":[],"meta":{},"tags":[]}],"startTime":1787795153352,"endTime":1787795153353.8735,"status":"passed","message":"","name":"/home/ubuntu/mundoas_current_work/apps/web/app/__tests__/app/api/v1/lideranca/equipe/consultores-pf/importar/route.test.ts"}]}